<?xml version="1.0" encoding="UTF-8"?>
<testsuites name="jest tests" tests="296" failures="42" errors="0" time="9.485">
  <testsuite name="AdminConfigurationManagement Component" errors="0" failures="0" skipped="20" timestamp="2025-09-23T12:11:00" time="1.246" tests="20">
    <testcase classname="AdminConfigurationManagement Component" name="should render component with loading state initially" time="0">
      <skipped/>
    </testcase>
    <testcase classname="AdminConfigurationManagement Component" name="should load and display scholarship types" time="0">
      <skipped/>
    </testcase>
    <testcase classname="AdminConfigurationManagement Component" name="should display error message when loading scholarship types fails" time="0">
      <skipped/>
    </testcase>
    <testcase classname="AdminConfigurationManagement Component" name="should load configurations when scholarship type is selected" time="0">
      <skipped/>
    </testcase>
    <testcase classname="AdminConfigurationManagement Component" name="should display configurations in table" time="0">
      <skipped/>
    </testcase>
    <testcase classname="AdminConfigurationManagement Component" name="should show empty state when no configurations exist" time="0">
      <skipped/>
    </testcase>
    <testcase classname="AdminConfigurationManagement Component" name="should open create dialog when create button is clicked" time="0">
      <skipped/>
    </testcase>
    <testcase classname="AdminConfigurationManagement Component" name="should create new configuration successfully" time="0">
      <skipped/>
    </testcase>
    <testcase classname="AdminConfigurationManagement Component" name="should handle create configuration error" time="0">
      <skipped/>
    </testcase>
    <testcase classname="AdminConfigurationManagement Component" name="should open edit dialog when edit button is clicked" time="0">
      <skipped/>
    </testcase>
    <testcase classname="AdminConfigurationManagement Component" name="should update configuration successfully" time="0">
      <skipped/>
    </testcase>
    <testcase classname="AdminConfigurationManagement Component" name="should delete configuration successfully" time="0">
      <skipped/>
    </testcase>
    <testcase classname="AdminConfigurationManagement Component" name="should duplicate configuration successfully" time="0">
      <skipped/>
    </testcase>
    <testcase classname="AdminConfigurationManagement Component" name="should filter configurations by academic year" time="0">
      <skipped/>
    </testcase>
    <testcase classname="AdminConfigurationManagement Component" name="should filter configurations by semester" time="0">
      <skipped/>
    </testcase>
    <testcase classname="AdminConfigurationManagement Component" name="should refresh configurations when refresh button is clicked" time="0">
      <skipped/>
    </testcase>
    <testcase classname="AdminConfigurationManagement Component" name="should display active/inactive status correctly" time="0">
      <skipped/>
    </testcase>
    <testcase classname="AdminConfigurationManagement Component" name="should handle API errors gracefully" time="0">
      <skipped/>
    </testcase>
    <testcase classname="AdminConfigurationManagement Component" name="should close error message when X button is clicked" time="0">
      <skipped/>
    </testcase>
    <testcase classname="AdminConfigurationManagement Component" name="should validate form data before submission" time="0">
      <skipped/>
    </testcase>
  </testsuite>
  <testsuite name="EnhancedStudentPortal" errors="0" failures="0" skipped="12" timestamp="2025-09-23T12:11:02" time="0.363" tests="12">
    <testcase classname="EnhancedStudentPortal" name="should render scholarship information" time="0">
      <skipped/>
    </testcase>
    <testcase classname="EnhancedStudentPortal" name="should render scholarship information in Chinese" time="0">
      <skipped/>
    </testcase>
    <testcase classname="EnhancedStudentPortal" name="should show empty state when no applications exist" time="0">
      <skipped/>
    </testcase>
    <testcase classname="EnhancedStudentPortal" name="should display applications when they exist" time="0">
      <skipped/>
    </testcase>
    <testcase classname="EnhancedStudentPortal" name="should show loading state" time="0">
      <skipped/>
    </testcase>
    <testcase classname="EnhancedStudentPortal" name="should show error state" time="0">
      <skipped/>
    </testcase>
    <testcase classname="EnhancedStudentPortal" name="should allow switching to new application tab" time="0">
      <skipped/>
    </testcase>
    <testcase classname="EnhancedStudentPortal" name="should show form fields in new application tab" time="0">
      <skipped/>
    </testcase>
    <testcase classname="EnhancedStudentPortal" name="should show Chinese text when locale is zh" time="0">
      <skipped/>
    </testcase>
    <testcase classname="EnhancedStudentPortal" name="should handle withdraw application action" time="0">
      <skipped/>
    </testcase>
    <testcase classname="EnhancedStudentPortal" name="should show progress timeline for applications" time="0">
      <skipped/>
    </testcase>
    <testcase classname="EnhancedStudentPortal" name="should handle different application statuses" time="0">
      <skipped/>
    </testcase>
  </testsuite>
  <testsuite name="FileUpload Component" errors="0" failures="0" skipped="12" timestamp="2025-09-23T12:11:02" time="0.146" tests="12">
    <testcase classname="FileUpload Component" name="should render upload area correctly" time="0">
      <skipped/>
    </testcase>
    <testcase classname="FileUpload Component" name="should handle file selection via input" time="0">
      <skipped/>
    </testcase>
    <testcase classname="FileUpload Component" name="should reject files that exceed size limit" time="0">
      <skipped/>
    </testcase>
    <testcase classname="FileUpload Component" name="should reject files with invalid types" time="0">
      <skipped/>
    </testcase>
    <testcase classname="FileUpload Component" name="should enforce maximum file count limit" time="0">
      <skipped/>
    </testcase>
    <testcase classname="FileUpload Component" name="should handle drag and drop events" time="0">
      <skipped/>
    </testcase>
    <testcase classname="FileUpload Component" name="should show file upload progress" time="0">
      <skipped/>
    </testcase>
    <testcase classname="FileUpload Component" name="should allow file removal" time="0">
      <skipped/>
    </testcase>
    <testcase classname="FileUpload Component" name="should handle upload errors gracefully" time="0">
      <skipped/>
    </testcase>
    <testcase classname="FileUpload Component" name="should call onFilesChange when files are added" time="0">
      <skipped/>
    </testcase>
    <testcase classname="FileUpload Component" name="should show file preview for images" time="0">
      <skipped/>
    </testcase>
    <testcase classname="FileUpload Component" name="should display file icon for documents" time="0">
      <skipped/>
    </testcase>
  </testsuite>
  <testsuite name="DevLoginPage Component" errors="0" failures="0" skipped="9" timestamp="2025-09-23T12:11:02" time="0.128" tests="9">
    <testcase classname="DevLoginPage Component" name="should render development login interface correctly" time="0">
      <skipped/>
    </testcase>
    <testcase classname="DevLoginPage Component" name="should display all mock users with correct roles" time="0">
      <skipped/>
    </testcase>
    <testcase classname="DevLoginPage Component" name="should handle user login correctly" time="0">
      <skipped/>
    </testcase>
    <testcase classname="DevLoginPage Component" name="should store correct user data in localStorage" time="0">
      <skipped/>
    </testcase>
    <testcase classname="DevLoginPage Component" name="should display instructions clearly" time="0">
      <skipped/>
    </testcase>
    <testcase classname="DevLoginPage Component" name="should show proper role colors and icons" time="0">
      <skipped/>
    </testcase>
    <testcase classname="DevLoginPage Component" name="should disable buttons during login process" time="0">
      <skipped/>
    </testcase>
    <testcase classname="DevLoginPage Production Mode" name="should not render in production mode" time="0">
      <skipped/>
    </testcase>
    <testcase classname="DevLoginPage Production Mode" name="should redirect to home page in production" time="0">
      <skipped/>
    </testcase>
  </testsuite>
  <testsuite name="Application Helpers" errors="0" failures="7" skipped="0" timestamp="2025-09-23T12:11:02" time="0.131" tests="27">
    <testcase classname="Application Helpers › formatDate" name="should format date for Chinese locale" time="0.021">
    </testcase>
    <testcase classname="Application Helpers › formatDate" name="should format date for English locale" time="0.001">
    </testcase>
    <testcase classname="Application Helpers › formatDate" name="should return empty string for null date" time="0.001">
    </testcase>
    <testcase classname="Application Helpers › formatDate" name="should return empty string for undefined date" time="0">
    </testcase>
    <testcase classname="Application Helpers › formatDate" name="should return empty string for empty date" time="0">
    </testcase>
    <testcase classname="Application Helpers › getApplicationTimeline" name="should return correct timeline for draft status in Chinese" time="0.001">
    </testcase>
    <testcase classname="Application Helpers › getApplicationTimeline" name="should return correct timeline for submitted status in English" time="0">
    </testcase>
    <testcase classname="Application Helpers › getApplicationTimeline" name="should return correct timeline for approved status" time="0.001">
    </testcase>
    <testcase classname="Application Helpers › getApplicationTimeline" name="should return correct timeline for rejected status" time="0.001">
    </testcase>
    <testcase classname="Application Helpers › getStatusColor" name="should return correct colors for different statuses" time="0">
    </testcase>
    <testcase classname="Application Helpers › getStatusName" name="should return Chinese status names" time="0.001">
    </testcase>
    <testcase classname="Application Helpers › getStatusName" name="should return English status names" time="0.001">
    </testcase>
    <testcase classname="Application Helpers › formatFieldName" name="should return Chinese field names" time="0">
    </testcase>
    <testcase classname="Application Helpers › formatFieldName" name="should return English field names" time="0.001">
    </testcase>
    <testcase classname="Application Helpers › formatFieldName" name="should return original field name if not mapped" time="0">
    </testcase>
    <testcase classname="Application Helpers › formatFieldValue" name="should format scholarship type from API response" time="0.001">
      <failure>TypeError: _api.api.scholarships.getAll.mockResolvedValue is not a function
    at Object.mockResolvedValue (/home/jotp/scholarship-system/frontend/lib/utils/__tests__/application-helpers.test.ts:196:35)
    at Promise.then.completed (/home/jotp/scholarship-system/frontend/node_modules/jest-circus/build/utils.js:298:28)
    at new Promise (&lt;anonymous&gt;)
    at callAsyncCircusFn (/home/jotp/scholarship-system/frontend/node_modules/jest-circus/build/utils.js:231:10)
    at _callCircusTest (/home/jotp/scholarship-system/frontend/node_modules/jest-circus/build/run.js:316:40)
    at processTicksAndRejections (node:internal/process/task_queues:105:5)
    at _runTest (/home/jotp/scholarship-system/frontend/node_modules/jest-circus/build/run.js:252:3)
    at _runTestsForDescribeBlock (/home/jotp/scholarship-system/frontend/node_modules/jest-circus/build/run.js:126:9)
    at _runTestsForDescribeBlock (/home/jotp/scholarship-system/frontend/node_modules/jest-circus/build/run.js:121:9)
    at _runTestsForDescribeBlock (/home/jotp/scholarship-system/frontend/node_modules/jest-circus/build/run.js:121:9)
    at run (/home/jotp/scholarship-system/frontend/node_modules/jest-circus/build/run.js:71:3)
    at runAndTransformResultsToJestFormat (/home/jotp/scholarship-system/frontend/node_modules/jest-circus/build/legacy-code-todo-rewrite/jestAdapterInit.js:122:21)
    at jestAdapter (/home/jotp/scholarship-system/frontend/node_modules/jest-circus/build/legacy-code-todo-rewrite/jestAdapter.js:79:19)
    at runTestInternal (/home/jotp/scholarship-system/frontend/node_modules/jest-runner/build/runTest.js:367:16)
    at runTest (/home/jotp/scholarship-system/frontend/node_modules/jest-runner/build/runTest.js:444:34)
    at Object.worker (/home/jotp/scholarship-system/frontend/node_modules/jest-runner/build/testWorker.js:106:12)</failure>
    </testcase>
    <testcase classname="Application Helpers › formatFieldValue" name="should return code if scholarship not found in API" time="0">
      <failure>TypeError: _api.api.scholarships.getAll.mockResolvedValue is not a function
    at Object.mockResolvedValue (/home/jotp/scholarship-system/frontend/lib/utils/__tests__/application-helpers.test.ts:211:35)
    at Promise.then.completed (/home/jotp/scholarship-system/frontend/node_modules/jest-circus/build/utils.js:298:28)
    at new Promise (&lt;anonymous&gt;)
    at callAsyncCircusFn (/home/jotp/scholarship-system/frontend/node_modules/jest-circus/build/utils.js:231:10)
    at _callCircusTest (/home/jotp/scholarship-system/frontend/node_modules/jest-circus/build/run.js:316:40)
    at processTicksAndRejections (node:internal/process/task_queues:105:5)
    at _runTest (/home/jotp/scholarship-system/frontend/node_modules/jest-circus/build/run.js:252:3)
    at _runTestsForDescribeBlock (/home/jotp/scholarship-system/frontend/node_modules/jest-circus/build/run.js:126:9)
    at _runTestsForDescribeBlock (/home/jotp/scholarship-system/frontend/node_modules/jest-circus/build/run.js:121:9)
    at _runTestsForDescribeBlock (/home/jotp/scholarship-system/frontend/node_modules/jest-circus/build/run.js:121:9)
    at run (/home/jotp/scholarship-system/frontend/node_modules/jest-circus/build/run.js:71:3)
    at runAndTransformResultsToJestFormat (/home/jotp/scholarship-system/frontend/node_modules/jest-circus/build/legacy-code-todo-rewrite/jestAdapterInit.js:122:21)
    at jestAdapter (/home/jotp/scholarship-system/frontend/node_modules/jest-circus/build/legacy-code-todo-rewrite/jestAdapter.js:79:19)
    at runTestInternal (/home/jotp/scholarship-system/frontend/node_modules/jest-runner/build/runTest.js:367:16)
    at runTest (/home/jotp/scholarship-system/frontend/node_modules/jest-runner/build/runTest.js:444:34)
    at Object.worker (/home/jotp/scholarship-system/frontend/node_modules/jest-runner/build/testWorker.js:106:12)</failure>
    </testcase>
    <testcase classname="Application Helpers › formatFieldValue" name="should return code if API fails" time="0">
      <failure>TypeError: _api.api.scholarships.getAll.mockRejectedValue is not a function
    at Object.mockRejectedValue (/home/jotp/scholarship-system/frontend/lib/utils/__tests__/application-helpers.test.ts:221:35)
    at Promise.then.completed (/home/jotp/scholarship-system/frontend/node_modules/jest-circus/build/utils.js:298:28)
    at new Promise (&lt;anonymous&gt;)
    at callAsyncCircusFn (/home/jotp/scholarship-system/frontend/node_modules/jest-circus/build/utils.js:231:10)
    at _callCircusTest (/home/jotp/scholarship-system/frontend/node_modules/jest-circus/build/run.js:316:40)
    at processTicksAndRejections (node:internal/process/task_queues:105:5)
    at _runTest (/home/jotp/scholarship-system/frontend/node_modules/jest-circus/build/run.js:252:3)
    at _runTestsForDescribeBlock (/home/jotp/scholarship-system/frontend/node_modules/jest-circus/build/run.js:126:9)
    at _runTestsForDescribeBlock (/home/jotp/scholarship-system/frontend/node_modules/jest-circus/build/run.js:121:9)
    at _runTestsForDescribeBlock (/home/jotp/scholarship-system/frontend/node_modules/jest-circus/build/run.js:121:9)
    at run (/home/jotp/scholarship-system/frontend/node_modules/jest-circus/build/run.js:71:3)
    at runAndTransformResultsToJestFormat (/home/jotp/scholarship-system/frontend/node_modules/jest-circus/build/legacy-code-todo-rewrite/jestAdapterInit.js:122:21)
    at jestAdapter (/home/jotp/scholarship-system/frontend/node_modules/jest-circus/build/legacy-code-todo-rewrite/jestAdapter.js:79:19)
    at runTestInternal (/home/jotp/scholarship-system/frontend/node_modules/jest-runner/build/runTest.js:367:16)
    at runTest (/home/jotp/scholarship-system/frontend/node_modules/jest-runner/build/runTest.js:444:34)
    at Object.worker (/home/jotp/scholarship-system/frontend/node_modules/jest-runner/build/testWorker.js:106:12)</failure>
    </testcase>
    <testcase classname="Application Helpers › formatFieldValue" name="should return value as-is for non-scholarship fields" time="0">
    </testcase>
    <testcase classname="Application Helpers › getDocumentLabel" name="should use dynamic label when provided" time="0">
    </testcase>
    <testcase classname="Application Helpers › getDocumentLabel" name="should fallback to Chinese label when English not available" time="0">
    </testcase>
    <testcase classname="Application Helpers › getDocumentLabel" name="should use static labels when no dynamic label provided" time="0">
    </testcase>
    <testcase classname="Application Helpers › getDocumentLabel" name="should return original docType if not mapped" time="0.001">
    </testcase>
    <testcase classname="Application Helpers › fetchApplicationFiles" name="should fetch files from application details" time="0">
      <failure>TypeError: _api.api.applications.getApplicationById.mockResolvedValue is not a function
    at Object.mockResolvedValue (/home/jotp/scholarship-system/frontend/lib/utils/__tests__/application-helpers.test.ts:281:47)
    at Promise.then.completed (/home/jotp/scholarship-system/frontend/node_modules/jest-circus/build/utils.js:298:28)
    at new Promise (&lt;anonymous&gt;)
    at callAsyncCircusFn (/home/jotp/scholarship-system/frontend/node_modules/jest-circus/build/utils.js:231:10)
    at _callCircusTest (/home/jotp/scholarship-system/frontend/node_modules/jest-circus/build/run.js:316:40)
    at processTicksAndRejections (node:internal/process/task_queues:105:5)
    at _runTest (/home/jotp/scholarship-system/frontend/node_modules/jest-circus/build/run.js:252:3)
    at _runTestsForDescribeBlock (/home/jotp/scholarship-system/frontend/node_modules/jest-circus/build/run.js:126:9)
    at _runTestsForDescribeBlock (/home/jotp/scholarship-system/frontend/node_modules/jest-circus/build/run.js:121:9)
    at _runTestsForDescribeBlock (/home/jotp/scholarship-system/frontend/node_modules/jest-circus/build/run.js:121:9)
    at run (/home/jotp/scholarship-system/frontend/node_modules/jest-circus/build/run.js:71:3)
    at runAndTransformResultsToJestFormat (/home/jotp/scholarship-system/frontend/node_modules/jest-circus/build/legacy-code-todo-rewrite/jestAdapterInit.js:122:21)
    at jestAdapter (/home/jotp/scholarship-system/frontend/node_modules/jest-circus/build/legacy-code-todo-rewrite/jestAdapter.js:79:19)
    at runTestInternal (/home/jotp/scholarship-system/frontend/node_modules/jest-runner/build/runTest.js:367:16)
    at runTest (/home/jotp/scholarship-system/frontend/node_modules/jest-runner/build/runTest.js:444:34)
    at Object.worker (/home/jotp/scholarship-system/frontend/node_modules/jest-runner/build/testWorker.js:106:12)</failure>
    </testcase>
    <testcase classname="Application Helpers › fetchApplicationFiles" name="should fallback to files API if no documents in application details" time="0.001">
      <failure>TypeError: _api.api.applications.getApplicationById.mockResolvedValue is not a function
    at Object.mockResolvedValue (/home/jotp/scholarship-system/frontend/lib/utils/__tests__/application-helpers.test.ts:308:47)
    at Promise.then.completed (/home/jotp/scholarship-system/frontend/node_modules/jest-circus/build/utils.js:298:28)
    at new Promise (&lt;anonymous&gt;)
    at callAsyncCircusFn (/home/jotp/scholarship-system/frontend/node_modules/jest-circus/build/utils.js:231:10)
    at _callCircusTest (/home/jotp/scholarship-system/frontend/node_modules/jest-circus/build/run.js:316:40)
    at processTicksAndRejections (node:internal/process/task_queues:105:5)
    at _runTest (/home/jotp/scholarship-system/frontend/node_modules/jest-circus/build/run.js:252:3)
    at _runTestsForDescribeBlock (/home/jotp/scholarship-system/frontend/node_modules/jest-circus/build/run.js:126:9)
    at _runTestsForDescribeBlock (/home/jotp/scholarship-system/frontend/node_modules/jest-circus/build/run.js:121:9)
    at _runTestsForDescribeBlock (/home/jotp/scholarship-system/frontend/node_modules/jest-circus/build/run.js:121:9)
    at run (/home/jotp/scholarship-system/frontend/node_modules/jest-circus/build/run.js:71:3)
    at runAndTransformResultsToJestFormat (/home/jotp/scholarship-system/frontend/node_modules/jest-circus/build/legacy-code-todo-rewrite/jestAdapterInit.js:122:21)
    at jestAdapter (/home/jotp/scholarship-system/frontend/node_modules/jest-circus/build/legacy-code-todo-rewrite/jestAdapter.js:79:19)
    at runTestInternal (/home/jotp/scholarship-system/frontend/node_modules/jest-runner/build/runTest.js:367:16)
    at runTest (/home/jotp/scholarship-system/frontend/node_modules/jest-runner/build/runTest.js:444:34)
    at Object.worker (/home/jotp/scholarship-system/frontend/node_modules/jest-runner/build/testWorker.js:106:12)</failure>
    </testcase>
    <testcase classname="Application Helpers › fetchApplicationFiles" name="should return empty array if both APIs fail" time="0">
      <failure>TypeError: _api.api.applications.getApplicationById.mockRejectedValue is not a function
    at Object.mockRejectedValue (/home/jotp/scholarship-system/frontend/lib/utils/__tests__/application-helpers.test.ts:329:47)
    at Promise.then.completed (/home/jotp/scholarship-system/frontend/node_modules/jest-circus/build/utils.js:298:28)
    at new Promise (&lt;anonymous&gt;)
    at callAsyncCircusFn (/home/jotp/scholarship-system/frontend/node_modules/jest-circus/build/utils.js:231:10)
    at _callCircusTest (/home/jotp/scholarship-system/frontend/node_modules/jest-circus/build/run.js:316:40)
    at processTicksAndRejections (node:internal/process/task_queues:105:5)
    at _runTest (/home/jotp/scholarship-system/frontend/node_modules/jest-circus/build/run.js:252:3)
    at _runTestsForDescribeBlock (/home/jotp/scholarship-system/frontend/node_modules/jest-circus/build/run.js:126:9)
    at _runTestsForDescribeBlock (/home/jotp/scholarship-system/frontend/node_modules/jest-circus/build/run.js:121:9)
    at _runTestsForDescribeBlock (/home/jotp/scholarship-system/frontend/node_modules/jest-circus/build/run.js:121:9)
    at run (/home/jotp/scholarship-system/frontend/node_modules/jest-circus/build/run.js:71:3)
    at runAndTransformResultsToJestFormat (/home/jotp/scholarship-system/frontend/node_modules/jest-circus/build/legacy-code-todo-rewrite/jestAdapterInit.js:122:21)
    at jestAdapter (/home/jotp/scholarship-system/frontend/node_modules/jest-circus/build/legacy-code-todo-rewrite/jestAdapter.js:79:19)
    at runTestInternal (/home/jotp/scholarship-system/frontend/node_modules/jest-runner/build/runTest.js:367:16)
    at runTest (/home/jotp/scholarship-system/frontend/node_modules/jest-runner/build/runTest.js:444:34)
    at Object.worker (/home/jotp/scholarship-system/frontend/node_modules/jest-runner/build/testWorker.js:106:12)</failure>
    </testcase>
    <testcase classname="Application Helpers › fetchApplicationFiles" name="should return empty array if no files found" time="0">
      <failure>TypeError: _api.api.applications.getApplicationById.mockResolvedValue is not a function
    at Object.mockResolvedValue (/home/jotp/scholarship-system/frontend/lib/utils/__tests__/application-helpers.test.ts:337:47)
    at Promise.then.completed (/home/jotp/scholarship-system/frontend/node_modules/jest-circus/build/utils.js:298:28)
    at new Promise (&lt;anonymous&gt;)
    at callAsyncCircusFn (/home/jotp/scholarship-system/frontend/node_modules/jest-circus/build/utils.js:231:10)
    at _callCircusTest (/home/jotp/scholarship-system/frontend/node_modules/jest-circus/build/run.js:316:40)
    at processTicksAndRejections (node:internal/process/task_queues:105:5)
    at _runTest (/home/jotp/scholarship-system/frontend/node_modules/jest-circus/build/run.js:252:3)
    at _runTestsForDescribeBlock (/home/jotp/scholarship-system/frontend/node_modules/jest-circus/build/run.js:126:9)
    at _runTestsForDescribeBlock (/home/jotp/scholarship-system/frontend/node_modules/jest-circus/build/run.js:121:9)
    at _runTestsForDescribeBlock (/home/jotp/scholarship-system/frontend/node_modules/jest-circus/build/run.js:121:9)
    at run (/home/jotp/scholarship-system/frontend/node_modules/jest-circus/build/run.js:71:3)
    at runAndTransformResultsToJestFormat (/home/jotp/scholarship-system/frontend/node_modules/jest-circus/build/legacy-code-todo-rewrite/jestAdapterInit.js:122:21)
    at jestAdapter (/home/jotp/scholarship-system/frontend/node_modules/jest-circus/build/legacy-code-todo-rewrite/jestAdapter.js:79:19)
    at runTestInternal (/home/jotp/scholarship-system/frontend/node_modules/jest-runner/build/runTest.js:367:16)
    at runTest (/home/jotp/scholarship-system/frontend/node_modules/jest-runner/build/runTest.js:444:34)
    at Object.worker (/home/jotp/scholarship-system/frontend/node_modules/jest-runner/build/testWorker.js:106:12)</failure>
    </testcase>
  </testsuite>
  <testsuite name="API Client" errors="0" failures="15" skipped="0" timestamp="2025-09-23T12:11:03" time="0.146" tests="25">
    <testcase classname="API Client › Authentication" name="should include auth token in requests" time="0.005">
      <failure>Error: expect(jest.fn()).toHaveBeenCalledWith(...expected)

Expected: Any&lt;String&gt;, ObjectContaining {&quot;headers&quot;: ObjectContaining {&quot;Authorization&quot;: &quot;Bearer mock-token&quot;}}
Received: &quot;http://localhost:8000/api/v1/scholarships&quot;, {&quot;headers&quot;: {}}

Number of calls: 1
    at Object.toHaveBeenCalledWith (/home/jotp/scholarship-system/frontend/lib/__tests__/api-comprehensive.test.ts:34:21)
    at processTicksAndRejections (node:internal/process/task_queues:105:5)</failure>
    </testcase>
    <testcase classname="API Client › Authentication" name="should handle requests without auth token" time="0">
    </testcase>
    <testcase classname="API Client › Authentication" name="should handle token refresh on 401 response" time="0.002">
      <failure>Error: Unauthorized
    at ApiClient.request (/home/jotp/scholarship-system/frontend/lib/api.ts:1090:15)
    at processTicksAndRejections (node:internal/process/task_queues:105:5)
    at Object.&lt;anonymous&gt; (/home/jotp/scholarship-system/frontend/lib/__tests__/api-comprehensive.test.ts:72:22)</failure>
    </testcase>
    <testcase classname="API Client › Error Handling" name="should handle network errors" time="0.001">
      <failure>Error: expect(received).toBe(expected) // Object.is equality

Expected: false
Received: true
    at Object.toBe (/home/jotp/scholarship-system/frontend/lib/__tests__/api-comprehensive.test.ts:85:30)
    at processTicksAndRejections (node:internal/process/task_queues:105:5)</failure>
    </testcase>
    <testcase classname="API Client › Error Handling" name="should handle HTTP error responses" time="0.001">
      <failure>Error: Server error
    at ApiClient.request (/home/jotp/scholarship-system/frontend/lib/api.ts:1090:15)
    at processTicksAndRejections (node:internal/process/task_queues:105:5)
    at Object.&lt;anonymous&gt; (/home/jotp/scholarship-system/frontend/lib/__tests__/api-comprehensive.test.ts:97:22)</failure>
    </testcase>
    <testcase classname="API Client › Error Handling" name="should handle malformed JSON responses" time="0.001">
      <failure>Error: expect(received).toBe(expected) // Object.is equality

Expected: false
Received: undefined
    at Object.toBe (/home/jotp/scholarship-system/frontend/lib/__tests__/api-comprehensive.test.ts:112:30)
    at processTicksAndRejections (node:internal/process/task_queues:105:5)</failure>
    </testcase>
    <testcase classname="API Client › Scholarship APIs" name="should get all scholarships" time="0">
    </testcase>
    <testcase classname="API Client › Scholarship APIs" name="should get eligible scholarships" time="0.001">
    </testcase>
    <testcase classname="API Client › Scholarship APIs" name="should get scholarship by ID" time="0.001">
    </testcase>
    <testcase classname="API Client › Application APIs" name="should create application" time="0.001">
      <failure>Error: expect(jest.fn()).toHaveBeenCalledWith(...expected)

Expected: StringContaining &quot;/applications&quot;, ObjectContaining {&quot;body&quot;: &quot;{\&quot;scholarship_type_id\&quot;:1,\&quot;form_data\&quot;:{\&quot;name\&quot;:\&quot;John Doe\&quot;},\&quot;files\&quot;:[]}&quot;, &quot;headers&quot;: ObjectContaining {&quot;Content-Type&quot;: &quot;application/json&quot;}, &quot;method&quot;: &quot;POST&quot;}
Received: &quot;http://localhost:8000/api/v1/applications/&quot;, {&quot;body&quot;: &quot;{\&quot;scholarship_type_id\&quot;:1,\&quot;form_data\&quot;:{\&quot;name\&quot;:\&quot;John Doe\&quot;},\&quot;files\&quot;:[]}&quot;, &quot;headers&quot;: {}, &quot;method&quot;: &quot;POST&quot;}

Number of calls: 1
    at Object.toHaveBeenCalledWith (/home/jotp/scholarship-system/frontend/lib/__tests__/api-comprehensive.test.ts:168:21)
    at processTicksAndRejections (node:internal/process/task_queues:105:5)</failure>
    </testcase>
    <testcase classname="API Client › Application APIs" name="should get user applications" time="0.001">
      <failure>Error: expect(jest.fn()).toHaveBeenCalledWith(...expected)

Expected: StringContaining &quot;/applications/user&quot;, Any&lt;Object&gt;
Received: &quot;http://localhost:8000/api/v1/applications/&quot;, {&quot;headers&quot;: {}}

Number of calls: 1
    at Object.toHaveBeenCalledWith (/home/jotp/scholarship-system/frontend/lib/__tests__/api-comprehensive.test.ts:183:21)
    at processTicksAndRejections (node:internal/process/task_queues:105:5)</failure>
    </testcase>
    <testcase classname="API Client › Application APIs" name="should update application" time="0">
    </testcase>
    <testcase classname="API Client › Application APIs" name="should delete application" time="0.001">
      <failure>Error: expect(jest.fn()).toHaveBeenCalledWith(...expected)

Expected: StringContaining &quot;/applications/1&quot;, ObjectContaining {&quot;method&quot;: &quot;DELETE&quot;}
Received: &quot;http://localhost:8000/api/v1/applications/1/status&quot;, {&quot;body&quot;: &quot;{\&quot;status\&quot;:\&quot;withdrawn\&quot;}&quot;, &quot;headers&quot;: {}, &quot;method&quot;: &quot;PATCH&quot;}

Number of calls: 1
    at Object.toHaveBeenCalledWith (/home/jotp/scholarship-system/frontend/lib/__tests__/api-comprehensive.test.ts:206:21)
    at processTicksAndRejections (node:internal/process/task_queues:105:5)</failure>
    </testcase>
    <testcase classname="API Client › Admin APIs" name="should get dashboard stats" time="0">
    </testcase>
    <testcase classname="API Client › Admin APIs" name="should get all applications with filters" time="0.001">
    </testcase>
    <testcase classname="API Client › Admin APIs" name="should update application status" time="0.001">
      <failure>Error: expect(jest.fn()).toHaveBeenCalledWith(...expected)

Expected: StringContaining &quot;/admin/applications/1/status&quot;, ObjectContaining {&quot;body&quot;: &quot;{\&quot;status\&quot;:\&quot;approved\&quot;,\&quot;review_notes\&quot;:\&quot;Looks good\&quot;}&quot;, &quot;method&quot;: &quot;PUT&quot;}
Received: &quot;http://localhost:8000/api/v1/admin/applications/1/status&quot;, {&quot;body&quot;: &quot;{\&quot;status\&quot;:\&quot;approved\&quot;,\&quot;review_notes\&quot;:\&quot;Looks good\&quot;}&quot;, &quot;headers&quot;: {}, &quot;method&quot;: &quot;PATCH&quot;}

Number of calls: 1
    at Object.toHaveBeenCalledWith (/home/jotp/scholarship-system/frontend/lib/__tests__/api-comprehensive.test.ts:237:21)
    at processTicksAndRejections (node:internal/process/task_queues:105:5)</failure>
    </testcase>
    <testcase classname="API Client › File APIs" name="should upload file" time="0.003">
      <failure>Error: expect(jest.fn()).toHaveBeenCalledWith(...expected)

Expected: StringContaining &quot;/applications/1/files/upload&quot;, ObjectContaining {&quot;body&quot;: {}, &quot;method&quot;: &quot;POST&quot;}
Received: &quot;http://localhost:8000/api/v1/applications/1/files&quot;, {&quot;body&quot;: {}, &quot;headers&quot;: {}, &quot;method&quot;: &quot;POST&quot;}

Number of calls: 1
    at Object.toHaveBeenCalledWith (/home/jotp/scholarship-system/frontend/lib/__tests__/api-comprehensive.test.ts:257:21)
    at processTicksAndRejections (node:internal/process/task_queues:105:5)</failure>
    </testcase>
    <testcase classname="API Client › File APIs" name="should delete file" time="0">
      <failure>TypeError: _api.default.applications.deleteFile is not a function
    at Object.deleteFile (/home/jotp/scholarship-system/frontend/lib/__tests__/api-comprehensive.test.ts:267:36)
    at Promise.then.completed (/home/jotp/scholarship-system/frontend/node_modules/jest-circus/build/utils.js:298:28)
    at new Promise (&lt;anonymous&gt;)
    at callAsyncCircusFn (/home/jotp/scholarship-system/frontend/node_modules/jest-circus/build/utils.js:231:10)
    at _callCircusTest (/home/jotp/scholarship-system/frontend/node_modules/jest-circus/build/run.js:316:40)
    at processTicksAndRejections (node:internal/process/task_queues:105:5)
    at _runTest (/home/jotp/scholarship-system/frontend/node_modules/jest-circus/build/run.js:252:3)
    at _runTestsForDescribeBlock (/home/jotp/scholarship-system/frontend/node_modules/jest-circus/build/run.js:126:9)
    at _runTestsForDescribeBlock (/home/jotp/scholarship-system/frontend/node_modules/jest-circus/build/run.js:121:9)
    at _runTestsForDescribeBlock (/home/jotp/scholarship-system/frontend/node_modules/jest-circus/build/run.js:121:9)
    at run (/home/jotp/scholarship-system/frontend/node_modules/jest-circus/build/run.js:71:3)
    at runAndTransformResultsToJestFormat (/home/jotp/scholarship-system/frontend/node_modules/jest-circus/build/legacy-code-todo-rewrite/jestAdapterInit.js:122:21)
    at jestAdapter (/home/jotp/scholarship-system/frontend/node_modules/jest-circus/build/legacy-code-todo-rewrite/jestAdapter.js:79:19)
    at runTestInternal (/home/jotp/scholarship-system/frontend/node_modules/jest-runner/build/runTest.js:367:16)
    at runTest (/home/jotp/scholarship-system/frontend/node_modules/jest-runner/build/runTest.js:444:34)
    at Object.worker (/home/jotp/scholarship-system/frontend/node_modules/jest-runner/build/testWorker.js:106:12)</failure>
    </testcase>
    <testcase classname="API Client › File APIs" name="should get files by application ID" time="0">
    </testcase>
    <testcase classname="API Client › Request Configuration" name="should set correct Content-Type for JSON requests" time="0.001">
      <failure>Error: expect(jest.fn()).toHaveBeenCalledWith(...expected)

Expected: Any&lt;String&gt;, ObjectContaining {&quot;headers&quot;: ObjectContaining {&quot;Content-Type&quot;: &quot;application/json&quot;}}
Received: &quot;http://localhost:8000/api/v1/applications/&quot;, {&quot;body&quot;: &quot;{\&quot;configuration_id\&quot;:1,\&quot;form_data\&quot;:{}}&quot;, &quot;headers&quot;: {}, &quot;method&quot;: &quot;POST&quot;}

Number of calls: 1
    at Object.toHaveBeenCalledWith (/home/jotp/scholarship-system/frontend/lib/__tests__/api-comprehensive.test.ts:291:21)
    at processTicksAndRejections (node:internal/process/task_queues:105:5)</failure>
    </testcase>
    <testcase classname="API Client › Request Configuration" name="should handle FormData without Content-Type header" time="0.001">
    </testcase>
    <testcase classname="API Client › Request Configuration" name="should include request ID for tracking" time="0">
      <failure>Error: expect(jest.fn()).toHaveBeenCalledWith(...expected)

Expected: Any&lt;String&gt;, ObjectContaining {&quot;headers&quot;: ObjectContaining {&quot;X-Request-ID&quot;: Any&lt;String&gt;}}
Received: &quot;http://localhost:8000/api/v1/scholarships&quot;, {&quot;headers&quot;: {}}

Number of calls: 1
    at Object.toHaveBeenCalledWith (/home/jotp/scholarship-system/frontend/lib/__tests__/api-comprehensive.test.ts:312:21)
    at processTicksAndRejections (node:internal/process/task_queues:105:5)</failure>
    </testcase>
    <testcase classname="API Client › Response Processing" name="should parse successful JSON responses" time="0.001">
    </testcase>
    <testcase classname="API Client › Response Processing" name="should handle empty responses" time="0">
      <failure>TypeError: Cannot read properties of undefined (reading &apos;success&apos;)
    at Object.success (/home/jotp/scholarship-system/frontend/lib/__tests__/api-comprehensive.test.ts:347:21)
    at processTicksAndRejections (node:internal/process/task_queues:105:5)</failure>
    </testcase>
    <testcase classname="API Client › Response Processing" name="should handle text responses" time="0">
      <failure>Error: expect(received).toBe(expected) // Object.is equality

Expected: true
Received: undefined
    at Object.toBe (/home/jotp/scholarship-system/frontend/lib/__tests__/api-comprehensive.test.ts:360:30)
    at processTicksAndRejections (node:internal/process/task_queues:105:5)</failure>
    </testcase>
  </testsuite>
  <testsuite name="API Client" errors="0" failures="5" skipped="0" timestamp="2025-09-23T12:11:03" time="0.117" tests="9">
    <testcase classname="API Client › Authentication" name="should login successfully with valid credentials" time="0.002">
      <failure>Error: expect(jest.fn()).toHaveBeenCalledWith(...expected)

Expected: &quot;http://localhost:8000/api/v1/auth/login&quot;, ObjectContaining {&quot;body&quot;: Any&lt;FormData&gt;, &quot;method&quot;: &quot;POST&quot;}
Received: &quot;http://localhost:8000/api/v1/auth/login&quot;, {&quot;body&quot;: &quot;{\&quot;username\&quot;:\&quot;testuser\&quot;,\&quot;password\&quot;:\&quot;password\&quot;}&quot;, &quot;headers&quot;: {}, &quot;method&quot;: &quot;POST&quot;}

Number of calls: 1
    at Object.toHaveBeenCalledWith (/home/jotp/scholarship-system/frontend/lib/__tests__/api.test.ts:41:25)
    at processTicksAndRejections (node:internal/process/task_queues:105:5)</failure>
    </testcase>
    <testcase classname="API Client › Authentication" name="should handle login failure" time="0.042">
    </testcase>
    <testcase classname="API Client › Authentication" name="should get current user with valid token" time="0.001">
      <failure>Error: expect(jest.fn()).toHaveBeenCalledWith(...expected)

Expected: &quot;http://localhost:8000/api/v1/auth/me&quot;, ObjectContaining {&quot;headers&quot;: ObjectContaining {&quot;Authorization&quot;: &quot;Bearer test-token&quot;}}
Received: &quot;http://localhost:8000/api/v1/auth/me&quot;, {&quot;headers&quot;: {}}

Number of calls: 1
    at Object.toHaveBeenCalledWith (/home/jotp/scholarship-system/frontend/lib/__tests__/api.test.ts:97:25)
    at processTicksAndRejections (node:internal/process/task_queues:105:5)</failure>
    </testcase>
    <testcase classname="API Client › Applications" name="should fetch user applications" time="0.001">
      <failure>Error: expect(jest.fn()).toHaveBeenCalledWith(...expected)

Expected: &quot;http://localhost:8000/api/v1/applications&quot;, ObjectContaining {&quot;headers&quot;: ObjectContaining {&quot;Authorization&quot;: &quot;Bearer test-token&quot;}}
Received: &quot;http://localhost:8000/api/v1/applications/&quot;, {&quot;headers&quot;: {}}

Number of calls: 1
    at Object.toHaveBeenCalledWith (/home/jotp/scholarship-system/frontend/lib/__tests__/api.test.ts:142:25)
    at processTicksAndRejections (node:internal/process/task_queues:105:5)</failure>
    </testcase>
    <testcase classname="API Client › Applications" name="should create new application" time="0">
      <failure>Error: expect(jest.fn()).toHaveBeenCalledWith(...expected)

Expected: &quot;http://localhost:8000/api/v1/applications&quot;, ObjectContaining {&quot;body&quot;: &quot;{\&quot;scholarship_type\&quot;:\&quot;academic_excellence\&quot;,\&quot;personal_statement\&quot;:\&quot;I am a dedicated student...\&quot;,\&quot;expected_graduation_date\&quot;:\&quot;2025-06-15\&quot;}&quot;, &quot;headers&quot;: ObjectContaining {&quot;Authorization&quot;: &quot;Bearer test-token&quot;, &quot;Content-Type&quot;: &quot;application/json&quot;}, &quot;method&quot;: &quot;POST&quot;}
Received: &quot;http://localhost:8000/api/v1/applications/&quot;, {&quot;body&quot;: &quot;{\&quot;scholarship_type\&quot;:\&quot;academic_excellence\&quot;,\&quot;personal_statement\&quot;:\&quot;I am a dedicated student...\&quot;,\&quot;expected_graduation_date\&quot;:\&quot;2025-06-15\&quot;}&quot;, &quot;headers&quot;: {}, &quot;method&quot;: &quot;POST&quot;}

Number of calls: 1
    at Object.toHaveBeenCalledWith (/home/jotp/scholarship-system/frontend/lib/__tests__/api.test.ts:184:25)
    at processTicksAndRejections (node:internal/process/task_queues:105:5)</failure>
    </testcase>
    <testcase classname="API Client › Applications" name="should submit application" time="0.001">
      <failure>Error: expect(jest.fn()).toHaveBeenCalledWith(...expected)

Expected: &quot;http://localhost:8000/api/v1/applications/1/submit&quot;, ObjectContaining {&quot;headers&quot;: ObjectContaining {&quot;Authorization&quot;: &quot;Bearer test-token&quot;}, &quot;method&quot;: &quot;POST&quot;}
Received: &quot;http://localhost:8000/api/v1/applications/1/submit&quot;, {&quot;headers&quot;: {}, &quot;method&quot;: &quot;POST&quot;}

Number of calls: 1
    at Object.toHaveBeenCalledWith (/home/jotp/scholarship-system/frontend/lib/__tests__/api.test.ts:220:25)
    at processTicksAndRejections (node:internal/process/task_queues:105:5)</failure>
    </testcase>
    <testcase classname="API Client › Token Management" name="should set and clear tokens correctly" time="0">
    </testcase>
    <testcase classname="API Client › Error Handling" name="should handle network errors" time="0.001">
    </testcase>
    <testcase classname="API Client › Error Handling" name="should handle HTTP errors" time="0.001">
    </testcase>
  </testsuite>
  <testsuite name="NotificationButton Component" errors="0" failures="0" skipped="18" timestamp="2025-09-23T12:11:03" time="0.153" tests="18">
    <testcase classname="NotificationButton Component" name="should render notification button" time="0">
      <skipped/>
    </testcase>
    <testcase classname="NotificationButton Component" name="should show unread count indicator when there are unread notifications" time="0">
      <skipped/>
    </testcase>
    <testcase classname="NotificationButton Component" name="should show badge when unread count is greater than 3" time="0">
      <skipped/>
    </testcase>
    <testcase classname="NotificationButton Component" name="should show 99+ when unread count exceeds 99" time="0">
      <skipped/>
    </testcase>
    <testcase classname="NotificationButton Component" name="should not show badge when unread count is 3 or less" time="0">
      <skipped/>
    </testcase>
    <testcase classname="NotificationButton Component" name="should open notification panel when clicked" time="0">
      <skipped/>
    </testcase>
    <testcase classname="NotificationButton Component" name="should pass correct locale to notification panel" time="0">
      <skipped/>
    </testcase>
    <testcase classname="NotificationButton Component" name="should handle mark as read action" time="0">
      <skipped/>
    </testcase>
    <testcase classname="NotificationButton Component" name="should handle mark all as read action" time="0">
      <skipped/>
    </testcase>
    <testcase classname="NotificationButton Component" name="should handle API error gracefully" time="0">
      <skipped/>
    </testcase>
    <testcase classname="NotificationButton Component" name="should handle API response without success flag" time="0">
      <skipped/>
    </testcase>
    <testcase classname="NotificationButton Component" name="should set up interval for periodic updates" time="0">
      <skipped/>
    </testcase>
    <testcase classname="NotificationButton Component" name="should cleanup interval on unmount" time="0">
      <skipped/>
    </testcase>
    <testcase classname="NotificationButton Component" name="should apply custom className" time="0">
      <skipped/>
    </testcase>
    <testcase classname="NotificationButton Component" name="should handle notification click callback" time="0">
      <skipped/>
    </testcase>
    <testcase classname="NotificationButton Component › unread count display logic" name="should not show anything when count is 0" time="0">
      <skipped/>
    </testcase>
    <testcase classname="NotificationButton Component › unread count display logic" name="should show only indicator dot for count 1-3" time="0">
      <skipped/>
    </testcase>
    <testcase classname="NotificationButton Component › unread count display logic" name="should show both indicator and badge for count &gt; 3" time="0">
      <skipped/>
    </testcase>
  </testsuite>
  <testsuite name="FileUpload Component" errors="0" failures="0" skipped="18" timestamp="2025-09-23T12:11:03" time="0.123" tests="18">
    <testcase classname="FileUpload Component" name="should render file upload area" time="0">
      <skipped/>
    </testcase>
    <testcase classname="FileUpload Component" name="should render in English locale" time="0">
      <skipped/>
    </testcase>
    <testcase classname="FileUpload Component" name="should handle file selection via input" time="0">
      <skipped/>
    </testcase>
    <testcase classname="FileUpload Component" name="should handle drag and drop" time="0">
      <skipped/>
    </testcase>
    <testcase classname="FileUpload Component" name="should filter invalid file types" time="0">
      <skipped/>
    </testcase>
    <testcase classname="FileUpload Component" name="should filter files exceeding size limit" time="0">
      <skipped/>
    </testcase>
    <testcase classname="FileUpload Component" name="should enforce max files limit" time="0">
      <skipped/>
    </testcase>
    <testcase classname="FileUpload Component" name="should display uploaded files" time="0">
      <skipped/>
    </testcase>
    <testcase classname="FileUpload Component" name="should allow file removal" time="0">
      <skipped/>
    </testcase>
    <testcase classname="FileUpload Component" name="should handle file preview" time="0">
      <skipped/>
    </testcase>
    <testcase classname="FileUpload Component" name="should close preview dialog" time="0">
      <skipped/>
    </testcase>
    <testcase classname="FileUpload Component" name="should show file size in appropriate units" time="0">
      <skipped/>
    </testcase>
    <testcase classname="FileUpload Component" name="should handle drag state correctly" time="0">
      <skipped/>
    </testcase>
    <testcase classname="FileUpload Component" name="should generate unique input IDs" time="0">
      <skipped/>
    </testcase>
    <testcase classname="FileUpload Component" name="should identify uploaded files correctly" time="0">
      <skipped/>
    </testcase>
    <testcase classname="FileUpload Component › accessibility" name="should have proper ARIA labels" time="0">
      <skipped/>
    </testcase>
    <testcase classname="FileUpload Component › accessibility" name="should have proper button roles" time="0">
      <skipped/>
    </testcase>
    <testcase classname="FileUpload Component › error handling" name="should handle files without extensions" time="0">
      <skipped/>
    </testcase>
  </testsuite>
  <testsuite name="FileUpload Component - Simple Tests" errors="0" failures="0" skipped="11" timestamp="2025-09-23T12:11:03" time="0.113" tests="11">
    <testcase classname="FileUpload Component - Simple Tests" name="should render without crashing" time="0">
      <skipped/>
    </testcase>
    <testcase classname="FileUpload Component - Simple Tests" name="should handle different locales" time="0">
      <skipped/>
    </testcase>
    <testcase classname="FileUpload Component - Simple Tests" name="should accept different file types" time="0">
      <skipped/>
    </testcase>
    <testcase classname="FileUpload Component - Simple Tests" name="should handle maxSize prop" time="0">
      <skipped/>
    </testcase>
    <testcase classname="FileUpload Component - Simple Tests" name="should handle maxFiles prop" time="0">
      <skipped/>
    </testcase>
    <testcase classname="FileUpload Component - Simple Tests" name="should handle fileType prop" time="0">
      <skipped/>
    </testcase>
    <testcase classname="FileUpload Component - Simple Tests" name="should generate unique input IDs" time="0">
      <skipped/>
    </testcase>
    <testcase classname="FileUpload Component - Simple Tests" name="should handle drag events without errors" time="0">
      <skipped/>
    </testcase>
    <testcase classname="FileUpload Component - Simple Tests › file validation logic" name="should validate file extensions correctly" time="0">
      <skipped/>
    </testcase>
    <testcase classname="FileUpload Component - Simple Tests › file validation logic" name="should validate file sizes correctly" time="0">
      <skipped/>
    </testcase>
    <testcase classname="FileUpload Component - Simple Tests › accessibility" name="should have proper file input" time="0">
      <skipped/>
    </testcase>
  </testsuite>
  <testsuite name="ScholarshipTimeline Component" errors="0" failures="0" skipped="3" timestamp="2025-09-23T12:11:03" time="0.246" tests="6">
    <testcase classname="ScholarshipTimeline Component" name="should show all scholarships for super admin" time="0">
      <skipped/>
    </testcase>
    <testcase classname="ScholarshipTimeline Component" name="should filter scholarships based on admin permissions" time="0">
      <skipped/>
    </testcase>
    <testcase classname="ScholarshipTimeline Component" name="should show no permissions message for admin with no permissions" time="0.071">
    </testcase>
    <testcase classname="ScholarshipTimeline Component" name="should not render for student role" time="0.006">
    </testcase>
    <testcase classname="ScholarshipTimeline Component" name="should show loading state while permissions are loading" time="0.009">
    </testcase>
    <testcase classname="ScholarshipTimeline Component" name="should handle API errors gracefully" time="0">
      <skipped/>
    </testcase>
  </testsuite>
  <testsuite name="ApplicationFormDataDisplay" errors="0" failures="0" skipped="1" timestamp="2025-09-23T12:11:04" time="0.183" tests="11">
    <testcase classname="ApplicationFormDataDisplay" name="should render form data with Chinese labels" time="0.018">
    </testcase>
    <testcase classname="ApplicationFormDataDisplay" name="should render form data with English labels" time="0.006">
    </testcase>
    <testcase classname="ApplicationFormDataDisplay" name="should handle direct form_data structure" time="0.007">
    </testcase>
    <testcase classname="ApplicationFormDataDisplay" name="should handle flat object structure" time="0.006">
    </testcase>
    <testcase classname="ApplicationFormDataDisplay" name="should skip empty and excluded fields" time="0.005">
    </testcase>
    <testcase classname="ApplicationFormDataDisplay" name="should use static field names when dynamic labels not provided" time="0.006">
    </testcase>
    <testcase classname="ApplicationFormDataDisplay" name="should fallback to Chinese when English label not available" time="0.005">
    </testcase>
    <testcase classname="ApplicationFormDataDisplay" name="should handle nested object values" time="0">
      <skipped/>
    </testcase>
    <testcase classname="ApplicationFormDataDisplay" name="should handle array values" time="0.006">
    </testcase>
    <testcase classname="ApplicationFormDataDisplay" name="should show loading state initially" time="0.004">
    </testcase>
    <testcase classname="ApplicationFormDataDisplay" name="should handle malformed form data gracefully" time="0.005">
    </testcase>
  </testsuite>
  <testsuite name="useAuth Hook" errors="0" failures="0" skipped="0" timestamp="2025-09-23T12:11:04" time="0.131" tests="3">
    <testcase classname="useAuth Hook" name="should provide auth context" time="0.01">
    </testcase>
    <testcase classname="useAuth Hook" name="should initialize with correct default state" time="0.003">
    </testcase>
    <testcase classname="useAuth Hook" name="should throw error when used outside provider" time="0.019">
    </testcase>
  </testsuite>
  <testsuite name="useScholarshipPermissions" errors="0" failures="0" skipped="0" timestamp="2025-09-23T12:11:04" time="0.121" tests="5">
    <testcase classname="useScholarshipPermissions" name="should allow access for admin user" time="0.005">
    </testcase>
    <testcase classname="useScholarshipPermissions" name="should check permissions correctly" time="0.003">
    </testcase>
    <testcase classname="useScholarshipPermissions" name="should deny access for unauthenticated users" time="0.001">
    </testcase>
    <testcase classname="useScholarshipPermissions" name="should handle invalid scholarship IDs" time="0.007">
    </testcase>
    <testcase classname="useScholarshipPermissions" name="should get allowed scholarships for admin user" time="0.003">
    </testcase>
  </testsuite>
  <testsuite name="useIsMobile Hook" errors="0" failures="0" skipped="0" timestamp="2025-09-23T12:11:04" time="0.146" tests="12">
    <testcase classname="useIsMobile Hook" name="should initialize as undefined and then set correct mobile state" time="0.002">
    </testcase>
    <testcase classname="useIsMobile Hook" name="should return true for mobile width" time="0.001">
    </testcase>
    <testcase classname="useIsMobile Hook" name="should return false for desktop width" time="0.001">
    </testcase>
    <testcase classname="useIsMobile Hook" name="should return true for width at mobile breakpoint boundary" time="0.001">
    </testcase>
    <testcase classname="useIsMobile Hook" name="should return false for width at desktop breakpoint boundary" time="0.001">
    </testcase>
    <testcase classname="useIsMobile Hook" name="should set up media query listener correctly" time="0.002">
    </testcase>
    <testcase classname="useIsMobile Hook" name="should clean up event listener on unmount" time="0.001">
    </testcase>
    <testcase classname="useIsMobile Hook" name="should respond to media query changes" time="0.007">
    </testcase>
    <testcase classname="useIsMobile Hook" name="should handle undefined window.innerWidth gracefully" time="0.001">
    </testcase>
    <testcase classname="useIsMobile Hook" name="should always return boolean value" time="0.001">
    </testcase>
    <testcase classname="useIsMobile Hook › breakpoint calculations" name="should use correct breakpoint constant" time="0.001">
    </testcase>
    <testcase classname="useIsMobile Hook › breakpoint calculations" name="should classify widths correctly around breakpoint" time="0.003">
    </testcase>
  </testsuite>
  <testsuite name="useLanguagePreference" errors="0" failures="0" skipped="0" timestamp="2025-09-23T12:11:04" time="0.109" tests="7">
    <testcase classname="useLanguagePreference" name="should initialize with default language (zh)" time="0.002">
    </testcase>
    <testcase classname="useLanguagePreference" name="should initialize with saved language preference" time="0.002">
    </testcase>
    <testcase classname="useLanguagePreference" name="should change language and save to localStorage" time="0.005">
    </testcase>
    <testcase classname="useLanguagePreference" name="should change between languages" time="0.001">
    </testcase>
    <testcase classname="useLanguagePreference" name="should handle invalid saved language preference" time="0.001">
    </testcase>
    <testcase classname="useLanguagePreference" name="should provide language switch enabled flag" time="0.001">
    </testcase>
    <testcase classname="useLanguagePreference" name="should disable language preference for non-student roles" time="0.001">
    </testcase>
  </testsuite>
  <testsuite name="FormValidator" errors="0" failures="0" skipped="0" timestamp="2025-09-23T12:11:04" time="0.071" tests="42">
    <testcase classname="FormValidator › Chinese locale › validateGPA" name="should return error for empty GPA" time="0.001">
    </testcase>
    <testcase classname="FormValidator › Chinese locale › validateGPA" name="should return error for invalid GPA format" time="0">
    </testcase>
    <testcase classname="FormValidator › Chinese locale › validateGPA" name="should return error for GPA below 0" time="0">
    </testcase>
    <testcase classname="FormValidator › Chinese locale › validateGPA" name="should return error for GPA above 4" time="0.001">
    </testcase>
    <testcase classname="FormValidator › Chinese locale › validateGPA" name="should return warning for undergraduate GPA below 3.38" time="0">
    </testcase>
    <testcase classname="FormValidator › Chinese locale › validateGPA" name="should return info for excellent GPA" time="0">
    </testcase>
    <testcase classname="FormValidator › Chinese locale › validateGPA" name="should return valid for normal GPA" time="0.001">
    </testcase>
    <testcase classname="FormValidator › Chinese locale › validateRanking" name="should return error for empty ranking" time="0">
    </testcase>
    <testcase classname="FormValidator › Chinese locale › validateRanking" name="should return error for invalid ranking format" time="0.001">
    </testcase>
    <testcase classname="FormValidator › Chinese locale › validateRanking" name="should return error for ranking below 0" time="0">
    </testcase>
    <testcase classname="FormValidator › Chinese locale › validateRanking" name="should return error for ranking above 100" time="0">
    </testcase>
    <testcase classname="FormValidator › Chinese locale › validateRanking" name="should return error for undergraduate ranking above 35%" time="0.001">
    </testcase>
    <testcase classname="FormValidator › Chinese locale › validateRanking" name="should return info for top 10% ranking" time="0">
    </testcase>
    <testcase classname="FormValidator › Chinese locale › validateRanking" name="should return valid for acceptable ranking" time="0">
    </testcase>
    <testcase classname="FormValidator › Chinese locale › validateTermCount" name="should return error for empty term count" time="0.001">
    </testcase>
    <testcase classname="FormValidator › Chinese locale › validateTermCount" name="should return error for invalid term count format" time="0">
    </testcase>
    <testcase classname="FormValidator › Chinese locale › validateTermCount" name="should return error for term count less than 1" time="0">
    </testcase>
    <testcase classname="FormValidator › Chinese locale › validateTermCount" name="should return error for undergraduate term count exceeding 6" time="0">
    </testcase>
    <testcase classname="FormValidator › Chinese locale › validateTermCount" name="should return error for PhD term count exceeding 2" time="0">
    </testcase>
    <testcase classname="FormValidator › Chinese locale › validateTermCount" name="should return valid for acceptable term count" time="0">
    </testcase>
    <testcase classname="FormValidator › Chinese locale › validatePhone" name="should return error for empty phone" time="0.001">
    </testcase>
    <testcase classname="FormValidator › Chinese locale › validatePhone" name="should accept valid mobile format" time="0">
    </testcase>
    <testcase classname="FormValidator › Chinese locale › validatePhone" name="should accept valid landline format" time="0">
    </testcase>
    <testcase classname="FormValidator › Chinese locale › validatePhone" name="should return error for invalid phone format" time="0">
    </testcase>
    <testcase classname="FormValidator › Chinese locale › validateBankAccount" name="should return error for empty bank account" time="0.001">
    </testcase>
    <testcase classname="FormValidator › Chinese locale › validateBankAccount" name="should return error for account too short" time="0">
    </testcase>
    <testcase classname="FormValidator › Chinese locale › validateBankAccount" name="should return error for account too long" time="0">
    </testcase>
    <testcase classname="FormValidator › Chinese locale › validateBankAccount" name="should return error for non-numeric account" time="0.001">
    </testcase>
    <testcase classname="FormValidator › Chinese locale › validateBankAccount" name="should accept valid bank account" time="0">
    </testcase>
    <testcase classname="FormValidator › Chinese locale › validateEmail" name="should return error for empty email" time="0">
    </testcase>
    <testcase classname="FormValidator › Chinese locale › validateEmail" name="should return error for invalid email format" time="0.001">
    </testcase>
    <testcase classname="FormValidator › Chinese locale › validateEmail" name="should accept valid email" time="0">
    </testcase>
    <testcase classname="FormValidator › Chinese locale › validateAddress" name="should return error for empty address" time="0">
    </testcase>
    <testcase classname="FormValidator › Chinese locale › validateAddress" name="should return error for address too short" time="0.001">
    </testcase>
    <testcase classname="FormValidator › Chinese locale › validateAddress" name="should accept valid address" time="0">
    </testcase>
    <testcase classname="FormValidator › Chinese locale › validateResearchProposal" name="should return error for empty proposal" time="0">
    </testcase>
    <testcase classname="FormValidator › Chinese locale › validateResearchProposal" name="should return error for proposal too short" time="0">
    </testcase>
    <testcase classname="FormValidator › Chinese locale › validateResearchProposal" name="should return error for proposal too long" time="0.001">
    </testcase>
    <testcase classname="FormValidator › Chinese locale › validateResearchProposal" name="should accept valid proposal" time="0">
    </testcase>
    <testcase classname="FormValidator › English locale" name="should return English error messages" time="0">
    </testcase>
    <testcase classname="FormValidator › English locale" name="should return English warning messages" time="0">
    </testcase>
    <testcase classname="FormValidator › English locale" name="should return English info messages" time="0.003">
    </testcase>
  </testsuite>
  <testsuite name="FormValidator (Simple)" errors="0" failures="0" skipped="0" timestamp="2025-09-23T12:11:05" time="0.058" tests="22">
    <testcase classname="FormValidator (Simple) › Chinese locale › validateRequired" name="should return error for empty string" time="0.001">
    </testcase>
    <testcase classname="FormValidator (Simple) › Chinese locale › validateRequired" name="should return error for whitespace only" time="0.003">
    </testcase>
    <testcase classname="FormValidator (Simple) › Chinese locale › validateRequired" name="should return error for null" time="0.001">
    </testcase>
    <testcase classname="FormValidator (Simple) › Chinese locale › validateRequired" name="should return error for undefined" time="0">
    </testcase>
    <testcase classname="FormValidator (Simple) › Chinese locale › validateRequired" name="should return null for valid string" time="0">
    </testcase>
    <testcase classname="FormValidator (Simple) › Chinese locale › validateEmail" name="should return error for invalid email format" time="0.001">
    </testcase>
    <testcase classname="FormValidator (Simple) › Chinese locale › validateEmail" name="should return error for email without @" time="0">
    </testcase>
    <testcase classname="FormValidator (Simple) › Chinese locale › validateEmail" name="should return error for email without domain" time="0">
    </testcase>
    <testcase classname="FormValidator (Simple) › Chinese locale › validateEmail" name="should return null for valid email" time="0">
    </testcase>
    <testcase classname="FormValidator (Simple) › Chinese locale › validateEmail" name="should return null for complex valid email" time="0.001">
    </testcase>
    <testcase classname="FormValidator (Simple) › Chinese locale › validateGPA" name="should return error for GPA below 0" time="0">
    </testcase>
    <testcase classname="FormValidator (Simple) › Chinese locale › validateGPA" name="should return error for GPA above 4.3" time="0">
    </testcase>
    <testcase classname="FormValidator (Simple) › Chinese locale › validateGPA" name="should return null for valid GPA" time="0">
    </testcase>
    <testcase classname="FormValidator (Simple) › Chinese locale › validateGPA" name="should return null for GPA at boundaries" time="0.001">
    </testcase>
    <testcase classname="FormValidator (Simple) › Chinese locale › validateRanking" name="should return error for ranking below 0" time="0">
    </testcase>
    <testcase classname="FormValidator (Simple) › Chinese locale › validateRanking" name="should return error for ranking above 100" time="0">
    </testcase>
    <testcase classname="FormValidator (Simple) › Chinese locale › validateRanking" name="should return null for valid ranking" time="0">
    </testcase>
    <testcase classname="FormValidator (Simple) › Chinese locale › validateRanking" name="should return null for ranking at boundaries" time="0.001">
    </testcase>
    <testcase classname="FormValidator (Simple) › English locale › validateRequired" name="should return English error message" time="0">
    </testcase>
    <testcase classname="FormValidator (Simple) › English locale › validateEmail" name="should return English error message" time="0">
    </testcase>
    <testcase classname="FormValidator (Simple) › English locale › validateGPA" name="should return English error message" time="0">
    </testcase>
    <testcase classname="FormValidator (Simple) › English locale › validateRanking" name="should return English error message" time="0">
    </testcase>
  </testsuite>
  <testsuite name="Utils" errors="0" failures="0" skipped="0" timestamp="2025-09-23T12:11:05" time="0.055" tests="7">
    <testcase classname="Utils › cn function" name="should merge className strings correctly" time="0.002">
    </testcase>
    <testcase classname="Utils › cn function" name="should handle conditional classes" time="0">
    </testcase>
    <testcase classname="Utils › cn function" name="should merge Tailwind classes properly" time="0.001">
    </testcase>
    <testcase classname="Utils › cn function" name="should handle arrays of classes" time="0">
    </testcase>
    <testcase classname="Utils › cn function" name="should handle undefined and null values" time="0">
    </testcase>
    <testcase classname="Utils › cn function" name="should handle empty inputs" time="0">
    </testcase>
    <testcase classname="Utils › cn function" name="should handle duplicate classes" time="0.001">
    </testcase>
  </testsuite>
  <testsuite name="Jest Setup" errors="0" failures="0" skipped="0" timestamp="2025-09-23T12:11:05" time="0.056" tests="4">
    <testcase classname="Jest Setup" name="should resolve @/ path aliases correctly" time="0">
    </testcase>
    <testcase classname="Jest Setup" name="should have testing environment configured" time="0.001">
    </testcase>
    <testcase classname="Jest Setup" name="should mock API client methods" time="0">
    </testcase>
    <testcase classname="Jest Setup" name="should have DOM testing utilities available" time="0">
    </testcase>
  </testsuite>
  <testsuite name="useApplications Hook" errors="0" failures="15" skipped="0" timestamp="2025-09-23T12:11:00" time="8.787" tests="16">
    <testcase classname="useApplications Hook › fetchApplications" name="should fetch applications successfully" time="1.028">
      <failure>Error: expect(received).toEqual(expected) // deep equality

- Expected  - 12
+ Received  +  1

- Array [
-   Object {
-     &quot;created_at&quot;: &quot;2025-01-01&quot;,
-     &quot;id&quot;: 1,
-     &quot;status&quot;: &quot;draft&quot;,
-   },
-   Object {
-     &quot;created_at&quot;: &quot;2025-01-02&quot;,
-     &quot;id&quot;: 2,
-     &quot;status&quot;: &quot;submitted&quot;,
-   },
- ]
+ Array []

Ignored nodes: comments, script, style
&lt;html&gt;
  &lt;head /&gt;
  &lt;body&gt;
    &lt;div&gt;
      &lt;div /&gt;
    &lt;/div&gt;
  &lt;/body&gt;
&lt;/html&gt;
    at toEqual (/home/jotp/scholarship-system/frontend/hooks/__tests__/use-applications.test.tsx:65:45)
    at runWithExpensiveErrorDiagnosticsDisabled (/home/jotp/scholarship-system/frontend/node_modules/@testing-library/react/node_modules/@testing-library/dom/dist/config.js:47:12)
    at checkCallback (/home/jotp/scholarship-system/frontend/node_modules/@testing-library/react/node_modules/@testing-library/dom/dist/wait-for.js:124:77)
    at checkRealTimersCallback (/home/jotp/scholarship-system/frontend/node_modules/@testing-library/react/node_modules/@testing-library/dom/dist/wait-for.js:118:16)
    at Timeout.task [as _onTimeout] (/home/jotp/scholarship-system/frontend/node_modules/jsdom/lib/jsdom/browser/Window.js:520:19)
    at listOnTimeout (node:internal/timers:594:17)
    at processTimers (node:internal/timers:529:7)</failure>
    </testcase>
    <testcase classname="useApplications Hook › fetchApplications" name="should handle array response format" time="1.003">
      <failure>Error: expect(received).toEqual(expected) // deep equality

- Expected  - 6
+ Received  + 1

- Array [
-   Object {
-     &quot;id&quot;: 1,
-     &quot;status&quot;: &quot;draft&quot;,
-   },
- ]
+ Array []

Ignored nodes: comments, script, style
&lt;html&gt;
  &lt;head /&gt;
  &lt;body&gt;
    &lt;div&gt;
      &lt;div /&gt;
    &lt;/div&gt;
  &lt;/body&gt;
&lt;/html&gt;
    at toEqual (/home/jotp/scholarship-system/frontend/hooks/__tests__/use-applications.test.tsx:81:45)
    at runWithExpensiveErrorDiagnosticsDisabled (/home/jotp/scholarship-system/frontend/node_modules/@testing-library/react/node_modules/@testing-library/dom/dist/config.js:47:12)
    at checkCallback (/home/jotp/scholarship-system/frontend/node_modules/@testing-library/react/node_modules/@testing-library/dom/dist/wait-for.js:124:77)
    at checkRealTimersCallback (/home/jotp/scholarship-system/frontend/node_modules/@testing-library/react/node_modules/@testing-library/dom/dist/wait-for.js:118:16)
    at Timeout.task [as _onTimeout] (/home/jotp/scholarship-system/frontend/node_modules/jsdom/lib/jsdom/browser/Window.js:520:19)
    at listOnTimeout (node:internal/timers:594:17)
    at processTimers (node:internal/timers:529:7)</failure>
    </testcase>
    <testcase classname="useApplications Hook › fetchApplications" name="should not fetch when user is not authenticated" time="0.003">
    </testcase>
    <testcase classname="useApplications Hook › fetchApplications" name="should handle fetch error" time="1.003">
      <failure>Error: expect(received).toBe(expected) // Object.is equality

Expected: &quot;Network error&quot;
Received: null

Ignored nodes: comments, script, style
&lt;html&gt;
  &lt;head /&gt;
  &lt;body&gt;
    &lt;div&gt;
      &lt;div /&gt;
    &lt;/div&gt;
  &lt;/body&gt;
&lt;/html&gt;
    at toBe (/home/jotp/scholarship-system/frontend/hooks/__tests__/use-applications.test.tsx:110:38)
    at runWithExpensiveErrorDiagnosticsDisabled (/home/jotp/scholarship-system/frontend/node_modules/@testing-library/react/node_modules/@testing-library/dom/dist/config.js:47:12)
    at checkCallback (/home/jotp/scholarship-system/frontend/node_modules/@testing-library/react/node_modules/@testing-library/dom/dist/wait-for.js:124:77)
    at checkRealTimersCallback (/home/jotp/scholarship-system/frontend/node_modules/@testing-library/react/node_modules/@testing-library/dom/dist/wait-for.js:118:16)
    at Timeout.task [as _onTimeout] (/home/jotp/scholarship-system/frontend/node_modules/jsdom/lib/jsdom/browser/Window.js:520:19)
    at listOnTimeout (node:internal/timers:594:17)
    at processTimers (node:internal/timers:529:7)</failure>
    </testcase>
    <testcase classname="useApplications Hook › fetchApplications" name="should handle API response without success flag" time="1.003">
      <failure>Error: expect(received).toBe(expected) // Object.is equality

Expected: &quot;Failed to fetch&quot;
Received: null

Ignored nodes: comments, script, style
&lt;html&gt;
  &lt;head /&gt;
  &lt;body&gt;
    &lt;div&gt;
      &lt;div /&gt;
    &lt;/div&gt;
  &lt;/body&gt;
&lt;/html&gt;
    at toBe (/home/jotp/scholarship-system/frontend/hooks/__tests__/use-applications.test.tsx:124:38)
    at runWithExpensiveErrorDiagnosticsDisabled (/home/jotp/scholarship-system/frontend/node_modules/@testing-library/react/node_modules/@testing-library/dom/dist/config.js:47:12)
    at checkCallback (/home/jotp/scholarship-system/frontend/node_modules/@testing-library/react/node_modules/@testing-library/dom/dist/wait-for.js:124:77)
    at checkRealTimersCallback (/home/jotp/scholarship-system/frontend/node_modules/@testing-library/react/node_modules/@testing-library/dom/dist/wait-for.js:118:16)
    at Timeout.task [as _onTimeout] (/home/jotp/scholarship-system/frontend/node_modules/jsdom/lib/jsdom/browser/Window.js:520:19)
    at listOnTimeout (node:internal/timers:594:17)
    at processTimers (node:internal/timers:529:7)</failure>
    </testcase>
    <testcase classname="useApplications Hook › createApplication" name="should create application successfully" time="0.004">
      <failure>Error: Failed to create application
    at Object.createApplication (/home/jotp/scholarship-system/frontend/hooks/use-applications.ts:48:15)
    at /home/jotp/scholarship-system/frontend/hooks/__tests__/use-applications.test.tsx:143:22</failure>
    </testcase>
    <testcase classname="useApplications Hook › createApplication" name="should handle create application error" time="0.005">
      <failure>Error: expect(received).toBe(expected) // Object.is equality

Expected: &quot;Create failed&quot;
Received: &quot;Failed to create application&quot;
    at Object.toBe (/home/jotp/scholarship-system/frontend/hooks/__tests__/use-applications.test.tsx:167:36)</failure>
    </testcase>
    <testcase classname="useApplications Hook › submitApplication" name="should submit application successfully" time="1.002">
      <failure>Error: expect(received).toHaveLength(expected)

Expected length: 1
Received length: 0
Received array:  []

Ignored nodes: comments, script, style
&lt;html&gt;
  &lt;head /&gt;
  &lt;body&gt;
    &lt;div&gt;
      &lt;div /&gt;
    &lt;/div&gt;
  &lt;/body&gt;
&lt;/html&gt;
    at toHaveLength (/home/jotp/scholarship-system/frontend/hooks/__tests__/use-applications.test.tsx:189:45)
    at runWithExpensiveErrorDiagnosticsDisabled (/home/jotp/scholarship-system/frontend/node_modules/@testing-library/react/node_modules/@testing-library/dom/dist/config.js:47:12)
    at checkCallback (/home/jotp/scholarship-system/frontend/node_modules/@testing-library/react/node_modules/@testing-library/dom/dist/wait-for.js:124:77)
    at checkRealTimersCallback (/home/jotp/scholarship-system/frontend/node_modules/@testing-library/react/node_modules/@testing-library/dom/dist/wait-for.js:118:16)
    at Timeout.task [as _onTimeout] (/home/jotp/scholarship-system/frontend/node_modules/jsdom/lib/jsdom/browser/Window.js:520:19)
    at listOnTimeout (node:internal/timers:594:17)
    at processTimers (node:internal/timers:529:7)</failure>
    </testcase>
    <testcase classname="useApplications Hook › submitApplication" name="should handle submit application error" time="0.003">
      <failure>Error: expect(received).toBe(expected) // Object.is equality

Expected: &quot;Submit failed&quot;
Received: &quot;Failed to submit application&quot;
    at Object.toBe (/home/jotp/scholarship-system/frontend/hooks/__tests__/use-applications.test.tsx:214:36)</failure>
    </testcase>
    <testcase classname="useApplications Hook › withdrawApplication" name="should withdraw application successfully" time="1.002">
      <failure>Error: expect(received).toHaveLength(expected)

Expected length: 1
Received length: 0
Received array:  []

Ignored nodes: comments, script, style
&lt;html&gt;
  &lt;head /&gt;
  &lt;body&gt;
    &lt;div&gt;
      &lt;div /&gt;
    &lt;/div&gt;
  &lt;/body&gt;
&lt;/html&gt;
    at toHaveLength (/home/jotp/scholarship-system/frontend/hooks/__tests__/use-applications.test.tsx:235:45)
    at runWithExpensiveErrorDiagnosticsDisabled (/home/jotp/scholarship-system/frontend/node_modules/@testing-library/react/node_modules/@testing-library/dom/dist/config.js:47:12)
    at checkCallback (/home/jotp/scholarship-system/frontend/node_modules/@testing-library/react/node_modules/@testing-library/dom/dist/wait-for.js:124:77)
    at checkRealTimersCallback (/home/jotp/scholarship-system/frontend/node_modules/@testing-library/react/node_modules/@testing-library/dom/dist/wait-for.js:118:16)
    at Timeout.task [as _onTimeout] (/home/jotp/scholarship-system/frontend/node_modules/jsdom/lib/jsdom/browser/Window.js:520:19)
    at listOnTimeout (node:internal/timers:594:17)
    at processTimers (node:internal/timers:529:7)</failure>
    </testcase>
    <testcase classname="useApplications Hook › updateApplication" name="should update application successfully" time="1.002">
      <failure>Error: expect(received).toHaveLength(expected)

Expected length: 1
Received length: 0
Received array:  []

Ignored nodes: comments, script, style
&lt;html&gt;
  &lt;head /&gt;
  &lt;body&gt;
    &lt;div&gt;
      &lt;div /&gt;
    &lt;/div&gt;
  &lt;/body&gt;
&lt;/html&gt;
    at toHaveLength (/home/jotp/scholarship-system/frontend/hooks/__tests__/use-applications.test.tsx:263:45)
    at runWithExpensiveErrorDiagnosticsDisabled (/home/jotp/scholarship-system/frontend/node_modules/@testing-library/react/node_modules/@testing-library/dom/dist/config.js:47:12)
    at checkCallback (/home/jotp/scholarship-system/frontend/node_modules/@testing-library/react/node_modules/@testing-library/dom/dist/wait-for.js:124:77)
    at checkRealTimersCallback (/home/jotp/scholarship-system/frontend/node_modules/@testing-library/react/node_modules/@testing-library/dom/dist/wait-for.js:118:16)
    at Timeout.task [as _onTimeout] (/home/jotp/scholarship-system/frontend/node_modules/jsdom/lib/jsdom/browser/Window.js:520:19)
    at listOnTimeout (node:internal/timers:594:17)
    at processTimers (node:internal/timers:529:7)</failure>
    </testcase>
    <testcase classname="useApplications Hook › uploadDocument" name="should upload document successfully" time="0.002">
      <failure>Error: Failed to upload document
    at Object.uploadDocument (/home/jotp/scholarship-system/frontend/hooks/use-applications.ts:130:15)
    at /home/jotp/scholarship-system/frontend/hooks/__tests__/use-applications.test.tsx:291:30</failure>
    </testcase>
    <testcase classname="useApplications Hook › saveApplicationDraft" name="should save draft successfully" time="0.002">
      <failure>Error: Failed to save draft
    at Object.saveApplicationDraft (/home/jotp/scholarship-system/frontend/hooks/use-applications.ts:155:15)
    at /home/jotp/scholarship-system/frontend/hooks/__tests__/use-applications.test.tsx:313:28</failure>
    </testcase>
    <testcase classname="useApplications Hook › deleteApplication" name="should delete application successfully" time="1.001">
      <failure>Error: expect(received).toHaveLength(expected)

Expected length: 2
Received length: 0
Received array:  []

Ignored nodes: comments, script, style
&lt;html&gt;
  &lt;head /&gt;
  &lt;body&gt;
    &lt;div&gt;
      &lt;div /&gt;
    &lt;/div&gt;
  &lt;/body&gt;
&lt;/html&gt;
    at toHaveLength (/home/jotp/scholarship-system/frontend/hooks/__tests__/use-applications.test.tsx:339:45)
    at runWithExpensiveErrorDiagnosticsDisabled (/home/jotp/scholarship-system/frontend/node_modules/@testing-library/react/node_modules/@testing-library/dom/dist/config.js:47:12)
    at checkCallback (/home/jotp/scholarship-system/frontend/node_modules/@testing-library/react/node_modules/@testing-library/dom/dist/wait-for.js:124:77)
    at checkRealTimersCallback (/home/jotp/scholarship-system/frontend/node_modules/@testing-library/react/node_modules/@testing-library/dom/dist/wait-for.js:118:16)
    at Timeout.task [as _onTimeout] (/home/jotp/scholarship-system/frontend/node_modules/jsdom/lib/jsdom/browser/Window.js:520:19)
    at listOnTimeout (node:internal/timers:594:17)
    at processTimers (node:internal/timers:529:7)</failure>
    </testcase>
    <testcase classname="useApplications Hook › error handling" name="should set error state when API calls fail" time="0.002">
      <failure>Error: expect(received).toBe(expected) // Object.is equality

Expected: &quot;API Error&quot;
Received: &quot;Failed to create application&quot;
    at Object.toBe (/home/jotp/scholarship-system/frontend/hooks/__tests__/use-applications.test.tsx:367:36)</failure>
    </testcase>
    <testcase classname="useApplications Hook › error handling" name="should clear error on successful operation" time="0.002">
      <failure>Error: expect(received).toBe(expected) // Object.is equality

Expected: &quot;First error&quot;
Received: &quot;Failed to create application&quot;
    at Object.toBe (/home/jotp/scholarship-system/frontend/hooks/__tests__/use-applications.test.tsx:386:36)</failure>
    </testcase>
  </testsuite>
</testsuites>