<?xml version="1.0" encoding="UTF-8"?>
<testsuites name="jest tests" tests="18" failures="0" errors="0" time="1.646">
  <testsuite name="NotificationButton Component" errors="0" failures="0" skipped="0" timestamp="2025-09-23T12:40:56" time="1.031" tests="18">
    <testcase classname="NotificationButton Component" name="should render notification button" time="0.079">
    </testcase>
    <testcase classname="NotificationButton Component" name="should show unread count indicator when there are unread notifications" time="0.014">
    </testcase>
    <testcase classname="NotificationButton Component" name="should show badge when unread count is greater than 3" time="0.011">
    </testcase>
    <testcase classname="NotificationButton Component" name="should show 99+ when unread count exceeds 99" time="0.008">
    </testcase>
    <testcase classname="NotificationButton Component" name="should not show badge when unread count is 3 or less" time="0.007">
    </testcase>
    <testcase classname="NotificationButton Component" name="should open notification panel when clicked" time="0.058">
    </testcase>
    <testcase classname="NotificationButton Component" name="should pass correct locale to notification panel" time="0.038">
    </testcase>
    <testcase classname="NotificationButton Component" name="should handle mark as read action" time="0.037">
    </testcase>
    <testcase classname="NotificationButton Component" name="should handle mark all as read action" time="0.042">
    </testcase>
    <testcase classname="NotificationButton Component" name="should handle API error gracefully" time="0.009">
    </testcase>
    <testcase classname="NotificationButton Component" name="should handle API response without success flag" time="0.003">
    </testcase>
    <testcase classname="NotificationButton Component" name="should set up interval for periodic updates" time="0.004">
    </testcase>
    <testcase classname="NotificationButton Component" name="should cleanup interval on unmount" time="0.003">
    </testcase>
    <testcase classname="NotificationButton Component" name="should apply custom className" time="0.005">
    </testcase>
    <testcase classname="NotificationButton Component" name="should handle notification click callback" time="0.03">
    </testcase>
    <testcase classname="NotificationButton Component › unread count display logic" name="should not show anything when count is 0" time="0.009">
    </testcase>
    <testcase classname="NotificationButton Component › unread count display logic" name="should show only indicator dot for count 1-3" time="0.015">
    </testcase>
    <testcase classname="NotificationButton Component › unread count display logic" name="should show both indicator and badge for count &gt; 3" time="0.007">
    </testcase>
  </testsuite>
</testsuites>