<?xml version="1.0" encoding="UTF-8"?>
<testsuites name="jest tests" tests="9" failures="0" errors="0" time="1.056">
  <testsuite name="API Client" errors="0" failures="0" skipped="0" timestamp="2025-09-23T12:23:15" time="0.436" tests="9">
    <testcase classname="API Client › Authentication" name="should login successfully with valid credentials" time="0.006">
    </testcase>
    <testcase classname="API Client › Authentication" name="should handle login failure" time="0.029">
    </testcase>
    <testcase classname="API Client › Authentication" name="should get current user with valid token" time="0.001">
    </testcase>
    <testcase classname="API Client › Applications" name="should fetch user applications" time="0.001">
    </testcase>
    <testcase classname="API Client › Applications" name="should create new application" time="0.001">
    </testcase>
    <testcase classname="API Client › Applications" name="should submit application" time="0.001">
    </testcase>
    <testcase classname="API Client › Token Management" name="should set and clear tokens correctly" time="0.001">
    </testcase>
    <testcase classname="API Client › Error Handling" name="should handle network errors" time="0.001">
    </testcase>
    <testcase classname="API Client › Error Handling" name="should handle HTTP errors" time="0.001">
    </testcase>
  </testsuite>
</testsuites>