<?xml version="1.0" encoding="UTF-8"?>
<testsuites name="jest tests" tests="20" failures="16" errors="0" time="18.283">
  <testsuite name="AdminConfigurationManagement Component" errors="0" failures="16" skipped="0" timestamp="2025-09-23T12:34:09" time="17.646" tests="20">
    <testcase classname="AdminConfigurationManagement Component" name="should render component with loading state initially" time="0.047">
    </testcase>
    <testcase classname="AdminConfigurationManagement Component" name="should load and display scholarship types" time="1.055">
      <failure>Error: Unable to find an element with the text: 獎學金配置管理. This could be because the text is broken up by multiple elements. In this case, you can provide a function for your text matcher to make your matcher more flexible.

Ignored nodes: comments, script, style
&lt;body&gt;
  &lt;div&gt;
    &lt;div
      class=&quot;space-y-6&quot;
    &gt;
      &lt;div
        data-testid=&quot;tabs&quot;
        data-value=&quot;1&quot;
      &gt;
        &lt;div
          data-testid=&quot;tabs-list&quot;
        &gt;
          &lt;button
            data-testid=&quot;tabs-trigger&quot;
            data-value=&quot;1&quot;
          &gt;
            PhD獎學金
          &lt;/button&gt;
          &lt;button
            data-testid=&quot;tabs-trigger&quot;
            data-value=&quot;2&quot;
          &gt;
            碩士獎學金
          &lt;/button&gt;
        &lt;/div&gt;
        &lt;div
          data-testid=&quot;tabs-content&quot;
          data-value=&quot;1&quot;
        &gt;
          &lt;div
            class=&quot;p-6&quot;
            data-testid=&quot;card&quot;
          &gt;
            &lt;div
              class=&quot;flex flex-col lg:flex-row gap-4 mb-6&quot;
            &gt;
              &lt;div
                class=&quot;flex-1&quot;
              &gt;
                &lt;div
                  class=&quot;relative&quot;
                &gt;
                  &lt;svg
                    class=&quot;lucide lucide-search absolute left-2 top-2.5 h-4 w-4 text-muted-foreground&quot;
                    fill=&quot;none&quot;
                    height=&quot;24&quot;
                    stroke=&quot;currentColor&quot;
                    stroke-linecap=&quot;round&quot;
                    stroke-linejoin=&quot;round&quot;
                    stroke-width=&quot;2&quot;
                    viewBox=&quot;0 0 24 24&quot;
                    width=&quot;24&quot;
                    xmlns=&quot;http://www.w3.org/2000/svg&quot;
                  &gt;
                    &lt;circle
                      cx=&quot;11&quot;
                      cy=&quot;11&quot;
                      r=&quot;8&quot;
                    /&gt;
                    &lt;path
                      d=&quot;m21 21-4.3-4.3&quot;
                    /&gt;
                  &lt;/svg&gt;
                  &lt;input
                    data-testid=&quot;input&quot;
                    placeholder=&quot;搜尋配置名稱、代碼或描述...&quot;
                    type=&quot;text&quot;
                    value=&quot;&quot;
                  /&gt;
                &lt;/div&gt;
              &lt;/div&gt;
              &lt;div
                class=&quot;flex gap-2&quot;
              &gt;
                &lt;button
                  class=&quot;inline-flex items-center justify-center gap-2 whitespace-nowrap rounded-md text-sm font-medium ring-offset-background transition-colors focus-visible:outline-none focus-visible:ring-2 focus-visible:ring-ring focus-visible:ring-offset-2 disabled:pointer-events-none disabled:opacity-50 [&amp;_svg]:pointer-events-none [&amp;_svg]:size-4 [&amp;_svg]:shrink-0 bg-primary hover:bg-primary/90 h-10 px-4 py-2 nycu-gradient text-white&quot;
                &gt;
                  &lt;svg
                    class=&quot;lucide lucide-plus h-4 w-4 mr-1&quot;
                    fill=&quot;none&quot;
                    height=&quot;24&quot;
                    stroke=&quot;currentColor&quot;
                    stroke-linecap=&quot;round&quot;
                    stroke-linejoin=&quot;round&quot;
                    stroke-width=&quot;2&quot;
                    viewBox=&quot;0 0 24 24&quot;
                    width=&quot;24&quot;
                    xmlns=&quot;http://www.w3.org/2000/svg&quot;
                  &gt;
                    &lt;path
                      d=&quot;M5 12h14&quot;
                    /&gt;
                    &lt;path
                      d=&quot;M12 5v14&quot;
                    /&gt;
                  &lt;/svg&gt;
                  新增配置
                &lt;/button&gt;
              &lt;/div&gt;
            &lt;/div&gt;
            &lt;div
              class=&quot;border rounded-md&quot;
            &gt;
              &lt;table
                class=&quot;w-full&quot;
              &gt;
                &lt;thead
                  class=&quot;border-b bg-muted/50&quot;
                &gt;
                  &lt;tr&gt;
                    &lt;th
                      class=&quot;text-left p-4 font-semibold&quot;
                    &gt;
                      配置名稱
                    &lt;/th&gt;
                    &lt;th
                      class=&quot;text-left p-4 font-semibold&quot;
                    &gt;
                      學年度/學期
                    &lt;/th&gt;
                    &lt;th
                      class=&quot;text-left p-4 font-semibold&quot;
                    &gt;
                      配置代碼
                    &lt;/th&gt;
                    &lt;th
                      class=&quot;text-left p-4 font-semibold&quot;
                    &gt;
                      申請期間
                    &lt;/th&gt;
                    &lt;th
                      class=&quot;text-left p-4 font-semibold&quot;
                    &gt;
                      狀態
                    &lt;/th&gt;
                    &lt;th
                      class=&quot;text-right p-4 font-semibold&quot;
                    &gt;
                      操作
                    &lt;/th&gt;
                  &lt;/tr&gt;
                &lt;/thead&gt;
                &lt;tbody&gt;
                  &lt;tr
                    class=&quot;border-b hover:bg-muted/25 transition-colors&quot;
                  &gt;
                    &lt;td
                      class=&quot;p-4&quot;
                    &gt;
                      &lt;div
                        class=&quot;space-y-1&quot;
                      &gt;
                        &lt;div
                          class=&quot;font-medium&quot;
                        &gt;
                          PhD獎學金114學年度第一學期
           ...
    at waitForWrapper (/home/jotp/scholarship-system/frontend/node_modules/@testing-library/react/node_modules/@testing-library/dom/dist/wait-for.js:163:27)
    at Object.&lt;anonymous&gt; (/home/jotp/scholarship-system/frontend/components/__tests__/admin-configuration-management.test.tsx:313:18)
    at Promise.then.completed (/home/jotp/scholarship-system/frontend/node_modules/jest-circus/build/utils.js:298:28)
    at new Promise (&lt;anonymous&gt;)
    at callAsyncCircusFn (/home/jotp/scholarship-system/frontend/node_modules/jest-circus/build/utils.js:231:10)
    at _callCircusTest (/home/jotp/scholarship-system/frontend/node_modules/jest-circus/build/run.js:316:40)
    at processTicksAndRejections (node:internal/process/task_queues:105:5)
    at _runTest (/home/jotp/scholarship-system/frontend/node_modules/jest-circus/build/run.js:252:3)
    at _runTestsForDescribeBlock (/home/jotp/scholarship-system/frontend/node_modules/jest-circus/build/run.js:126:9)
    at _runTestsForDescribeBlock (/home/jotp/scholarship-system/frontend/node_modules/jest-circus/build/run.js:121:9)
    at run (/home/jotp/scholarship-system/frontend/node_modules/jest-circus/build/run.js:71:3)
    at runAndTransformResultsToJestFormat (/home/jotp/scholarship-system/frontend/node_modules/jest-circus/build/legacy-code-todo-rewrite/jestAdapterInit.js:122:21)
    at jestAdapter (/home/jotp/scholarship-system/frontend/node_modules/jest-circus/build/legacy-code-todo-rewrite/jestAdapter.js:79:19)
    at runTestInternal (/home/jotp/scholarship-system/frontend/node_modules/jest-runner/build/runTest.js:367:16)
    at runTest (/home/jotp/scholarship-system/frontend/node_modules/jest-runner/build/runTest.js:444:34)
    at Object.worker (/home/jotp/scholarship-system/frontend/node_modules/jest-runner/build/testWorker.js:106:12)</failure>
    </testcase>
    <testcase classname="AdminConfigurationManagement Component" name="should display error message when loading scholarship types fails" time="1.028">
      <failure>Error: Unable to find an element with the text: Failed to load scholarship types. This could be because the text is broken up by multiple elements. In this case, you can provide a function for your text matcher to make your matcher more flexible.

Ignored nodes: comments, script, style
&lt;body&gt;
  &lt;div&gt;
    &lt;div
      class=&quot;space-y-6&quot;
    &gt;
      &lt;div
        data-testid=&quot;tabs&quot;
        data-value=&quot;1&quot;
      &gt;
        &lt;div
          data-testid=&quot;tabs-list&quot;
        &gt;
          &lt;button
            data-testid=&quot;tabs-trigger&quot;
            data-value=&quot;1&quot;
          &gt;
            PhD獎學金
          &lt;/button&gt;
          &lt;button
            data-testid=&quot;tabs-trigger&quot;
            data-value=&quot;2&quot;
          &gt;
            碩士獎學金
          &lt;/button&gt;
        &lt;/div&gt;
        &lt;div
          data-testid=&quot;tabs-content&quot;
          data-value=&quot;1&quot;
        &gt;
          &lt;div
            class=&quot;p-6&quot;
            data-testid=&quot;card&quot;
          &gt;
            &lt;div
              class=&quot;flex flex-col lg:flex-row gap-4 mb-6&quot;
            &gt;
              &lt;div
                class=&quot;flex-1&quot;
              &gt;
                &lt;div
                  class=&quot;relative&quot;
                &gt;
                  &lt;svg
                    class=&quot;lucide lucide-search absolute left-2 top-2.5 h-4 w-4 text-muted-foreground&quot;
                    fill=&quot;none&quot;
                    height=&quot;24&quot;
                    stroke=&quot;currentColor&quot;
                    stroke-linecap=&quot;round&quot;
                    stroke-linejoin=&quot;round&quot;
                    stroke-width=&quot;2&quot;
                    viewBox=&quot;0 0 24 24&quot;
                    width=&quot;24&quot;
                    xmlns=&quot;http://www.w3.org/2000/svg&quot;
                  &gt;
                    &lt;circle
                      cx=&quot;11&quot;
                      cy=&quot;11&quot;
                      r=&quot;8&quot;
                    /&gt;
                    &lt;path
                      d=&quot;m21 21-4.3-4.3&quot;
                    /&gt;
                  &lt;/svg&gt;
                  &lt;input
                    data-testid=&quot;input&quot;
                    placeholder=&quot;搜尋配置名稱、代碼或描述...&quot;
                    type=&quot;text&quot;
                    value=&quot;&quot;
                  /&gt;
                &lt;/div&gt;
              &lt;/div&gt;
              &lt;div
                class=&quot;flex gap-2&quot;
              &gt;
                &lt;button
                  class=&quot;inline-flex items-center justify-center gap-2 whitespace-nowrap rounded-md text-sm font-medium ring-offset-background transition-colors focus-visible:outline-none focus-visible:ring-2 focus-visible:ring-ring focus-visible:ring-offset-2 disabled:pointer-events-none disabled:opacity-50 [&amp;_svg]:pointer-events-none [&amp;_svg]:size-4 [&amp;_svg]:shrink-0 bg-primary hover:bg-primary/90 h-10 px-4 py-2 nycu-gradient text-white&quot;
                &gt;
                  &lt;svg
                    class=&quot;lucide lucide-plus h-4 w-4 mr-1&quot;
                    fill=&quot;none&quot;
                    height=&quot;24&quot;
                    stroke=&quot;currentColor&quot;
                    stroke-linecap=&quot;round&quot;
                    stroke-linejoin=&quot;round&quot;
                    stroke-width=&quot;2&quot;
                    viewBox=&quot;0 0 24 24&quot;
                    width=&quot;24&quot;
                    xmlns=&quot;http://www.w3.org/2000/svg&quot;
                  &gt;
                    &lt;path
                      d=&quot;M5 12h14&quot;
                    /&gt;
                    &lt;path
                      d=&quot;M12 5v14&quot;
                    /&gt;
                  &lt;/svg&gt;
                  新增配置
                &lt;/button&gt;
              &lt;/div&gt;
            &lt;/div&gt;
            &lt;div
              class=&quot;border rounded-md&quot;
            &gt;
              &lt;table
                class=&quot;w-full&quot;
              &gt;
                &lt;thead
                  class=&quot;border-b bg-muted/50&quot;
                &gt;
                  &lt;tr&gt;
                    &lt;th
                      class=&quot;text-left p-4 font-semibold&quot;
                    &gt;
                      配置名稱
                    &lt;/th&gt;
                    &lt;th
                      class=&quot;text-left p-4 font-semibold&quot;
                    &gt;
                      學年度/學期
                    &lt;/th&gt;
                    &lt;th
                      class=&quot;text-left p-4 font-semibold&quot;
                    &gt;
                      配置代碼
                    &lt;/th&gt;
                    &lt;th
                      class=&quot;text-left p-4 font-semibold&quot;
                    &gt;
                      申請期間
                    &lt;/th&gt;
                    &lt;th
                      class=&quot;text-left p-4 font-semibold&quot;
                    &gt;
                      狀態
                    &lt;/th&gt;
                    &lt;th
                      class=&quot;text-right p-4 font-semibold&quot;
                    &gt;
                      操作
                    &lt;/th&gt;
                  &lt;/tr&gt;
                &lt;/thead&gt;
                &lt;tbody&gt;
                  &lt;tr
                    class=&quot;border-b hover:bg-muted/25 transition-colors&quot;
                  &gt;
                    &lt;td
                      class=&quot;p-4&quot;
                    &gt;
                      &lt;div
                        class=&quot;space-y-1&quot;
                      &gt;
                        &lt;div
                          class=&quot;font-medium&quot;
                        &gt;
                          PhD獎學金114學年度第一學期
           ...
    at waitForWrapper (/home/jotp/scholarship-system/frontend/node_modules/@testing-library/react/node_modules/@testing-library/dom/dist/wait-for.js:163:27)
    at Object.&lt;anonymous&gt; (/home/jotp/scholarship-system/frontend/components/__tests__/admin-configuration-management.test.tsx:329:18)
    at Promise.then.completed (/home/jotp/scholarship-system/frontend/node_modules/jest-circus/build/utils.js:298:28)
    at new Promise (&lt;anonymous&gt;)
    at callAsyncCircusFn (/home/jotp/scholarship-system/frontend/node_modules/jest-circus/build/utils.js:231:10)
    at _callCircusTest (/home/jotp/scholarship-system/frontend/node_modules/jest-circus/build/run.js:316:40)
    at _runTest (/home/jotp/scholarship-system/frontend/node_modules/jest-circus/build/run.js:252:3)
    at _runTestsForDescribeBlock (/home/jotp/scholarship-system/frontend/node_modules/jest-circus/build/run.js:126:9)
    at _runTestsForDescribeBlock (/home/jotp/scholarship-system/frontend/node_modules/jest-circus/build/run.js:121:9)
    at run (/home/jotp/scholarship-system/frontend/node_modules/jest-circus/build/run.js:71:3)
    at runAndTransformResultsToJestFormat (/home/jotp/scholarship-system/frontend/node_modules/jest-circus/build/legacy-code-todo-rewrite/jestAdapterInit.js:122:21)
    at jestAdapter (/home/jotp/scholarship-system/frontend/node_modules/jest-circus/build/legacy-code-todo-rewrite/jestAdapter.js:79:19)
    at runTestInternal (/home/jotp/scholarship-system/frontend/node_modules/jest-runner/build/runTest.js:367:16)
    at runTest (/home/jotp/scholarship-system/frontend/node_modules/jest-runner/build/runTest.js:444:34)
    at Object.worker (/home/jotp/scholarship-system/frontend/node_modules/jest-runner/build/testWorker.js:106:12)</failure>
    </testcase>
    <testcase classname="AdminConfigurationManagement Component" name="should load configurations when scholarship type is selected" time="1.025">
      <failure>Error: expect(jest.fn()).toHaveBeenCalled()

Expected number of calls: &gt;= 1
Received number of calls:    0

Ignored nodes: comments, script, style
&lt;html&gt;
  &lt;head /&gt;
  &lt;body&gt;
    &lt;div&gt;
      &lt;div
        class=&quot;space-y-6&quot;
      &gt;
        &lt;div
          data-testid=&quot;tabs&quot;
          data-value=&quot;1&quot;
        &gt;
          &lt;div
            data-testid=&quot;tabs-list&quot;
          &gt;
            &lt;button
              data-testid=&quot;tabs-trigger&quot;
              data-value=&quot;1&quot;
            &gt;
              PhD獎學金
            &lt;/button&gt;
            &lt;button
              data-testid=&quot;tabs-trigger&quot;
              data-value=&quot;2&quot;
            &gt;
              碩士獎學金
            &lt;/button&gt;
          &lt;/div&gt;
          &lt;div
            data-testid=&quot;tabs-content&quot;
            data-value=&quot;1&quot;
          &gt;
            &lt;div
              class=&quot;p-6&quot;
              data-testid=&quot;card&quot;
            &gt;
              &lt;div
                class=&quot;flex flex-col lg:flex-row gap-4 mb-6&quot;
              &gt;
                &lt;div
                  class=&quot;flex-1&quot;
                &gt;
                  &lt;div
                    class=&quot;relative&quot;
                  &gt;
                    &lt;svg
                      class=&quot;lucide lucide-search absolute left-2 top-2.5 h-4 w-4 text-muted-foreground&quot;
                      fill=&quot;none&quot;
                      height=&quot;24&quot;
                      stroke=&quot;currentColor&quot;
                      stroke-linecap=&quot;round&quot;
                      stroke-linejoin=&quot;round&quot;
                      stroke-width=&quot;2&quot;
                      viewBox=&quot;0 0 24 24&quot;
                      width=&quot;24&quot;
                      xmlns=&quot;http://www.w3.org/2000/svg&quot;
                    &gt;
                      &lt;circle
                        cx=&quot;11&quot;
                        cy=&quot;11&quot;
                        r=&quot;8&quot;
                      /&gt;
                      &lt;path
                        d=&quot;m21 21-4.3-4.3&quot;
                      /&gt;
                    &lt;/svg&gt;
                    &lt;input
                      data-testid=&quot;input&quot;
                      placeholder=&quot;搜尋配置名稱、代碼或描述...&quot;
                      type=&quot;text&quot;
                      value=&quot;&quot;
                    /&gt;
                  &lt;/div&gt;
                &lt;/div&gt;
                &lt;div
                  class=&quot;flex gap-2&quot;
                &gt;
                  &lt;button
                    class=&quot;inline-flex items-center justify-center gap-2 whitespace-nowrap rounded-md text-sm font-medium ring-offset-background transition-colors focus-visible:outline-none focus-visible:ring-2 focus-visible:ring-ring focus-visible:ring-offset-2 disabled:pointer-events-none disabled:opacity-50 [&amp;_svg]:pointer-events-none [&amp;_svg]:size-4 [&amp;_svg]:shrink-0 bg-primary hover:bg-primary/90 h-10 px-4 py-2 nycu-gradient text-white&quot;
                  &gt;
                    &lt;svg
                      class=&quot;lucide lucide-plus h-4 w-4 mr-1&quot;
                      fill=&quot;none&quot;
                      height=&quot;24&quot;
                      stroke=&quot;currentColor&quot;
                      stroke-linecap=&quot;round&quot;
                      stroke-linejoin=&quot;round&quot;
                      stroke-width=&quot;2&quot;
                      viewBox=&quot;0 0 24 24&quot;
                      width=&quot;24&quot;
                      xmlns=&quot;http://www.w3.org/2000/svg&quot;
                    &gt;
                      &lt;path
                        d=&quot;M5 12h14&quot;
                      /&gt;
                      &lt;path
                        d=&quot;M12 5v14&quot;
                      /&gt;
                    &lt;/svg&gt;
                    新增配置
                  &lt;/button&gt;
                &lt;/div&gt;
              &lt;/div&gt;
              &lt;div
                class=&quot;border rounded-md&quot;
              &gt;
                &lt;table
                  class=&quot;w-full&quot;
                &gt;
                  &lt;thead
                    class=&quot;border-b bg-muted/50&quot;
                  &gt;
                    &lt;tr&gt;
                      &lt;th
                        class=&quot;text-left p-4 font-semibold&quot;
                      &gt;
                        配置名稱
                      &lt;/th&gt;
                      &lt;th
                        class=&quot;text-left p-4 font-semibold&quot;
                      &gt;
                        學年度/學期
                      &lt;/th&gt;
                      &lt;th
                        class=&quot;text-left p-4 font-semibold&quot;
                      &gt;
                        配置代碼
                      &lt;/th&gt;
                      &lt;th
                        class=&quot;text-left p-4 font-semibold&quot;
                      &gt;
                        申請期間
                      &lt;/th&gt;
                      &lt;th
                        class=&quot;text-left p-4 font-semibold&quot;
                      &gt;
                        狀態
                      &lt;/th&gt;
                      &lt;th
                        class=&quot;text-right p-4 font-semibold&quot;
                      &gt;
                        操作
                      &lt;/th&gt;
                    &lt;/tr&gt;
                  &lt;/thead&gt;
                  &lt;tbody&gt;
                    &lt;tr
                      class=&quot;border-b hover:bg-muted/25 transition-colors&quot;
                    &gt;
                      &lt;td
                        class=&quot;p-4&quot;
                      &gt;
...
    at toHaveBeenCalled (/home/jotp/scholarship-system/frontend/components/__tests__/admin-configuration-management.test.tsx:339:55)
    at runWithExpensiveErrorDiagnosticsDisabled (/home/jotp/scholarship-system/frontend/node_modules/@testing-library/react/node_modules/@testing-library/dom/dist/config.js:47:12)
    at checkCallback (/home/jotp/scholarship-system/frontend/node_modules/@testing-library/react/node_modules/@testing-library/dom/dist/wait-for.js:124:77)
    at checkRealTimersCallback (/home/jotp/scholarship-system/frontend/node_modules/@testing-library/react/node_modules/@testing-library/dom/dist/wait-for.js:118:16)
    at Timeout.task [as _onTimeout] (/home/jotp/scholarship-system/frontend/node_modules/jsdom/lib/jsdom/browser/Window.js:520:19)
    at listOnTimeout (node:internal/timers:594:17)
    at processTimers (node:internal/timers:529:7)</failure>
    </testcase>
    <testcase classname="AdminConfigurationManagement Component" name="should display configurations in table" time="1.021">
      <failure>Error: Found multiple elements with the text: PhD獎學金114學年度第一學期

Here are the matching elements:

Ignored nodes: comments, script, style
&lt;div
  class=&quot;font-medium&quot;
&gt;
  PhD獎學金114學年度第一學期
&lt;/div&gt;

Ignored nodes: comments, script, style
&lt;div
  class=&quot;font-medium&quot;
&gt;
  PhD獎學金114學年度第一學期
&lt;/div&gt;

Ignored nodes: comments, script, style
&lt;div
  class=&quot;font-medium&quot;
&gt;
  PhD獎學金114學年度第一學期
&lt;/div&gt;

Ignored nodes: comments, script, style
&lt;div
  class=&quot;font-medium&quot;
&gt;
  PhD獎學金114學年度第一學期
&lt;/div&gt;

(If this is intentional, then use the `*AllBy*` variant of the query (like `queryAllByText`, `getAllByText`, or `findAllByText`)).

Ignored nodes: comments, script, style
&lt;body&gt;
  &lt;div&gt;
    &lt;div
      class=&quot;space-y-6&quot;
    &gt;
      &lt;div
        data-testid=&quot;tabs&quot;
        data-value=&quot;1&quot;
      &gt;
        &lt;div
          data-testid=&quot;tabs-list&quot;
        &gt;
          &lt;button
            data-testid=&quot;tabs-trigger&quot;
            data-value=&quot;1&quot;
          &gt;
            PhD獎學金
          &lt;/button&gt;
          &lt;button
            data-testid=&quot;tabs-trigger&quot;
            data-value=&quot;2&quot;
          &gt;
            碩士獎學金
          &lt;/button&gt;
        &lt;/div&gt;
        &lt;div
          data-testid=&quot;tabs-content&quot;
          data-value=&quot;1&quot;
        &gt;
          &lt;div
            class=&quot;p-6&quot;
            data-testid=&quot;card&quot;
          &gt;
            &lt;div
              class=&quot;flex flex-col lg:flex-row gap-4 mb-6&quot;
            &gt;
              &lt;div
                class=&quot;flex-1&quot;
              &gt;
                &lt;div
                  class=&quot;relative&quot;
                &gt;
                  &lt;svg
                    class=&quot;lucide lucide-search absolute left-2 top-2.5 h-4 w-4 text-muted-foreground&quot;
                    fill=&quot;none&quot;
                    height=&quot;24&quot;
                    stroke=&quot;currentColor&quot;
                    stroke-linecap=&quot;round&quot;
                    stroke-linejoin=&quot;round&quot;
                    stroke-width=&quot;2&quot;
                    viewBox=&quot;0 0 24 24&quot;
                    width=&quot;24&quot;
                    xmlns=&quot;http://www.w3.org/2000/svg&quot;
                  &gt;
                    &lt;circle
                      cx=&quot;11&quot;
                      cy=&quot;11&quot;
                      r=&quot;8&quot;
                    /&gt;
                    &lt;path
                      d=&quot;m21 21-4.3-4.3&quot;
                    /&gt;
                  &lt;/svg&gt;
                  &lt;input
                    data-testid=&quot;input&quot;
                    placeholder=&quot;搜尋配置名稱、代碼或描述...&quot;
                    type=&quot;text&quot;
                    value=&quot;&quot;
                  /&gt;
                &lt;/div&gt;
              &lt;/div&gt;
              &lt;div
                class=&quot;flex gap-2&quot;
              &gt;
                &lt;button
                  class=&quot;inline-flex items-center justify-center gap-2 whitespace-nowrap rounded-md text-sm font-medium ring-offset-background transition-colors focus-visible:outline-none focus-visible:ring-2 focus-visible:ring-ring focus-visible:ring-offset-2 disabled:pointer-events-none disabled:opacity-50 [&amp;_svg]:pointer-events-none [&amp;_svg]:size-4 [&amp;_svg]:shrink-0 bg-primary hover:bg-primary/90 h-10 px-4 py-2 nycu-gradient text-white&quot;
                &gt;
                  &lt;svg
                    class=&quot;lucide lucide-plus h-4 w-4 mr-1&quot;
                    fill=&quot;none&quot;
                    height=&quot;24&quot;
                    stroke=&quot;currentColor&quot;
                    stroke-linecap=&quot;round&quot;
                    stroke-linejoin=&quot;round&quot;
                    stroke-width=&quot;2&quot;
                    viewBox=&quot;0 0 24 24&quot;
                    width=&quot;24&quot;
                    xmlns=&quot;http://www.w3.org/2000/svg&quot;
                  &gt;
                    &lt;path
                      d=&quot;M5 12h14&quot;
                    /&gt;
                    &lt;path
                      d=&quot;M12 5v14&quot;
                    /&gt;
                  &lt;/svg&gt;
                  新增配置
                &lt;/button&gt;
              &lt;/div&gt;
            &lt;/div&gt;
            &lt;div
              class=&quot;border rounded-md&quot;
            &gt;
              &lt;table
                class=&quot;w-full&quot;
              &gt;
                &lt;thead
                  class=&quot;border-b bg-muted/50&quot;
                &gt;
                  &lt;tr&gt;
                    &lt;th
                      class=&quot;text-left p-4 font-semibold&quot;
                    &gt;
                      配置名稱
                    &lt;/th&gt;
                    &lt;th
                      class=&quot;text-left p-4 font-semibold&quot;
                    &gt;
                      學年度/學期
                    &lt;/th&gt;
                    &lt;th
                      class=&quot;text-left p-4 font-semibold&quot;
                    &gt;
                      配置代碼
                    &lt;/th&gt;
                    &lt;th
                      class=&quot;text-left p-4 font-semibold&quot;
                    &gt;
                      申請期間
                    &lt;/th&gt;
                    &lt;th
                      class=&quot;text-left p-4 font-semibold&quot;
                    &gt;
                      狀態
                    &lt;/th&gt;
                    &lt;th
                      class=&quot;text-right p-4 font-semibold&quot;
                    &gt;
                      操作
                    &lt;/th&gt;
                  &lt;/tr&gt;
                &lt;/thead&gt;
                &lt;tbody&gt;
                  &lt;tr
                    class=&quot;border-b hover:bg-muted/25 transition-colors&quot;
                  &gt;
                    &lt;td
                      class=&quot;p-4&quot;
                    &gt;
                      &lt;div
                        class=&quot;space-y-1&quot;
                      &gt;
                        &lt;div
                          class=&quot;font-medium&quot;
                        &gt;
                          PhD獎學金114學年度第一學期
           ...
    at waitForWrapper (/home/jotp/scholarship-system/frontend/node_modules/@testing-library/react/node_modules/@testing-library/dom/dist/wait-for.js:163:27)
    at Object.&lt;anonymous&gt; (/home/jotp/scholarship-system/frontend/components/__tests__/admin-configuration-management.test.tsx:355:18)
    at Promise.then.completed (/home/jotp/scholarship-system/frontend/node_modules/jest-circus/build/utils.js:298:28)
    at new Promise (&lt;anonymous&gt;)
    at callAsyncCircusFn (/home/jotp/scholarship-system/frontend/node_modules/jest-circus/build/utils.js:231:10)
    at _callCircusTest (/home/jotp/scholarship-system/frontend/node_modules/jest-circus/build/run.js:316:40)
    at _runTest (/home/jotp/scholarship-system/frontend/node_modules/jest-circus/build/run.js:252:3)
    at _runTestsForDescribeBlock (/home/jotp/scholarship-system/frontend/node_modules/jest-circus/build/run.js:126:9)
    at _runTestsForDescribeBlock (/home/jotp/scholarship-system/frontend/node_modules/jest-circus/build/run.js:121:9)
    at run (/home/jotp/scholarship-system/frontend/node_modules/jest-circus/build/run.js:71:3)
    at runAndTransformResultsToJestFormat (/home/jotp/scholarship-system/frontend/node_modules/jest-circus/build/legacy-code-todo-rewrite/jestAdapterInit.js:122:21)
    at jestAdapter (/home/jotp/scholarship-system/frontend/node_modules/jest-circus/build/legacy-code-todo-rewrite/jestAdapter.js:79:19)
    at runTestInternal (/home/jotp/scholarship-system/frontend/node_modules/jest-runner/build/runTest.js:367:16)
    at runTest (/home/jotp/scholarship-system/frontend/node_modules/jest-runner/build/runTest.js:444:34)
    at Object.worker (/home/jotp/scholarship-system/frontend/node_modules/jest-runner/build/testWorker.js:106:12)</failure>
    </testcase>
    <testcase classname="AdminConfigurationManagement Component" name="should show empty state when no configurations exist" time="1.012">
      <failure>Error: Found multiple elements with the text: 尚無配置資料

Here are the matching elements:

Ignored nodes: comments, script, style
&lt;p
  class=&quot;text-muted-foreground&quot;
&gt;
  尚無配置資料
&lt;/p&gt;

Ignored nodes: comments, script, style
&lt;p
  class=&quot;text-muted-foreground&quot;
&gt;
  尚無配置資料
&lt;/p&gt;

(If this is intentional, then use the `*AllBy*` variant of the query (like `queryAllByText`, `getAllByText`, or `findAllByText`)).

Ignored nodes: comments, script, style
&lt;body&gt;
  &lt;div&gt;
    &lt;div
      class=&quot;space-y-6&quot;
    &gt;
      &lt;div
        data-testid=&quot;tabs&quot;
        data-value=&quot;1&quot;
      &gt;
        &lt;div
          data-testid=&quot;tabs-list&quot;
        &gt;
          &lt;button
            data-testid=&quot;tabs-trigger&quot;
            data-value=&quot;1&quot;
          &gt;
            PhD獎學金
          &lt;/button&gt;
          &lt;button
            data-testid=&quot;tabs-trigger&quot;
            data-value=&quot;2&quot;
          &gt;
            碩士獎學金
          &lt;/button&gt;
        &lt;/div&gt;
        &lt;div
          data-testid=&quot;tabs-content&quot;
          data-value=&quot;1&quot;
        &gt;
          &lt;div
            class=&quot;p-6&quot;
            data-testid=&quot;card&quot;
          &gt;
            &lt;div
              class=&quot;flex flex-col lg:flex-row gap-4 mb-6&quot;
            &gt;
              &lt;div
                class=&quot;flex-1&quot;
              &gt;
                &lt;div
                  class=&quot;relative&quot;
                &gt;
                  &lt;svg
                    class=&quot;lucide lucide-search absolute left-2 top-2.5 h-4 w-4 text-muted-foreground&quot;
                    fill=&quot;none&quot;
                    height=&quot;24&quot;
                    stroke=&quot;currentColor&quot;
                    stroke-linecap=&quot;round&quot;
                    stroke-linejoin=&quot;round&quot;
                    stroke-width=&quot;2&quot;
                    viewBox=&quot;0 0 24 24&quot;
                    width=&quot;24&quot;
                    xmlns=&quot;http://www.w3.org/2000/svg&quot;
                  &gt;
                    &lt;circle
                      cx=&quot;11&quot;
                      cy=&quot;11&quot;
                      r=&quot;8&quot;
                    /&gt;
                    &lt;path
                      d=&quot;m21 21-4.3-4.3&quot;
                    /&gt;
                  &lt;/svg&gt;
                  &lt;input
                    data-testid=&quot;input&quot;
                    placeholder=&quot;搜尋配置名稱、代碼或描述...&quot;
                    type=&quot;text&quot;
                    value=&quot;&quot;
                  /&gt;
                &lt;/div&gt;
              &lt;/div&gt;
              &lt;div
                class=&quot;flex gap-2&quot;
              &gt;
                &lt;button
                  class=&quot;inline-flex items-center justify-center gap-2 whitespace-nowrap rounded-md text-sm font-medium ring-offset-background transition-colors focus-visible:outline-none focus-visible:ring-2 focus-visible:ring-ring focus-visible:ring-offset-2 disabled:pointer-events-none disabled:opacity-50 [&amp;_svg]:pointer-events-none [&amp;_svg]:size-4 [&amp;_svg]:shrink-0 bg-primary hover:bg-primary/90 h-10 px-4 py-2 nycu-gradient text-white&quot;
                &gt;
                  &lt;svg
                    class=&quot;lucide lucide-plus h-4 w-4 mr-1&quot;
                    fill=&quot;none&quot;
                    height=&quot;24&quot;
                    stroke=&quot;currentColor&quot;
                    stroke-linecap=&quot;round&quot;
                    stroke-linejoin=&quot;round&quot;
                    stroke-width=&quot;2&quot;
                    viewBox=&quot;0 0 24 24&quot;
                    width=&quot;24&quot;
                    xmlns=&quot;http://www.w3.org/2000/svg&quot;
                  &gt;
                    &lt;path
                      d=&quot;M5 12h14&quot;
                    /&gt;
                    &lt;path
                      d=&quot;M12 5v14&quot;
                    /&gt;
                  &lt;/svg&gt;
                  新增配置
                &lt;/button&gt;
              &lt;/div&gt;
            &lt;/div&gt;
            &lt;div
              class=&quot;flex items-center justify-center p-8&quot;
            &gt;
              &lt;div
                class=&quot;text-center&quot;
              &gt;
                &lt;svg
                  class=&quot;lucide lucide-file-text h-12 w-12 mx-auto text-muted-foreground mb-4&quot;
                  fill=&quot;none&quot;
                  height=&quot;24&quot;
                  stroke=&quot;currentColor&quot;
                  stroke-linecap=&quot;round&quot;
                  stroke-linejoin=&quot;round&quot;
                  stroke-width=&quot;2&quot;
                  viewBox=&quot;0 0 24 24&quot;
                  width=&quot;24&quot;
                  xmlns=&quot;http://www.w3.org/2000/svg&quot;
                &gt;
                  &lt;path
                    d=&quot;M15 2H6a2 2 0 0 0-2 2v16a2 2 0 0 0 2 2h12a2 2 0 0 0 2-2V7Z&quot;
                  /&gt;
                  &lt;path
                    d=&quot;M14 2v4a2 2 0 0 0 2 2h4&quot;
                  /&gt;
                  &lt;path
                    d=&quot;M10 9H8&quot;
                  /&gt;
                  &lt;path
                    d=&quot;M16 13H8&quot;
                  /&gt;
                  &lt;path
                    d=&quot;M16 17H8&quot;
                  /&gt;
                &lt;/svg&gt;
                &lt;p
                  class=&quot;text-muted-foreground&quot;
                &gt;
                  尚無配置資料
                &lt;/p&gt;
              &lt;/div&gt;
            &lt;/div&gt;
          &lt;/div&gt;
        &lt;/div&gt;
        &lt;div
          data-testid=&quot;tabs-content&quot;
          data-value=&quot;2&quot;
        &gt;
          &lt;div
            class=&quot;p-6&quot;
            data-testid=&quot;card&quot;
          &gt;
            &lt;div
              class=&quot;flex flex-col lg:flex-row gap-4 mb-6&quot;
            &gt;
              &lt;div
                class=&quot;flex-1&quot;
              &gt;
                &lt;div
                  class=&quot;relative&quot;
                &gt;
                  &lt;svg
                    class=&quot;lucide lucide-search absolute left-2 top-2.5 h-4 w-4 text-muted-foreground&quot;
                    fill=&quot;none&quot;
                    height=&quot;24&quot;
                    stroke=&quot;currentColor&quot;
                    stroke-linecap=&quot;round&quot;
                    stroke-linejoin=&quot;round&quot;
                    stroke-width=&quot;2&quot;
                    viewBox=&quot;0 0 24 24&quot;
                    width=&quot;24&quot;
                    xmlns=&quot;http://www.w3.org/2000/svg&quot;
                  &gt;
                    &lt;circle
                      cx=&quot;11&quot;
                      cy=&quot;11&quot;
                      r=&quot;8&quot;
                    /&gt;
                    &lt;path
                      d=&quot;m21 21-4.3-4.3&quot;
                    /&gt;
                  &lt;/svg&gt;
                  &lt;input
                    data-testid=&quot;input&quot;
                    placeholder=&quot;搜尋配置名稱、代碼或描述...&quot;
                    type=&quot;text&quot;
                    value=&quot;&quot;
                  /&gt;
                &lt;/div&gt;
              &lt;/div&gt;
              &lt;div
                class=&quot;flex gap-2&quot;
              &gt;
                &lt;button
                  class=&quot;inline-flex items-center justify-center gap-2 whitespace-nowrap rounded-md text-sm font-medium ring-offset-background transition-colors focus-visible:outline-none focus-visible:ring-2 focus-visible:ring-ring focus-visible:ring-offset-2 disabled:pointer-events-none disabled:opacity-50 [&amp;_svg]:pointer-events-none [&amp;_svg]:size-4 [&amp;_svg]:shrink-0 bg-primary hover:bg-primary/90 h-10 px-4 py-2 nycu-gradient text-white&quot;
                &gt;
                  &lt;svg
                    class=&quot;lucide lucide-plus h-4 w-4 mr-1&quot;
                    fill=&quot;none&quot;
                    height=&quot;24&quot;
                    stroke=&quot;currentColor&quot;
                    stroke-linecap=&quot;round&quot;
                    stroke-linejoin=&quot;round&quot;
                    stroke-width=&quot;2&quot;
                    viewBox=&quot;0 0 24 24&quot;
                    width=&quot;24&quot;
                    xmlns=&quot;http://www.w3.org/2000/svg&quot;
                  &gt;
                    &lt;path
                      d=&quot;M5 12h14&quot;
                    /&gt;
                    &lt;path
                      d=&quot;M12 5v14&quot;
                    /&gt;
                  &lt;/svg&gt;
                  新增配置
                &lt;/button&gt;
              &lt;/div&gt;
            &lt;/div&gt;
            &lt;div
              class=&quot;flex items-center justify-center p-8&quot;
            &gt;
              &lt;div
                class=&quot;text-center&quot;
              &gt;
                &lt;svg
                  class=&quot;lucide lucide-file-text h-12 w-12 mx-auto text-muted-foreground mb-4&quot;
                  fill=&quot;none&quot;
                  height=&quot;24&quot;
                  stroke=&quot;currentColor&quot;
                  stroke-linecap=&quot;round&quot;
                  stroke-linejoin=&quot;round&quot;
                  stroke-width=&quot;2&quot;
                  viewBox=&quot;0 0 24 24&quot;
                  width=&quot;24&quot;
                  xmlns=&quot;http://www.w3.org/2000/svg&quot;
                &gt;
                  &lt;path
                    d=&quot;M15 2H6a2 2 0 0 0-2 2v16a2 2 0 0 0 2 2h12a2 2 0 0 0 2-2V7Z&quot;
                  /&gt;
                  &lt;path
                    d=&quot;M14 2v4a2 2 0 0 0 2 2h4&quot;
                  /&gt;
                  &lt;path
                    d=&quot;M10 9H8&quot;
                  /&gt;
                  &lt;path
                    d=&quot;M16 13H8&quot;
                  /&gt;
                  &lt;path
                    d=&quot;M16 17H8&quot;
                  /&gt;
                &lt;/svg&gt;
                &lt;p
                  class=&quot;text-muted-foreground&quot;
                &gt;
                  尚無配置資料
                &lt;/p&gt;
              &lt;/div&gt;
            &lt;/div&gt;
          &lt;/div&gt;
        &lt;/div&gt;
      &lt;/div&gt;
    &lt;/div&gt;
  &lt;/div&gt;
&lt;/body&gt;
    at waitForWrapper (/home/jotp/scholarship-system/frontend/node_modules/@testing-library/react/node_modules/@testing-library/dom/dist/wait-for.js:163:27)
    at Object.&lt;anonymous&gt; (/home/jotp/scholarship-system/frontend/components/__tests__/admin-configuration-management.test.tsx:370:18)
    at Promise.then.completed (/home/jotp/scholarship-system/frontend/node_modules/jest-circus/build/utils.js:298:28)
    at new Promise (&lt;anonymous&gt;)
    at callAsyncCircusFn (/home/jotp/scholarship-system/frontend/node_modules/jest-circus/build/utils.js:231:10)
    at _callCircusTest (/home/jotp/scholarship-system/frontend/node_modules/jest-circus/build/run.js:316:40)
    at _runTest (/home/jotp/scholarship-system/frontend/node_modules/jest-circus/build/run.js:252:3)
    at _runTestsForDescribeBlock (/home/jotp/scholarship-system/frontend/node_modules/jest-circus/build/run.js:126:9)
    at _runTestsForDescribeBlock (/home/jotp/scholarship-system/frontend/node_modules/jest-circus/build/run.js:121:9)
    at run (/home/jotp/scholarship-system/frontend/node_modules/jest-circus/build/run.js:71:3)
    at runAndTransformResultsToJestFormat (/home/jotp/scholarship-system/frontend/node_modules/jest-circus/build/legacy-code-todo-rewrite/jestAdapterInit.js:122:21)
    at jestAdapter (/home/jotp/scholarship-system/frontend/node_modules/jest-circus/build/legacy-code-todo-rewrite/jestAdapter.js:79:19)
    at runTestInternal (/home/jotp/scholarship-system/frontend/node_modules/jest-runner/build/runTest.js:367:16)
    at runTest (/home/jotp/scholarship-system/frontend/node_modules/jest-runner/build/runTest.js:444:34)
    at Object.worker (/home/jotp/scholarship-system/frontend/node_modules/jest-runner/build/testWorker.js:106:12)</failure>
    </testcase>
    <testcase classname="AdminConfigurationManagement Component" name="should open create dialog when create button is clicked" time="1.02">
      <failure>Error: Found multiple elements with the text: 新增配置

Here are the matching elements:

Ignored nodes: comments, script, style
&lt;button
  class=&quot;inline-flex items-center justify-center gap-2 whitespace-nowrap rounded-md text-sm font-medium ring-offset-background transition-colors focus-visible:outline-none focus-visible:ring-2 focus-visible:ring-ring focus-visible:ring-offset-2 disabled:pointer-events-none disabled:opacity-50 [&amp;_svg]:pointer-events-none [&amp;_svg]:size-4 [&amp;_svg]:shrink-0 bg-primary hover:bg-primary/90 h-10 px-4 py-2 nycu-gradient text-white&quot;
&gt;
  &lt;svg
    class=&quot;lucide lucide-plus h-4 w-4 mr-1&quot;
    fill=&quot;none&quot;
    height=&quot;24&quot;
    stroke=&quot;currentColor&quot;
    stroke-linecap=&quot;round&quot;
    stroke-linejoin=&quot;round&quot;
    stroke-width=&quot;2&quot;
    viewBox=&quot;0 0 24 24&quot;
    width=&quot;24&quot;
    xmlns=&quot;http://www.w3.org/2000/svg&quot;
  &gt;
    &lt;path
      d=&quot;M5 12h14&quot;
    /&gt;
    &lt;path
      d=&quot;M12 5v14&quot;
    /&gt;
  &lt;/svg&gt;
  新增配置
&lt;/button&gt;

Ignored nodes: comments, script, style
&lt;button
  class=&quot;inline-flex items-center justify-center gap-2 whitespace-nowrap rounded-md text-sm font-medium ring-offset-background transition-colors focus-visible:outline-none focus-visible:ring-2 focus-visible:ring-ring focus-visible:ring-offset-2 disabled:pointer-events-none disabled:opacity-50 [&amp;_svg]:pointer-events-none [&amp;_svg]:size-4 [&amp;_svg]:shrink-0 bg-primary hover:bg-primary/90 h-10 px-4 py-2 nycu-gradient text-white&quot;
&gt;
  &lt;svg
    class=&quot;lucide lucide-plus h-4 w-4 mr-1&quot;
    fill=&quot;none&quot;
    height=&quot;24&quot;
    stroke=&quot;currentColor&quot;
    stroke-linecap=&quot;round&quot;
    stroke-linejoin=&quot;round&quot;
    stroke-width=&quot;2&quot;
    viewBox=&quot;0 0 24 24&quot;
    width=&quot;24&quot;
    xmlns=&quot;http://www.w3.org/2000/svg&quot;
  &gt;
    &lt;path
      d=&quot;M5 12h14&quot;
    /&gt;
    &lt;path
      d=&quot;M12 5v14&quot;
    /&gt;
  &lt;/svg&gt;
  新增配置
&lt;/button&gt;

(If this is intentional, then use the `*AllBy*` variant of the query (like `queryAllByText`, `getAllByText`, or `findAllByText`)).

Ignored nodes: comments, script, style
&lt;body&gt;
  &lt;div&gt;
    &lt;div
      class=&quot;space-y-6&quot;
    &gt;
      &lt;div
        data-testid=&quot;tabs&quot;
        data-value=&quot;1&quot;
      &gt;
        &lt;div
          data-testid=&quot;tabs-list&quot;
        &gt;
          &lt;button
            data-testid=&quot;tabs-trigger&quot;
            data-value=&quot;1&quot;
          &gt;
            PhD獎學金
          &lt;/button&gt;
          &lt;button
            data-testid=&quot;tabs-trigger&quot;
            data-value=&quot;2&quot;
          &gt;
            碩士獎學金
          &lt;/button&gt;
        &lt;/div&gt;
        &lt;div
          data-testid=&quot;tabs-content&quot;
          data-value=&quot;1&quot;
        &gt;
          &lt;div
            class=&quot;p-6&quot;
            data-testid=&quot;card&quot;
          &gt;
            &lt;div
              class=&quot;flex flex-col lg:flex-row gap-4 mb-6&quot;
            &gt;
              &lt;div
                class=&quot;flex-1&quot;
              &gt;
                &lt;div
                  class=&quot;relative&quot;
                &gt;
                  &lt;svg
                    class=&quot;lucide lucide-search absolute left-2 top-2.5 h-4 w-4 text-muted-foreground&quot;
                    fill=&quot;none&quot;
                    height=&quot;24&quot;
                    stroke=&quot;currentColor&quot;
                    stroke-linecap=&quot;round&quot;
                    stroke-linejoin=&quot;round&quot;
                    stroke-width=&quot;2&quot;
                    viewBox=&quot;0 0 24 24&quot;
                    width=&quot;24&quot;
                    xmlns=&quot;http://www.w3.org/2000/svg&quot;
                  &gt;
                    &lt;circle
                      cx=&quot;11&quot;
                      cy=&quot;11&quot;
                      r=&quot;8&quot;
                    /&gt;
                    &lt;path
                      d=&quot;m21 21-4.3-4.3&quot;
                    /&gt;
                  &lt;/svg&gt;
                  &lt;input
                    data-testid=&quot;input&quot;
                    placeholder=&quot;搜尋配置名稱、代碼或描述...&quot;
                    type=&quot;text&quot;
                    value=&quot;&quot;
                  /&gt;
                &lt;/div&gt;
              &lt;/div&gt;
              &lt;div
                class=&quot;flex gap-2&quot;
              &gt;
                &lt;button
                  class=&quot;inline-flex items-center justify-center gap-2 whitespace-nowrap rounded-md text-sm font-medium ring-offset-background transition-colors focus-visible:outline-none focus-visible:ring-2 focus-visible:ring-ring focus-visible:ring-offset-2 disabled:pointer-events-none disabled:opacity-50 [&amp;_svg]:pointer-events-none [&amp;_svg]:size-4 [&amp;_svg]:shrink-0 bg-primary hover:bg-primary/90 h-10 px-4 py-2 nycu-gradient text-white&quot;
                &gt;
                  &lt;svg
                    class=&quot;lucide lucide-plus h-4 w-4 mr-1&quot;
                    fill=&quot;none&quot;
                    height=&quot;24&quot;
                    stroke=&quot;currentColor&quot;
                    stroke-linecap=&quot;round&quot;
                    stroke-linejoin=&quot;round&quot;
                    stroke-width=&quot;2&quot;
                    viewBox=&quot;0 0 24 24&quot;
                    width=&quot;24&quot;
                    xmlns=&quot;http://www.w3.org/2000/svg&quot;
                  &gt;
                    &lt;path
                      d=&quot;M5 12h14&quot;
                    /&gt;
                    &lt;path
                      d=&quot;M12 5v14&quot;
                    /&gt;
                  &lt;/svg&gt;
                  新增配置
                &lt;/button&gt;
              &lt;/div&gt;
            &lt;/div&gt;
            &lt;div
              class=&quot;border rounded-md&quot;
            &gt;
              &lt;table
                class=&quot;w-full&quot;
              &gt;
                &lt;thead
                  class=&quot;border-b bg-muted/50&quot;
                &gt;
                  &lt;tr&gt;
                    &lt;th
                      class=&quot;text-left p-4 font-semibold&quot;
                    &gt;
                      配置名稱
                    &lt;/th&gt;
                    &lt;th
                      class=&quot;text-left p-4 font-semibold&quot;
                    &gt;
                      學年度/學期
                    &lt;/th&gt;
                    &lt;th
                      class=&quot;text-left p-4 font-semibold&quot;
                    &gt;
                      配置代碼
                    &lt;/th&gt;
                    &lt;th
                      class=&quot;text-left p-4 font-semibold&quot;
                    &gt;
                      申請期間
                    &lt;/th&gt;
                    &lt;th
                      class=&quot;text-left p-4 font-semibold&quot;
                    &gt;
                      狀態
                    &lt;/th&gt;
                    &lt;th
                      class=&quot;text-right p-4 font-semibold&quot;
                    &gt;
                      操作
                    &lt;/th&gt;
                  &lt;/tr&gt;
                &lt;/thead&gt;
                &lt;tbody&gt;
                  &lt;tr
                    class=&quot;border-b hover:bg-muted/25 transition-colors&quot;
                  &gt;
                    &lt;td
                      class=&quot;p-4&quot;
                    &gt;
                      &lt;div
                        class=&quot;space-y-1&quot;
                      &gt;
                        &lt;div
                          class=&quot;font-medium&quot;
                        &gt;
                          PhD獎學金114學年度第一學期
           ...
    at waitForWrapper (/home/jotp/scholarship-system/frontend/node_modules/@testing-library/react/node_modules/@testing-library/dom/dist/wait-for.js:163:27)
    at Object.&lt;anonymous&gt; (/home/jotp/scholarship-system/frontend/components/__tests__/admin-configuration-management.test.tsx:380:18)
    at Promise.then.completed (/home/jotp/scholarship-system/frontend/node_modules/jest-circus/build/utils.js:298:28)
    at new Promise (&lt;anonymous&gt;)
    at callAsyncCircusFn (/home/jotp/scholarship-system/frontend/node_modules/jest-circus/build/utils.js:231:10)
    at _callCircusTest (/home/jotp/scholarship-system/frontend/node_modules/jest-circus/build/run.js:316:40)
    at _runTest (/home/jotp/scholarship-system/frontend/node_modules/jest-circus/build/run.js:252:3)
    at _runTestsForDescribeBlock (/home/jotp/scholarship-system/frontend/node_modules/jest-circus/build/run.js:126:9)
    at _runTestsForDescribeBlock (/home/jotp/scholarship-system/frontend/node_modules/jest-circus/build/run.js:121:9)
    at run (/home/jotp/scholarship-system/frontend/node_modules/jest-circus/build/run.js:71:3)
    at runAndTransformResultsToJestFormat (/home/jotp/scholarship-system/frontend/node_modules/jest-circus/build/legacy-code-todo-rewrite/jestAdapterInit.js:122:21)
    at jestAdapter (/home/jotp/scholarship-system/frontend/node_modules/jest-circus/build/legacy-code-todo-rewrite/jestAdapter.js:79:19)
    at runTestInternal (/home/jotp/scholarship-system/frontend/node_modules/jest-runner/build/runTest.js:367:16)
    at runTest (/home/jotp/scholarship-system/frontend/node_modules/jest-runner/build/runTest.js:444:34)
    at Object.worker (/home/jotp/scholarship-system/frontend/node_modules/jest-runner/build/testWorker.js:106:12)</failure>
    </testcase>
    <testcase classname="AdminConfigurationManagement Component" name="should create new configuration successfully" time="1.024">
      <failure>Error: Found multiple elements with the text: 新增配置

Here are the matching elements:

Ignored nodes: comments, script, style
&lt;button
  class=&quot;inline-flex items-center justify-center gap-2 whitespace-nowrap rounded-md text-sm font-medium ring-offset-background transition-colors focus-visible:outline-none focus-visible:ring-2 focus-visible:ring-ring focus-visible:ring-offset-2 disabled:pointer-events-none disabled:opacity-50 [&amp;_svg]:pointer-events-none [&amp;_svg]:size-4 [&amp;_svg]:shrink-0 bg-primary hover:bg-primary/90 h-10 px-4 py-2 nycu-gradient text-white&quot;
&gt;
  &lt;svg
    class=&quot;lucide lucide-plus h-4 w-4 mr-1&quot;
    fill=&quot;none&quot;
    height=&quot;24&quot;
    stroke=&quot;currentColor&quot;
    stroke-linecap=&quot;round&quot;
    stroke-linejoin=&quot;round&quot;
    stroke-width=&quot;2&quot;
    viewBox=&quot;0 0 24 24&quot;
    width=&quot;24&quot;
    xmlns=&quot;http://www.w3.org/2000/svg&quot;
  &gt;
    &lt;path
      d=&quot;M5 12h14&quot;
    /&gt;
    &lt;path
      d=&quot;M12 5v14&quot;
    /&gt;
  &lt;/svg&gt;
  新增配置
&lt;/button&gt;

Ignored nodes: comments, script, style
&lt;button
  class=&quot;inline-flex items-center justify-center gap-2 whitespace-nowrap rounded-md text-sm font-medium ring-offset-background transition-colors focus-visible:outline-none focus-visible:ring-2 focus-visible:ring-ring focus-visible:ring-offset-2 disabled:pointer-events-none disabled:opacity-50 [&amp;_svg]:pointer-events-none [&amp;_svg]:size-4 [&amp;_svg]:shrink-0 bg-primary hover:bg-primary/90 h-10 px-4 py-2 nycu-gradient text-white&quot;
&gt;
  &lt;svg
    class=&quot;lucide lucide-plus h-4 w-4 mr-1&quot;
    fill=&quot;none&quot;
    height=&quot;24&quot;
    stroke=&quot;currentColor&quot;
    stroke-linecap=&quot;round&quot;
    stroke-linejoin=&quot;round&quot;
    stroke-width=&quot;2&quot;
    viewBox=&quot;0 0 24 24&quot;
    width=&quot;24&quot;
    xmlns=&quot;http://www.w3.org/2000/svg&quot;
  &gt;
    &lt;path
      d=&quot;M5 12h14&quot;
    /&gt;
    &lt;path
      d=&quot;M12 5v14&quot;
    /&gt;
  &lt;/svg&gt;
  新增配置
&lt;/button&gt;

(If this is intentional, then use the `*AllBy*` variant of the query (like `queryAllByText`, `getAllByText`, or `findAllByText`)).

Ignored nodes: comments, script, style
&lt;body&gt;
  &lt;div&gt;
    &lt;div
      class=&quot;space-y-6&quot;
    &gt;
      &lt;div
        data-testid=&quot;tabs&quot;
        data-value=&quot;1&quot;
      &gt;
        &lt;div
          data-testid=&quot;tabs-list&quot;
        &gt;
          &lt;button
            data-testid=&quot;tabs-trigger&quot;
            data-value=&quot;1&quot;
          &gt;
            PhD獎學金
          &lt;/button&gt;
          &lt;button
            data-testid=&quot;tabs-trigger&quot;
            data-value=&quot;2&quot;
          &gt;
            碩士獎學金
          &lt;/button&gt;
        &lt;/div&gt;
        &lt;div
          data-testid=&quot;tabs-content&quot;
          data-value=&quot;1&quot;
        &gt;
          &lt;div
            class=&quot;p-6&quot;
            data-testid=&quot;card&quot;
          &gt;
            &lt;div
              class=&quot;flex flex-col lg:flex-row gap-4 mb-6&quot;
            &gt;
              &lt;div
                class=&quot;flex-1&quot;
              &gt;
                &lt;div
                  class=&quot;relative&quot;
                &gt;
                  &lt;svg
                    class=&quot;lucide lucide-search absolute left-2 top-2.5 h-4 w-4 text-muted-foreground&quot;
                    fill=&quot;none&quot;
                    height=&quot;24&quot;
                    stroke=&quot;currentColor&quot;
                    stroke-linecap=&quot;round&quot;
                    stroke-linejoin=&quot;round&quot;
                    stroke-width=&quot;2&quot;
                    viewBox=&quot;0 0 24 24&quot;
                    width=&quot;24&quot;
                    xmlns=&quot;http://www.w3.org/2000/svg&quot;
                  &gt;
                    &lt;circle
                      cx=&quot;11&quot;
                      cy=&quot;11&quot;
                      r=&quot;8&quot;
                    /&gt;
                    &lt;path
                      d=&quot;m21 21-4.3-4.3&quot;
                    /&gt;
                  &lt;/svg&gt;
                  &lt;input
                    data-testid=&quot;input&quot;
                    placeholder=&quot;搜尋配置名稱、代碼或描述...&quot;
                    type=&quot;text&quot;
                    value=&quot;&quot;
                  /&gt;
                &lt;/div&gt;
              &lt;/div&gt;
              &lt;div
                class=&quot;flex gap-2&quot;
              &gt;
                &lt;button
                  class=&quot;inline-flex items-center justify-center gap-2 whitespace-nowrap rounded-md text-sm font-medium ring-offset-background transition-colors focus-visible:outline-none focus-visible:ring-2 focus-visible:ring-ring focus-visible:ring-offset-2 disabled:pointer-events-none disabled:opacity-50 [&amp;_svg]:pointer-events-none [&amp;_svg]:size-4 [&amp;_svg]:shrink-0 bg-primary hover:bg-primary/90 h-10 px-4 py-2 nycu-gradient text-white&quot;
                &gt;
                  &lt;svg
                    class=&quot;lucide lucide-plus h-4 w-4 mr-1&quot;
                    fill=&quot;none&quot;
                    height=&quot;24&quot;
                    stroke=&quot;currentColor&quot;
                    stroke-linecap=&quot;round&quot;
                    stroke-linejoin=&quot;round&quot;
                    stroke-width=&quot;2&quot;
                    viewBox=&quot;0 0 24 24&quot;
                    width=&quot;24&quot;
                    xmlns=&quot;http://www.w3.org/2000/svg&quot;
                  &gt;
                    &lt;path
                      d=&quot;M5 12h14&quot;
                    /&gt;
                    &lt;path
                      d=&quot;M12 5v14&quot;
                    /&gt;
                  &lt;/svg&gt;
                  新增配置
                &lt;/button&gt;
              &lt;/div&gt;
            &lt;/div&gt;
            &lt;div
              class=&quot;border rounded-md&quot;
            &gt;
              &lt;table
                class=&quot;w-full&quot;
              &gt;
                &lt;thead
                  class=&quot;border-b bg-muted/50&quot;
                &gt;
                  &lt;tr&gt;
                    &lt;th
                      class=&quot;text-left p-4 font-semibold&quot;
                    &gt;
                      配置名稱
                    &lt;/th&gt;
                    &lt;th
                      class=&quot;text-left p-4 font-semibold&quot;
                    &gt;
                      學年度/學期
                    &lt;/th&gt;
                    &lt;th
                      class=&quot;text-left p-4 font-semibold&quot;
                    &gt;
                      配置代碼
                    &lt;/th&gt;
                    &lt;th
                      class=&quot;text-left p-4 font-semibold&quot;
                    &gt;
                      申請期間
                    &lt;/th&gt;
                    &lt;th
                      class=&quot;text-left p-4 font-semibold&quot;
                    &gt;
                      狀態
                    &lt;/th&gt;
                    &lt;th
                      class=&quot;text-right p-4 font-semibold&quot;
                    &gt;
                      操作
                    &lt;/th&gt;
                  &lt;/tr&gt;
                &lt;/thead&gt;
                &lt;tbody&gt;
                  &lt;tr
                    class=&quot;border-b hover:bg-muted/25 transition-colors&quot;
                  &gt;
                    &lt;td
                      class=&quot;p-4&quot;
                    &gt;
                      &lt;div
                        class=&quot;space-y-1&quot;
                      &gt;
                        &lt;div
                          class=&quot;font-medium&quot;
                        &gt;
                          PhD獎學金114學年度第一學期
           ...
    at waitForWrapper (/home/jotp/scholarship-system/frontend/node_modules/@testing-library/react/node_modules/@testing-library/dom/dist/wait-for.js:163:27)
    at Object.&lt;anonymous&gt; (/home/jotp/scholarship-system/frontend/components/__tests__/admin-configuration-management.test.tsx:403:18)
    at Promise.then.completed (/home/jotp/scholarship-system/frontend/node_modules/jest-circus/build/utils.js:298:28)
    at new Promise (&lt;anonymous&gt;)
    at callAsyncCircusFn (/home/jotp/scholarship-system/frontend/node_modules/jest-circus/build/utils.js:231:10)
    at _callCircusTest (/home/jotp/scholarship-system/frontend/node_modules/jest-circus/build/run.js:316:40)
    at _runTest (/home/jotp/scholarship-system/frontend/node_modules/jest-circus/build/run.js:252:3)
    at _runTestsForDescribeBlock (/home/jotp/scholarship-system/frontend/node_modules/jest-circus/build/run.js:126:9)
    at _runTestsForDescribeBlock (/home/jotp/scholarship-system/frontend/node_modules/jest-circus/build/run.js:121:9)
    at run (/home/jotp/scholarship-system/frontend/node_modules/jest-circus/build/run.js:71:3)
    at runAndTransformResultsToJestFormat (/home/jotp/scholarship-system/frontend/node_modules/jest-circus/build/legacy-code-todo-rewrite/jestAdapterInit.js:122:21)
    at jestAdapter (/home/jotp/scholarship-system/frontend/node_modules/jest-circus/build/legacy-code-todo-rewrite/jestAdapter.js:79:19)
    at runTestInternal (/home/jotp/scholarship-system/frontend/node_modules/jest-runner/build/runTest.js:367:16)
    at runTest (/home/jotp/scholarship-system/frontend/node_modules/jest-runner/build/runTest.js:444:34)
    at Object.worker (/home/jotp/scholarship-system/frontend/node_modules/jest-runner/build/testWorker.js:106:12)</failure>
    </testcase>
    <testcase classname="AdminConfigurationManagement Component" name="should handle create configuration error" time="1.019">
      <failure>Error: Found multiple elements with the text: 新增配置

Here are the matching elements:

Ignored nodes: comments, script, style
&lt;button
  class=&quot;inline-flex items-center justify-center gap-2 whitespace-nowrap rounded-md text-sm font-medium ring-offset-background transition-colors focus-visible:outline-none focus-visible:ring-2 focus-visible:ring-ring focus-visible:ring-offset-2 disabled:pointer-events-none disabled:opacity-50 [&amp;_svg]:pointer-events-none [&amp;_svg]:size-4 [&amp;_svg]:shrink-0 bg-primary hover:bg-primary/90 h-10 px-4 py-2 nycu-gradient text-white&quot;
&gt;
  &lt;svg
    class=&quot;lucide lucide-plus h-4 w-4 mr-1&quot;
    fill=&quot;none&quot;
    height=&quot;24&quot;
    stroke=&quot;currentColor&quot;
    stroke-linecap=&quot;round&quot;
    stroke-linejoin=&quot;round&quot;
    stroke-width=&quot;2&quot;
    viewBox=&quot;0 0 24 24&quot;
    width=&quot;24&quot;
    xmlns=&quot;http://www.w3.org/2000/svg&quot;
  &gt;
    &lt;path
      d=&quot;M5 12h14&quot;
    /&gt;
    &lt;path
      d=&quot;M12 5v14&quot;
    /&gt;
  &lt;/svg&gt;
  新增配置
&lt;/button&gt;

Ignored nodes: comments, script, style
&lt;button
  class=&quot;inline-flex items-center justify-center gap-2 whitespace-nowrap rounded-md text-sm font-medium ring-offset-background transition-colors focus-visible:outline-none focus-visible:ring-2 focus-visible:ring-ring focus-visible:ring-offset-2 disabled:pointer-events-none disabled:opacity-50 [&amp;_svg]:pointer-events-none [&amp;_svg]:size-4 [&amp;_svg]:shrink-0 bg-primary hover:bg-primary/90 h-10 px-4 py-2 nycu-gradient text-white&quot;
&gt;
  &lt;svg
    class=&quot;lucide lucide-plus h-4 w-4 mr-1&quot;
    fill=&quot;none&quot;
    height=&quot;24&quot;
    stroke=&quot;currentColor&quot;
    stroke-linecap=&quot;round&quot;
    stroke-linejoin=&quot;round&quot;
    stroke-width=&quot;2&quot;
    viewBox=&quot;0 0 24 24&quot;
    width=&quot;24&quot;
    xmlns=&quot;http://www.w3.org/2000/svg&quot;
  &gt;
    &lt;path
      d=&quot;M5 12h14&quot;
    /&gt;
    &lt;path
      d=&quot;M12 5v14&quot;
    /&gt;
  &lt;/svg&gt;
  新增配置
&lt;/button&gt;

(If this is intentional, then use the `*AllBy*` variant of the query (like `queryAllByText`, `getAllByText`, or `findAllByText`)).

Ignored nodes: comments, script, style
&lt;body&gt;
  &lt;div&gt;
    &lt;div
      class=&quot;space-y-6&quot;
    &gt;
      &lt;div
        data-testid=&quot;tabs&quot;
        data-value=&quot;1&quot;
      &gt;
        &lt;div
          data-testid=&quot;tabs-list&quot;
        &gt;
          &lt;button
            data-testid=&quot;tabs-trigger&quot;
            data-value=&quot;1&quot;
          &gt;
            PhD獎學金
          &lt;/button&gt;
          &lt;button
            data-testid=&quot;tabs-trigger&quot;
            data-value=&quot;2&quot;
          &gt;
            碩士獎學金
          &lt;/button&gt;
        &lt;/div&gt;
        &lt;div
          data-testid=&quot;tabs-content&quot;
          data-value=&quot;1&quot;
        &gt;
          &lt;div
            class=&quot;p-6&quot;
            data-testid=&quot;card&quot;
          &gt;
            &lt;div
              class=&quot;flex flex-col lg:flex-row gap-4 mb-6&quot;
            &gt;
              &lt;div
                class=&quot;flex-1&quot;
              &gt;
                &lt;div
                  class=&quot;relative&quot;
                &gt;
                  &lt;svg
                    class=&quot;lucide lucide-search absolute left-2 top-2.5 h-4 w-4 text-muted-foreground&quot;
                    fill=&quot;none&quot;
                    height=&quot;24&quot;
                    stroke=&quot;currentColor&quot;
                    stroke-linecap=&quot;round&quot;
                    stroke-linejoin=&quot;round&quot;
                    stroke-width=&quot;2&quot;
                    viewBox=&quot;0 0 24 24&quot;
                    width=&quot;24&quot;
                    xmlns=&quot;http://www.w3.org/2000/svg&quot;
                  &gt;
                    &lt;circle
                      cx=&quot;11&quot;
                      cy=&quot;11&quot;
                      r=&quot;8&quot;
                    /&gt;
                    &lt;path
                      d=&quot;m21 21-4.3-4.3&quot;
                    /&gt;
                  &lt;/svg&gt;
                  &lt;input
                    data-testid=&quot;input&quot;
                    placeholder=&quot;搜尋配置名稱、代碼或描述...&quot;
                    type=&quot;text&quot;
                    value=&quot;&quot;
                  /&gt;
                &lt;/div&gt;
              &lt;/div&gt;
              &lt;div
                class=&quot;flex gap-2&quot;
              &gt;
                &lt;button
                  class=&quot;inline-flex items-center justify-center gap-2 whitespace-nowrap rounded-md text-sm font-medium ring-offset-background transition-colors focus-visible:outline-none focus-visible:ring-2 focus-visible:ring-ring focus-visible:ring-offset-2 disabled:pointer-events-none disabled:opacity-50 [&amp;_svg]:pointer-events-none [&amp;_svg]:size-4 [&amp;_svg]:shrink-0 bg-primary hover:bg-primary/90 h-10 px-4 py-2 nycu-gradient text-white&quot;
                &gt;
                  &lt;svg
                    class=&quot;lucide lucide-plus h-4 w-4 mr-1&quot;
                    fill=&quot;none&quot;
                    height=&quot;24&quot;
                    stroke=&quot;currentColor&quot;
                    stroke-linecap=&quot;round&quot;
                    stroke-linejoin=&quot;round&quot;
                    stroke-width=&quot;2&quot;
                    viewBox=&quot;0 0 24 24&quot;
                    width=&quot;24&quot;
                    xmlns=&quot;http://www.w3.org/2000/svg&quot;
                  &gt;
                    &lt;path
                      d=&quot;M5 12h14&quot;
                    /&gt;
                    &lt;path
                      d=&quot;M12 5v14&quot;
                    /&gt;
                  &lt;/svg&gt;
                  新增配置
                &lt;/button&gt;
              &lt;/div&gt;
            &lt;/div&gt;
            &lt;div
              class=&quot;border rounded-md&quot;
            &gt;
              &lt;table
                class=&quot;w-full&quot;
              &gt;
                &lt;thead
                  class=&quot;border-b bg-muted/50&quot;
                &gt;
                  &lt;tr&gt;
                    &lt;th
                      class=&quot;text-left p-4 font-semibold&quot;
                    &gt;
                      配置名稱
                    &lt;/th&gt;
                    &lt;th
                      class=&quot;text-left p-4 font-semibold&quot;
                    &gt;
                      學年度/學期
                    &lt;/th&gt;
                    &lt;th
                      class=&quot;text-left p-4 font-semibold&quot;
                    &gt;
                      配置代碼
                    &lt;/th&gt;
                    &lt;th
                      class=&quot;text-left p-4 font-semibold&quot;
                    &gt;
                      申請期間
                    &lt;/th&gt;
                    &lt;th
                      class=&quot;text-left p-4 font-semibold&quot;
                    &gt;
                      狀態
                    &lt;/th&gt;
                    &lt;th
                      class=&quot;text-right p-4 font-semibold&quot;
                    &gt;
                      操作
                    &lt;/th&gt;
                  &lt;/tr&gt;
                &lt;/thead&gt;
                &lt;tbody&gt;
                  &lt;tr
                    class=&quot;border-b hover:bg-muted/25 transition-colors&quot;
                  &gt;
                    &lt;td
                      class=&quot;p-4&quot;
                    &gt;
                      &lt;div
                        class=&quot;space-y-1&quot;
                      &gt;
                        &lt;div
                          class=&quot;font-medium&quot;
                        &gt;
                          PhD獎學金114學年度第一學期
           ...
    at waitForWrapper (/home/jotp/scholarship-system/frontend/node_modules/@testing-library/react/node_modules/@testing-library/dom/dist/wait-for.js:163:27)
    at Object.&lt;anonymous&gt; (/home/jotp/scholarship-system/frontend/components/__tests__/admin-configuration-management.test.tsx:435:18)
    at Promise.then.completed (/home/jotp/scholarship-system/frontend/node_modules/jest-circus/build/utils.js:298:28)
    at new Promise (&lt;anonymous&gt;)
    at callAsyncCircusFn (/home/jotp/scholarship-system/frontend/node_modules/jest-circus/build/utils.js:231:10)
    at _callCircusTest (/home/jotp/scholarship-system/frontend/node_modules/jest-circus/build/run.js:316:40)
    at _runTest (/home/jotp/scholarship-system/frontend/node_modules/jest-circus/build/run.js:252:3)
    at _runTestsForDescribeBlock (/home/jotp/scholarship-system/frontend/node_modules/jest-circus/build/run.js:126:9)
    at _runTestsForDescribeBlock (/home/jotp/scholarship-system/frontend/node_modules/jest-circus/build/run.js:121:9)
    at run (/home/jotp/scholarship-system/frontend/node_modules/jest-circus/build/run.js:71:3)
    at runAndTransformResultsToJestFormat (/home/jotp/scholarship-system/frontend/node_modules/jest-circus/build/legacy-code-todo-rewrite/jestAdapterInit.js:122:21)
    at jestAdapter (/home/jotp/scholarship-system/frontend/node_modules/jest-circus/build/legacy-code-todo-rewrite/jestAdapter.js:79:19)
    at runTestInternal (/home/jotp/scholarship-system/frontend/node_modules/jest-runner/build/runTest.js:367:16)
    at runTest (/home/jotp/scholarship-system/frontend/node_modules/jest-runner/build/runTest.js:444:34)
    at Object.worker (/home/jotp/scholarship-system/frontend/node_modules/jest-runner/build/testWorker.js:106:12)</failure>
    </testcase>
    <testcase classname="AdminConfigurationManagement Component" name="should open edit dialog when edit button is clicked" time="1.026">
      <failure>Error: Unable to find an element by: [data-testid=&quot;button&quot;]

Ignored nodes: comments, script, style
&lt;body&gt;
  &lt;div&gt;
    &lt;div
      class=&quot;space-y-6&quot;
    &gt;
      &lt;div
        data-testid=&quot;tabs&quot;
        data-value=&quot;1&quot;
      &gt;
        &lt;div
          data-testid=&quot;tabs-list&quot;
        &gt;
          &lt;button
            data-testid=&quot;tabs-trigger&quot;
            data-value=&quot;1&quot;
          &gt;
            PhD獎學金
          &lt;/button&gt;
          &lt;button
            data-testid=&quot;tabs-trigger&quot;
            data-value=&quot;2&quot;
          &gt;
            碩士獎學金
          &lt;/button&gt;
        &lt;/div&gt;
        &lt;div
          data-testid=&quot;tabs-content&quot;
          data-value=&quot;1&quot;
        &gt;
          &lt;div
            class=&quot;p-6&quot;
            data-testid=&quot;card&quot;
          &gt;
            &lt;div
              class=&quot;flex flex-col lg:flex-row gap-4 mb-6&quot;
            &gt;
              &lt;div
                class=&quot;flex-1&quot;
              &gt;
                &lt;div
                  class=&quot;relative&quot;
                &gt;
                  &lt;svg
                    class=&quot;lucide lucide-search absolute left-2 top-2.5 h-4 w-4 text-muted-foreground&quot;
                    fill=&quot;none&quot;
                    height=&quot;24&quot;
                    stroke=&quot;currentColor&quot;
                    stroke-linecap=&quot;round&quot;
                    stroke-linejoin=&quot;round&quot;
                    stroke-width=&quot;2&quot;
                    viewBox=&quot;0 0 24 24&quot;
                    width=&quot;24&quot;
                    xmlns=&quot;http://www.w3.org/2000/svg&quot;
                  &gt;
                    &lt;circle
                      cx=&quot;11&quot;
                      cy=&quot;11&quot;
                      r=&quot;8&quot;
                    /&gt;
                    &lt;path
                      d=&quot;m21 21-4.3-4.3&quot;
                    /&gt;
                  &lt;/svg&gt;
                  &lt;input
                    data-testid=&quot;input&quot;
                    placeholder=&quot;搜尋配置名稱、代碼或描述...&quot;
                    type=&quot;text&quot;
                    value=&quot;&quot;
                  /&gt;
                &lt;/div&gt;
              &lt;/div&gt;
              &lt;div
                class=&quot;flex gap-2&quot;
              &gt;
                &lt;button
                  class=&quot;inline-flex items-center justify-center gap-2 whitespace-nowrap rounded-md text-sm font-medium ring-offset-background transition-colors focus-visible:outline-none focus-visible:ring-2 focus-visible:ring-ring focus-visible:ring-offset-2 disabled:pointer-events-none disabled:opacity-50 [&amp;_svg]:pointer-events-none [&amp;_svg]:size-4 [&amp;_svg]:shrink-0 bg-primary hover:bg-primary/90 h-10 px-4 py-2 nycu-gradient text-white&quot;
                &gt;
                  &lt;svg
                    class=&quot;lucide lucide-plus h-4 w-4 mr-1&quot;
                    fill=&quot;none&quot;
                    height=&quot;24&quot;
                    stroke=&quot;currentColor&quot;
                    stroke-linecap=&quot;round&quot;
                    stroke-linejoin=&quot;round&quot;
                    stroke-width=&quot;2&quot;
                    viewBox=&quot;0 0 24 24&quot;
                    width=&quot;24&quot;
                    xmlns=&quot;http://www.w3.org/2000/svg&quot;
                  &gt;
                    &lt;path
                      d=&quot;M5 12h14&quot;
                    /&gt;
                    &lt;path
                      d=&quot;M12 5v14&quot;
                    /&gt;
                  &lt;/svg&gt;
                  新增配置
                &lt;/button&gt;
              &lt;/div&gt;
            &lt;/div&gt;
            &lt;div
              class=&quot;border rounded-md&quot;
            &gt;
              &lt;table
                class=&quot;w-full&quot;
              &gt;
                &lt;thead
                  class=&quot;border-b bg-muted/50&quot;
                &gt;
                  &lt;tr&gt;
                    &lt;th
                      class=&quot;text-left p-4 font-semibold&quot;
                    &gt;
                      配置名稱
                    &lt;/th&gt;
                    &lt;th
                      class=&quot;text-left p-4 font-semibold&quot;
                    &gt;
                      學年度/學期
                    &lt;/th&gt;
                    &lt;th
                      class=&quot;text-left p-4 font-semibold&quot;
                    &gt;
                      配置代碼
                    &lt;/th&gt;
                    &lt;th
                      class=&quot;text-left p-4 font-semibold&quot;
                    &gt;
                      申請期間
                    &lt;/th&gt;
                    &lt;th
                      class=&quot;text-left p-4 font-semibold&quot;
                    &gt;
                      狀態
                    &lt;/th&gt;
[...]
                    /&gt;
                  &lt;/svg&gt;
                  新增配置
                &lt;/button&gt;
              &lt;/div&gt;
            &lt;/div&gt;
            &lt;div
              class=&quot;flex items-center justify-center p-8&quot;
            &gt;
              &lt;div
                class=&quot;text-center&quot;
              &gt;
                &lt;svg
                  class=&quot;lucide lucide-file-text h-12 w-12 mx-auto text-muted-foreground mb-4&quot;
                  fill=&quot;none&quot;
                  height=&quot;24&quot;
                  stroke=&quot;currentColor&quot;
                  stroke-linecap=&quot;round&quot;
                  stroke-linejoin=&quot;round&quot;
                  stroke-width=&quot;2&quot;
                  viewBox=&quot;0 0 24 24&quot;
                  width=&quot;24&quot;
                  xmlns=&quot;http://www.w3.org/2000/svg&quot;
                &gt;
                  &lt;path
                    d=&quot;M15 2H6a2 2 0 0 0-2 2v16a2 2 0 0 0 2 2h12a2 2 0 0 0 2-2V7Z&quot;
                  /&gt;
                  &lt;path
                    d=&quot;M14 2v4a2 2 0 0 0 2 2h4&quot;
                  /&gt;
                  &lt;path
                    d=&quot;M10 9H8&quot;
                  /&gt;
                  &lt;path
                    d=&quot;M16 13H8&quot;
                  /&gt;
                  &lt;path
                    d=&quot;M16 17H8&quot;
                  /&gt;
                &lt;/svg&gt;
                &lt;p
                  class=&quot;text-muted-foreground&quot;
                &gt;
                  尚無配置資料
                &lt;/p&gt;
              &lt;/div&gt;
            &lt;/div&gt;
          &lt;/div&gt;
        &lt;/div&gt;
        &lt;div
          data-testid=&quot;tabs-content&quot;
          data-value=&quot;2&quot;
        &gt;
          &lt;div
            class=&quot;p-6&quot;
            data-testid=&quot;card&quot;
          &gt;
            &lt;div
              class=&quot;flex flex-col lg:flex-row gap-4 mb-6&quot;
            &gt;
              &lt;div
                class=&quot;flex-1&quot;
              &gt;
                &lt;div
                  class=&quot;relative&quot;
                &gt;
                  &lt;svg
                    class=&quot;lucide lucide-search absolute left-2 top-2.5 h-4 w-4 text-muted-foreground&quot;
                    fill=&quot;none&quot;
                    height=&quot;24&quot;
                    stroke=&quot;currentColor&quot;
                    stroke-linecap=&quot;round&quot;
                    stroke-linejoin=&quot;round&quot;
                    stroke-width=&quot;2&quot;
                    viewBox=&quot;0 0 24 24&quot;
                    width=&quot;24&quot;
                    xmlns=&quot;http://www.w3.org/2000/svg&quot;
                  &gt;
                    &lt;circle
                      cx=&quot;11&quot;
                      cy=&quot;11&quot;
                      r=&quot;8&quot;
                    /&gt;
                    &lt;path
                      d=&quot;m21 21-4.3-4.3&quot;
                    /&gt;
                  &lt;/svg&gt;
                  &lt;input
                    data-testid=&quot;input&quot;
                    placeholder=&quot;搜尋配置名稱、代碼或描述...&quot;
                    type=&quot;text&quot;
                    value=&quot;&quot;
                  /&gt;
                &lt;/div&gt;
              &lt;/div&gt;
              &lt;div
                class=&quot;flex gap-2&quot;
              &gt;
                &lt;button
                  class=&quot;inline-flex items-center justify-center gap-2 whitespace-nowrap rounded-md text-sm font-medium ring-offset-background transition-colors focus-visible:outline-none focus-visible:ring-2 focus-visible:ring-ring focus-visible:ring-offset-2 disabled:pointer-events-none disabled:opacity-50 [&amp;_svg]:pointer-events-none [&amp;_svg]:size-4 [&amp;_svg]:shrink-0 bg-primary hover:bg-primary/90 h-10 px-4 py-2 nycu-gradient text-white&quot;
                &gt;
                  &lt;svg
                    class=&quot;lucide lucide-plus h-4 w-4 mr-1&quot;
                    fill=&quot;none&quot;
                    height=&quot;24&quot;
                    stroke=&quot;currentColor&quot;
                    stroke-linecap=&quot;round&quot;
                    stroke-linejoin=&quot;round&quot;
                    stroke-width=&quot;2&quot;
                    viewBox=&quot;0 0 24 24&quot;
                    width=&quot;24&quot;
                    xmlns=&quot;http://www.w3.org/2000/svg&quot;
                  &gt;
                    &lt;path
                      d=&quot;M5 12h14&quot;
                    /&gt;
                    &lt;path
                      d=&quot;M12 5v14&quot;
                    /&gt;
                  &lt;/svg&gt;
                  新增配置
                &lt;/button&gt;
              &lt;/div&gt;
            &lt;/div&gt;
            &lt;div
              class=&quot;flex items-center justify-center p-8&quot;
            &gt;
              &lt;div
                class=&quot;text-center&quot;
              &gt;
                &lt;svg
                  class=&quot;lucide lucide-file-text h-12 w-12 mx-auto text-muted-foreground mb-4&quot;
                  fill=&quot;none&quot;
                  height=&quot;24&quot;
                  stroke=&quot;currentColor&quot;
                  stroke-linecap=&quot;round&quot;
                  stroke-linejoin=&quot;round&quot;
                  stroke-width=&quot;2&quot;
                  viewBox=&quot;0 0 24 24&quot;
                  width=&quot;24&quot;
                  xmlns=&quot;http://www.w3.org/2000/svg&quot;
                &gt;
                  &lt;path
                    d=&quot;M15 2H6a2 2 0 0 0-2 2v16a2 2 0 0 0 2 2h12a2 2 0 0 0 2-2V7Z&quot;
                  /&gt;
                  &lt;path
                    d=&quot;M14 2v4a2 2 0 0 0 2 2h4&quot;
                  /&gt;
                  &lt;path
                    d=&quot;M10 9H8&quot;
                  /&gt;
                  &lt;path
                    d=&quot;M16 13H8&quot;
                  /&gt;
                  &lt;path
                    d=&quot;M16 17H8&quot;
                  /&gt;
                &lt;/svg&gt;
                &lt;p
                  class=&quot;text-muted-foreground&quot;
                &gt;
                  尚無配置資料
                &lt;/p&gt;
              &lt;/div&gt;
            &lt;/div&gt;
          &lt;/div&gt;
        &lt;/div&gt;
      &lt;/div&gt;
      &lt;div
        class=&quot;fixed top-4 right-4 z-50 p-4 rounded-md shadow-lg transition-all duration-300 bg-red-50 border border-red-200 text-red-800&quot;
      &gt;
        &lt;div
          class=&quot;flex items-center gap-2&quot;
        &gt;
          &lt;svg
            class=&quot;h-5 w-5&quot;
            fill=&quot;currentColor&quot;
            viewBox=&quot;0 0 20 20&quot;
          &gt;
            &lt;path
              clip-rule=&quot;evenodd&quot;
              d=&quot;M10 18a8 8 0 100-16 8 8 0 000 16zM8.707 7.293a1 1 0 00-1.414 1.414L8.586 10l-1.293 1.293a1 1 0 101.414 1.414L10 11.414l1.293 1.293a1 1 0 001.414-1.414L11.414 10l1.293-1.293a1 1 0 00-1.414-1.414L10 8.586 8.707 7.293z&quot;
              fill-rule=&quot;evenodd&quot;
            /&gt;
          &lt;/svg&gt;
          &lt;p
            class=&quot;text-sm font-medium&quot;
          &gt;
            載入配置失敗: undefined
          &lt;/p&gt;
          &lt;button
            class=&quot;ml-2 text-current opacity-70 hover:opacity-100&quot;
          &gt;
            &lt;svg
              class=&quot;h-4 w-4&quot;
              fill=&quot;none&quot;
              stroke=&quot;currentColor&quot;
              viewBox=&quot;0 0 24 24&quot;
            &gt;
              &lt;path
                d=&quot;M6 18L18 6M6 6l12 12&quot;
                stroke-linecap=&quot;round&quot;
                stroke-linejoin=&quot;round&quot;
                stroke-width=&quot;2&quot;
              /&gt;
            &lt;/svg&gt;
          &lt;/button&gt;
        &lt;/div&gt;
      &lt;/div&gt;
    &lt;/div&gt;
  &lt;/div&gt;
&lt;/body&gt;
    at waitForWrapper (/home/jotp/scholarship-system/frontend/node_modules/@testing-library/react/node_modules/@testing-library/dom/dist/wait-for.js:163:27)
    at Object.&lt;anonymous&gt; (/home/jotp/scholarship-system/frontend/components/__tests__/admin-configuration-management.test.tsx:578:18)
    at Promise.then.completed (/home/jotp/scholarship-system/frontend/node_modules/jest-circus/build/utils.js:298:28)
    at new Promise (&lt;anonymous&gt;)
    at callAsyncCircusFn (/home/jotp/scholarship-system/frontend/node_modules/jest-circus/build/utils.js:231:10)
    at _callCircusTest (/home/jotp/scholarship-system/frontend/node_modules/jest-circus/build/run.js:316:40)
    at _runTest (/home/jotp/scholarship-system/frontend/node_modules/jest-circus/build/run.js:252:3)
    at _runTestsForDescribeBlock (/home/jotp/scholarship-system/frontend/node_modules/jest-circus/build/run.js:126:9)
    at _runTestsForDescribeBlock (/home/jotp/scholarship-system/frontend/node_modules/jest-circus/build/run.js:121:9)
    at run (/home/jotp/scholarship-system/frontend/node_modules/jest-circus/build/run.js:71:3)
    at runAndTransformResultsToJestFormat (/home/jotp/scholarship-system/frontend/node_modules/jest-circus/build/legacy-code-todo-rewrite/jestAdapterInit.js:122:21)
    at jestAdapter (/home/jotp/scholarship-system/frontend/node_modules/jest-circus/build/legacy-code-todo-rewrite/jestAdapter.js:79:19)
    at runTestInternal (/home/jotp/scholarship-system/frontend/node_modules/jest-runner/build/runTest.js:367:16)
    at runTest (/home/jotp/scholarship-system/frontend/node_modules/jest-runner/build/runTest.js:444:34)
    at Object.worker (/home/jotp/scholarship-system/frontend/node_modules/jest-runner/build/testWorker.js:106:12)</failure>
    </testcase>
    <testcase classname="AdminConfigurationManagement Component" name="should validate form data before submission" time="1.017">
      <failure>Error: Found multiple elements with the text: 新增配置

Here are the matching elements:

Ignored nodes: comments, script, style
&lt;button
  class=&quot;inline-flex items-center justify-center gap-2 whitespace-nowrap rounded-md text-sm font-medium ring-offset-background transition-colors focus-visible:outline-none focus-visible:ring-2 focus-visible:ring-ring focus-visible:ring-offset-2 disabled:pointer-events-none disabled:opacity-50 [&amp;_svg]:pointer-events-none [&amp;_svg]:size-4 [&amp;_svg]:shrink-0 bg-primary hover:bg-primary/90 h-10 px-4 py-2 nycu-gradient text-white&quot;
&gt;
  &lt;svg
    class=&quot;lucide lucide-plus h-4 w-4 mr-1&quot;
    fill=&quot;none&quot;
    height=&quot;24&quot;
    stroke=&quot;currentColor&quot;
    stroke-linecap=&quot;round&quot;
    stroke-linejoin=&quot;round&quot;
    stroke-width=&quot;2&quot;
    viewBox=&quot;0 0 24 24&quot;
    width=&quot;24&quot;
    xmlns=&quot;http://www.w3.org/2000/svg&quot;
  &gt;
    &lt;path
      d=&quot;M5 12h14&quot;
    /&gt;
    &lt;path
      d=&quot;M12 5v14&quot;
    /&gt;
  &lt;/svg&gt;
  新增配置
&lt;/button&gt;

Ignored nodes: comments, script, style
&lt;button
  class=&quot;inline-flex items-center justify-center gap-2 whitespace-nowrap rounded-md text-sm font-medium ring-offset-background transition-colors focus-visible:outline-none focus-visible:ring-2 focus-visible:ring-ring focus-visible:ring-offset-2 disabled:pointer-events-none disabled:opacity-50 [&amp;_svg]:pointer-events-none [&amp;_svg]:size-4 [&amp;_svg]:shrink-0 bg-primary hover:bg-primary/90 h-10 px-4 py-2 nycu-gradient text-white&quot;
&gt;
  &lt;svg
    class=&quot;lucide lucide-plus h-4 w-4 mr-1&quot;
    fill=&quot;none&quot;
    height=&quot;24&quot;
    stroke=&quot;currentColor&quot;
    stroke-linecap=&quot;round&quot;
    stroke-linejoin=&quot;round&quot;
    stroke-width=&quot;2&quot;
    viewBox=&quot;0 0 24 24&quot;
    width=&quot;24&quot;
    xmlns=&quot;http://www.w3.org/2000/svg&quot;
  &gt;
    &lt;path
      d=&quot;M5 12h14&quot;
    /&gt;
    &lt;path
      d=&quot;M12 5v14&quot;
    /&gt;
  &lt;/svg&gt;
  新增配置
&lt;/button&gt;

(If this is intentional, then use the `*AllBy*` variant of the query (like `queryAllByText`, `getAllByText`, or `findAllByText`)).

Ignored nodes: comments, script, style
&lt;body&gt;
  &lt;div&gt;
    &lt;div
      class=&quot;space-y-6&quot;
    &gt;
      &lt;div
        data-testid=&quot;tabs&quot;
        data-value=&quot;1&quot;
      &gt;
        &lt;div
          data-testid=&quot;tabs-list&quot;
        &gt;
          &lt;button
            data-testid=&quot;tabs-trigger&quot;
            data-value=&quot;1&quot;
          &gt;
            PhD獎學金
          &lt;/button&gt;
          &lt;button
            data-testid=&quot;tabs-trigger&quot;
            data-value=&quot;2&quot;
          &gt;
            碩士獎學金
          &lt;/button&gt;
        &lt;/div&gt;
        &lt;div
          data-testid=&quot;tabs-content&quot;
          data-value=&quot;1&quot;
        &gt;
          &lt;div
            class=&quot;p-6&quot;
            data-testid=&quot;card&quot;
          &gt;
            &lt;div
              class=&quot;flex flex-col lg:flex-row gap-4 mb-6&quot;
            &gt;
              &lt;div
                class=&quot;flex-1&quot;
              &gt;
                &lt;div
                  class=&quot;relative&quot;
                &gt;
                  &lt;svg
                    class=&quot;lucide lucide-search absolute left-2 top-2.5 h-4 w-4 text-muted-foreground&quot;
                    fill=&quot;none&quot;
                    height=&quot;24&quot;
                    stroke=&quot;currentColor&quot;
                    stroke-linecap=&quot;round&quot;
                    stroke-linejoin=&quot;round&quot;
                    stroke-width=&quot;2&quot;
                    viewBox=&quot;0 0 24 24&quot;
                    width=&quot;24&quot;
                    xmlns=&quot;http://www.w3.org/2000/svg&quot;
                  &gt;
                    &lt;circle
                      cx=&quot;11&quot;
                      cy=&quot;11&quot;
                      r=&quot;8&quot;
                    /&gt;
                    &lt;path
                      d=&quot;m21 21-4.3-4.3&quot;
                    /&gt;
                  &lt;/svg&gt;
                  &lt;input
                    data-testid=&quot;input&quot;
                    placeholder=&quot;搜尋配置名稱、代碼或描述...&quot;
                    type=&quot;text&quot;
                    value=&quot;&quot;
                  /&gt;
                &lt;/div&gt;
              &lt;/div&gt;
              &lt;div
                class=&quot;flex gap-2&quot;
              &gt;
                &lt;button
                  class=&quot;inline-flex items-center justify-center gap-2 whitespace-nowrap rounded-md text-sm font-medium ring-offset-background transition-colors focus-visible:outline-none focus-visible:ring-2 focus-visible:ring-ring focus-visible:ring-offset-2 disabled:pointer-events-none disabled:opacity-50 [&amp;_svg]:pointer-events-none [&amp;_svg]:size-4 [&amp;_svg]:shrink-0 bg-primary hover:bg-primary/90 h-10 px-4 py-2 nycu-gradient text-white&quot;
                &gt;
                  &lt;svg
                    class=&quot;lucide lucide-plus h-4 w-4 mr-1&quot;
                    fill=&quot;none&quot;
                    height=&quot;24&quot;
                    stroke=&quot;currentColor&quot;
                    stroke-linecap=&quot;round&quot;
                    stroke-linejoin=&quot;round&quot;
                    stroke-width=&quot;2&quot;
                    viewBox=&quot;0 0 24 24&quot;
                    width=&quot;24&quot;
                    xmlns=&quot;http://www.w3.org/2000/svg&quot;
                  &gt;
                    &lt;path
                      d=&quot;M5 12h14&quot;
                    /&gt;
                    &lt;path
                      d=&quot;M12 5v14&quot;
                    /&gt;
                  &lt;/svg&gt;
                  新增配置
                &lt;/button&gt;
              &lt;/div&gt;
            &lt;/div&gt;
            &lt;div
              class=&quot;border rounded-md&quot;
            &gt;
              &lt;table
                class=&quot;w-full&quot;
              &gt;
                &lt;thead
                  class=&quot;border-b bg-muted/50&quot;
                &gt;
                  &lt;tr&gt;
                    &lt;th
                      class=&quot;text-left p-4 font-semibold&quot;
                    &gt;
                      配置名稱
                    &lt;/th&gt;
                    &lt;th
                      class=&quot;text-left p-4 font-semibold&quot;
                    &gt;
                      學年度/學期
                    &lt;/th&gt;
                    &lt;th
                      class=&quot;text-left p-4 font-semibold&quot;
                    &gt;
                      配置代碼
                    &lt;/th&gt;
                    &lt;th
                      class=&quot;text-left p-4 font-semibold&quot;
                    &gt;
                      申請期間
                    &lt;/th&gt;
                    &lt;th
                      class=&quot;text-left p-4 font-semibold&quot;
                    &gt;
                      狀態
                    &lt;/th&gt;
                    &lt;th
                      class=&quot;text-right p-4 font-semibold&quot;
                    &gt;
                      操作
                    &lt;/th&gt;
                  &lt;/tr&gt;
                &lt;/thead&gt;
                &lt;tbody&gt;
                  &lt;tr
                    class=&quot;border-b hover:bg-muted/25 transition-colors&quot;
                  &gt;
                    &lt;td
                      class=&quot;p-4&quot;
                    &gt;
                      &lt;div
                        class=&quot;space-y-1&quot;
                      &gt;
                        &lt;div
                          class=&quot;font-medium&quot;
                        &gt;
                          PhD獎學金114學年度第一學期
           ...
    at waitForWrapper (/home/jotp/scholarship-system/frontend/node_modules/@testing-library/react/node_modules/@testing-library/dom/dist/wait-for.js:163:27)
    at Object.&lt;anonymous&gt; (/home/jotp/scholarship-system/frontend/components/__tests__/admin-configuration-management.test.tsx:594:18)
    at Promise.then.completed (/home/jotp/scholarship-system/frontend/node_modules/jest-circus/build/utils.js:298:28)
    at new Promise (&lt;anonymous&gt;)
    at callAsyncCircusFn (/home/jotp/scholarship-system/frontend/node_modules/jest-circus/build/utils.js:231:10)
    at _callCircusTest (/home/jotp/scholarship-system/frontend/node_modules/jest-circus/build/run.js:316:40)
    at _runTest (/home/jotp/scholarship-system/frontend/node_modules/jest-circus/build/run.js:252:3)
    at _runTestsForDescribeBlock (/home/jotp/scholarship-system/frontend/node_modules/jest-circus/build/run.js:126:9)
    at _runTestsForDescribeBlock (/home/jotp/scholarship-system/frontend/node_modules/jest-circus/build/run.js:121:9)
    at run (/home/jotp/scholarship-system/frontend/node_modules/jest-circus/build/run.js:71:3)
    at runAndTransformResultsToJestFormat (/home/jotp/scholarship-system/frontend/node_modules/jest-circus/build/legacy-code-todo-rewrite/jestAdapterInit.js:122:21)
    at jestAdapter (/home/jotp/scholarship-system/frontend/node_modules/jest-circus/build/legacy-code-todo-rewrite/jestAdapter.js:79:19)
    at runTestInternal (/home/jotp/scholarship-system/frontend/node_modules/jest-runner/build/runTest.js:367:16)
    at runTest (/home/jotp/scholarship-system/frontend/node_modules/jest-runner/build/runTest.js:444:34)
    at Object.worker (/home/jotp/scholarship-system/frontend/node_modules/jest-runner/build/testWorker.js:106:12)</failure>
    </testcase>
  </testsuite>
</testsuites>