<?xml version="1.0" encoding="UTF-8"?>
<testsuites name="jest tests" tests="11" failures="0" errors="0" time="1.652">
  <testsuite name="ApplicationFormDataDisplay" errors="0" failures="0" skipped="1" timestamp="2025-10-17T14:27:09" time="0.852" tests="11">
    <testcase classname="ApplicationFormDataDisplay" name="should render form data with Chinese labels" time="0.111">
    </testcase>
    <testcase classname="ApplicationFormDataDisplay" name="should render form data with English labels" time="0.021">
    </testcase>
    <testcase classname="ApplicationFormDataDisplay" name="should show no form data message when form_data structure is used (fallback removed)" time="0.008">
    </testcase>
    <testcase classname="ApplicationFormDataDisplay" name="should show no form data message when flat object structure is used (fallback removed)" time="0.007">
    </testcase>
    <testcase classname="ApplicationFormDataDisplay" name="should skip empty and excluded fields" time="0.008">
    </testcase>
    <testcase classname="ApplicationFormDataDisplay" name="should show no form data message when form data has no submitted_form_data.fields" time="0.006">
    </testcase>
    <testcase classname="ApplicationFormDataDisplay" name="should show no form data message when submitted_form_data exists but has no fields" time="0.005">
    </testcase>
    <testcase classname="ApplicationFormDataDisplay" name="should handle nested object values" time="0">
      <skipped/>
    </testcase>
    <testcase classname="ApplicationFormDataDisplay" name="should handle array values" time="0.006">
    </testcase>
    <testcase classname="ApplicationFormDataDisplay" name="should show loading state initially and then no form data message" time="0.004">
    </testcase>
    <testcase classname="ApplicationFormDataDisplay" name="should handle malformed form data gracefully" time="0.006">
    </testcase>
  </testsuite>
</testsuites>
