{"meta": {"format": 3, "version": "7.10.1", "timestamp": "2025-09-24T13:22:21.233116", "branch_coverage": true, "show_contexts": false}, "files": {"app/api/v1/api.py": {"executed_lines": [1, 5, 6, 8, 11, 12, 13, 14, 15, 16, 17, 18, 19, 20, 21, 22, 23, 24, 25, 26, 27], "summary": {"covered_lines": 20, "num_statements": 20, "percent_covered": 100.0, "percent_covered_display": "100.00", "missing_lines": 0, "excluded_lines": 0, "num_branches": 0, "num_partial_branches": 0, "covered_branches": 0, "missing_branches": 0}, "missing_lines": [], "excluded_lines": [], "executed_branches": [], "missing_branches": [], "functions": {"": {"executed_lines": [1, 5, 6, 8, 11, 12, 13, 14, 15, 16, 17, 18, 19, 20, 21, 22, 23, 24, 25, 26, 27], "summary": {"covered_lines": 20, "num_statements": 20, "percent_covered": 100.0, "percent_covered_display": "100.00", "missing_lines": 0, "excluded_lines": 0, "num_branches": 0, "num_partial_branches": 0, "covered_branches": 0, "missing_branches": 0}, "missing_lines": [], "excluded_lines": [], "executed_branches": [], "missing_branches": []}}, "classes": {"": {"executed_lines": [1, 5, 6, 8, 11, 12, 13, 14, 15, 16, 17, 18, 19, 20, 21, 22, 23, 24, 25, 26, 27], "summary": {"covered_lines": 20, "num_statements": 20, "percent_covered": 100.0, "percent_covered_display": "100.00", "missing_lines": 0, "excluded_lines": 0, "num_branches": 0, "num_partial_branches": 0, "covered_branches": 0, "missing_branches": 0}, "missing_lines": [], "excluded_lines": [], "executed_branches": [], "missing_branches": []}}}, "app/api/v1/endpoints/admin.py": {"executed_lines": [1, 5, 6, 7, 8, 9, 10, 11, 12, 14, 15, 19, 20, 24, 25, 26, 27, 29, 30, 31, 32, 33, 34, 35, 37, 39, 42, 52, 53, 64, 73, 74, 77, 79, 87, 88, 96, 167, 168, 182, 196, 197, 198, 201, 211, 214, 217, 220, 226, 239, 240, 248, 310, 311, 318, 319, 321, 331, 332, 339, 349, 350, 364, 385, 402, 403, 407, 420, 421, 444, 445, 463, 464, 490, 491, 536, 537, 560, 561, 569, 570, 572, 590, 601, 604, 606, 685, 686, 740, 741, 817, 818, 877, 878, 928, 929, 997, 998, 1032, 1033, 1110, 1111, 1121, 1122, 1148, 1263, 1264, 1327, 1328, 1361, 1362, 1434, 1435, 1507, 1508, 1561, 1562, 1594, 1595, 1695, 1696, 1747, 1748, 1829, 1830, 1871, 1872, 1913, 1914, 1945, 1946, 2000, 2001, 2086, 2087, 2137, 2138, 2176, 2177, 2233, 2234, 2265, 2377, 2378, 2532, 2533, 2605, 2606, 2656, 2657, 2748, 2749, 2867, 2868, 2907, 2908, 2935, 2936, 2946, 2947, 2948, 2964, 2965, 2972, 2973, 2974], "summary": {"covered_lines": 165, "num_statements": 957, "percent_covered": 13.465952563121652, "percent_covered_display": "13.47", "missing_lines": 792, "excluded_lines": 6, "num_branches": 350, "num_partial_branches": 9, "covered_branches": 11, "missing_branches": 339}, "missing_lines": [44, 45, 49, 80, 89, 92, 93, 97, 100, 101, 102, 105, 146, 147, 148, 150, 151, 153, 154, 156, 158, 212, 215, 218, 221, 222, 223, 224, 227, 228, 241, 244, 245, 249, 252, 253, 254, 257, 258, 260, 299, 301, 322, 324, 327, 328, 333, 336, 337, 338, 340, 343, 347, 348, 353, 357, 358, 362, 363, 365, 368, 369, 383, 384, 386, 387, 389, 427, 428, 429, 437, 451, 456, 470, 471, 472, 481, 483, 497, 500, 501, 504, 505, 506, 509, 511, 523, 524, 527, 529, 543, 545, 547, 548, 549, 550, 551, 553, 554, 555, 557, 573, 575, 578, 579, 582, 583, 602, 607, 610, 617, 618, 619, 622, 666, 667, 668, 670, 671, 673, 674, 676, 678, 695, 703, 704, 707, 708, 710, 729, 731, 752, 758, 759, 760, 761, 764, 765, 766, 769, 770, 773, 774, 777, 778, 780, 799, 802, 804, 826, 845, 846, 847, 850, 870, 885, 891, 892, 894, 895, 901, 921, 938, 944, 945, 947, 948, 955, 957, 958, 959, 960, 961, 962, 963, 964, 966, 967, 970, 990, 1006, 1012, 1013, 1015, 1016, 1022, 1023, 1025, 1040, 1041, 1043, 1044, 1046, 1049, 1050, 1053, 1054, 1055, 1056, 1057, 1059, 1061, 1063, 1064, 1065, 1068, 1069, 1076, 1081, 1082, 1083, 1087, 1090, 1092, 1103, 1123, 1125, 1126, 1129, 1138, 1139, 1141, 1143, 1145, 1147, 1149, 1152, 1153, 1154, 1157, 1158, 1160, 1161, 1163, 1164, 1167, 1168, 1169, 1171, 1172, 1174, 1175, 1188, 1244, 1245, 1246, 1248, 1249, 1251, 1252, 1254, 1256, 1272, 1273, 1274, 1276, 1277, 1279, 1282, 1283, 1285, 1289, 1290, 1292, 1293, 1300, 1305, 1306, 1307, 1311, 1313, 1320, 1335, 1338, 1339, 1342, 1344, 1346, 1349, 1350, 1352, 1370, 1373, 1374, 1376, 1377, 1380, 1383, 1384, 1400, 1403, 1404, 1405, 1407, 1409, 1425, 1427, 1444, 1447, 1448, 1450, 1451, 1454, 1455, 1458, 1459, 1462, 1468, 1469, 1472, 1479, 1480, 1481, 1483, 1500, 1517, 1518, 1519, 1521, 1522, 1526, 1528, 1529, 1530, 1531, 1533, 1534, 1535, 1537, 1554, 1570, 1571, 1572, 1574, 1575, 1581, 1582, 1583, 1585, 1604, 1606, 1607, 1608, 1610, 1612, 1613, 1614, 1615, 1617, 1618, 1619, 1630, 1637, 1642, 1643, 1645, 1646, 1650, 1651, 1652, 1664, 1665, 1666, 1667, 1668, 1671, 1673, 1674, 1675, 1688, 1703, 1704, 1711, 1712, 1719, 1723, 1724, 1727, 1728, 1729, 1740, 1756, 1757, 1758, 1761, 1762, 1765, 1766, 1772, 1773, 1774, 1776, 1777, 1780, 1781, 1782, 1784, 1785, 1788, 1791, 1795, 1796, 1798, 1799, 1803, 1808, 1809, 1810, 1813, 1839, 1842, 1843, 1845, 1846, 1852, 1853, 1855, 1881, 1884, 1885, 1887, 1888, 1892, 1893, 1899, 1902, 1903, 1906, 1921, 1925, 1926, 1929, 1930, 1931, 1938, 1952, 1954, 1956, 1957, 1961, 1962, 1963, 1966, 1973, 1974, 1977, 1978, 1979, 1989, 2016, 2017, 2020, 2027, 2028, 2029, 2032, 2034, 2035, 2038, 2040, 2041, 2043, 2044, 2045, 2046, 2048, 2049, 2051, 2052, 2054, 2055, 2057, 2058, 2060, 2061, 2064, 2066, 2067, 2070, 2071, 2073, 2075, 2076, 2077, 2079, 2095, 2098, 2099, 2100, 2102, 2103, 2109, 2115, 2116, 2118, 2124, 2125, 2127, 2128, 2130, 2145, 2151, 2152, 2154, 2155, 2161, 2164, 2166, 2167, 2169, 2186, 2187, 2188, 2190, 2191, 2197, 2201, 2202, 2204, 2205, 2207, 2208, 2209, 2211, 2214, 2220, 2221, 2223, 2224, 2226, 2242, 2243, 2244, 2246, 2247, 2253, 2255, 2256, 2258, 2276, 2277, 2278, 2281, 2282, 2294, 2297, 2299, 2301, 2302, 2303, 2305, 2306, 2309, 2310, 2311, 2314, 2315, 2317, 2319, 2320, 2321, 2322, 2323, 2326, 2330, 2331, 2332, 2335, 2336, 2337, 2338, 2340, 2341, 2342, 2345, 2346, 2347, 2353, 2354, 2356, 2357, 2358, 2359, 2360, 2362, 2365, 2366, 2368, 2370, 2386, 2389, 2390, 2392, 2394, 2397, 2398, 2401, 2402, 2405, 2408, 2409, 2410, 2412, 2416, 2417, 2419, 2420, 2421, 2423, 2424, 2431, 2432, 2434, 2436, 2441, 2442, 2445, 2446, 2447, 2450, 2453, 2454, 2457, 2459, 2472, 2474, 2476, 2477, 2478, 2480, 2482, 2483, 2486, 2490, 2491, 2492, 2495, 2496, 2499, 2500, 2501, 2507, 2508, 2511, 2512, 2513, 2514, 2515, 2517, 2520, 2521, 2523, 2525, 2540, 2541, 2547, 2548, 2549, 2551, 2552, 2558, 2559, 2560, 2562, 2568, 2569, 2570, 2571, 2572, 2573, 2575, 2576, 2577, 2578, 2579, 2580, 2582, 2583, 2584, 2585, 2586, 2589, 2594, 2614, 2615, 2617, 2622, 2623, 2624, 2627, 2629, 2630, 2633, 2635, 2637, 2638, 2640, 2641, 2643, 2645, 2646, 2647, 2649, 2665, 2666, 2667, 2669, 2670, 2676, 2677, 2678, 2681, 2682, 2688, 2689, 2690, 2714, 2717, 2718, 2721, 2722, 2723, 2729, 2730, 2733, 2734, 2735, 2736, 2737, 2739, 2741, 2757, 2761, 2762, 2764, 2765, 2771, 2774, 2779, 2780, 2783, 2784, 2785, 2786, 2788, 2795, 2796, 2798, 2799, 2805, 2806, 2807, 2808, 2810, 2811, 2833, 2836, 2837, 2840, 2841, 2842, 2848, 2849, 2852, 2853, 2854, 2855, 2856, 2858, 2860, 2877, 2880, 2885, 2886, 2888, 2889, 2895, 2896, 2898, 2900, 2915, 2919, 2920, 2923, 2925, 2926, 2928, 2950, 2982, 2983, 2987, 3018], "excluded_lines": [2956, 2957, 2958, 3024, 3025, 3026], "executed_branches": [[73, 74], [73, 77], [79, 87], [211, 214], [214, 217], [217, 220], [220, 226], [226, 239], [319, 321], [570, 572], [601, 604]], "missing_branches": [[44, 45], [44, 49], [79, 80], [101, 102], [101, 158], [146, 147], [146, 156], [150, 151], [150, 153], [211, 212], [214, 215], [217, 218], [220, 221], [221, 222], [221, 223], [223, 224], [223, 226], [226, 227], [253, 254], [253, 301], [319, 322], [322, 324], [322, 331], [337, 338], [337, 339], [347, 348], [347, 349], [362, 363], [362, 364], [383, 384], [383, 385], [428, 429], [428, 437], [471, 472], [471, 481], [500, 501], [500, 504], [505, 506], [505, 509], [547, 548], [547, 553], [548, 549], [548, 550], [550, 551], [550, 553], [570, 573], [573, 575], [573, 590], [582, 583], [582, 590], [601, 602], [618, 619], [618, 678], [666, 667], [666, 676], [670, 671], [670, 673], [708, 710], [708, 731], [758, 759], [758, 760], [760, 761], [760, 764], [778, 780], [778, 802], [894, 895], [894, 901], [947, 948], [947, 955], [958, 959], [958, 966], [959, 960], [959, 966], [960, 959], [960, 961], [961, 962], [961, 963], [963, 959], [963, 964], [1015, 1016], [1015, 1022], [1041, 1043], [1041, 1044], [1044, 1046], [1044, 1053], [1054, 1055], [1054, 1056], [1061, 1063], [1061, 1103], [1082, 1083], [1082, 1090], [1125, 1126], [1125, 1129], [1138, 1139], [1138, 1141], [1143, 1145], [1143, 1147], [1153, 1154], [1153, 1256], [1158, 1160], [1158, 1188], [1167, 1168], [1167, 1188], [1169, 1171], [1169, 1188], [1172, 1169], [1172, 1174], [1244, 1245], [1244, 1254], [1248, 1249], [1248, 1251], [1276, 1277], [1276, 1279], [1283, 1285], [1283, 1320], [1306, 1307], [1306, 1313], [1344, 1346], [1344, 1352], [1349, 1344], [1349, 1350], [1376, 1377], [1376, 1380], [1383, 1384], [1383, 1403], [1403, 1404], [1403, 1427], [1405, 1407], [1405, 1427], [1450, 1451], [1450, 1454], [1454, 1455], [1454, 1458], [1458, 1459], [1458, 1462], [1468, 1469], [1468, 1472], [1521, 1522], [1521, 1526], [1529, 1530], [1529, 1533], [1530, 1529], [1530, 1531], [1574, 1575], [1574, 1581], [1604, 1606], [1604, 1637], [1610, 1612], [1610, 1637], [1618, 1619], [1618, 1630], [1642, 1643], [1642, 1645], [1651, 1652], [1651, 1664], [1664, 1665], [1664, 1688], [1673, 1674], [1673, 1688], [1674, 1673], [1674, 1675], [1703, 1704], [1703, 1711], [1711, 1712], [1711, 1719], [1728, 1729], [1728, 1740], [1761, 1762], [1761, 1765], [1765, 1766], [1765, 1772], [1776, 1777], [1776, 1780], [1784, 1785], [1784, 1788], [1798, 1799], [1798, 1803], [1845, 1846], [1845, 1852], [1887, 1888], [1887, 1892], [1892, 1893], [1892, 1899], [1930, 1931], [1930, 1938], [1954, 1956], [1954, 1966], [1978, 1979], [1978, 1989], [2016, 2017], [2016, 2020], [2027, 2028], [2027, 2029], [2029, 2032], [2029, 2040], [2034, 2035], [2034, 2038], [2040, 2041], [2040, 2043], [2043, 2044], [2043, 2048], [2045, 2046], [2045, 2048], [2048, 2049], [2048, 2051], [2051, 2052], [2051, 2054], [2054, 2055], [2054, 2057], [2057, 2058], [2057, 2060], [2060, 2061], [2060, 2064], [2071, 2073], [2071, 2079], [2102, 2103], [2102, 2109], [2154, 2155], [2154, 2161], [2190, 2191], [2190, 2197], [2207, 2208], [2207, 2211], [2208, 2207], [2208, 2209], [2246, 2247], [2246, 2253], [2299, 2301], [2299, 2345], [2305, 2306], [2305, 2309], [2310, 2311], [2310, 2314], [2317, 2319], [2317, 2335], [2319, 2320], [2319, 2326], [2321, 2322], [2321, 2326], [2335, 2336], [2335, 2340], [2345, 2346], [2345, 2362], [2357, 2358], [2357, 2365], [2365, 2366], [2365, 2368], [2389, 2390], [2389, 2392], [2392, 2394], [2392, 2397], [2397, 2398], [2397, 2401], [2401, 2402], [2401, 2405], [2409, 2410], [2409, 2412], [2416, 2417], [2416, 2419], [2423, 2424], [2423, 2431], [2434, 2436], [2434, 2441], [2446, 2447], [2446, 2450], [2474, 2476], [2474, 2495], [2476, 2477], [2476, 2486], [2480, 2482], [2480, 2486], [2499, 2500], [2499, 2517], [2512, 2513], [2512, 2520], [2520, 2521], [2520, 2523], [2540, 2541], [2540, 2547], [2551, 2552], [2551, 2558], [2559, 2560], [2559, 2562], [2568, 2569], [2568, 2575], [2569, 2570], [2569, 2572], [2575, 2576], [2575, 2582], [2576, 2577], [2576, 2579], [2582, 2583], [2582, 2589], [2583, 2584], [2583, 2585], [2614, 2615], [2614, 2617], [2622, 2623], [2622, 2624], [2624, 2627], [2624, 2635], [2629, 2630], [2629, 2633], [2641, 2643], [2641, 2649], [2669, 2670], [2669, 2676], [2677, 2678], [2677, 2681], [2681, 2682], [2681, 2688], [2689, 2690], [2689, 2717], [2721, 2722], [2721, 2739], [2734, 2735], [2734, 2741], [2764, 2765], [2764, 2771], [2783, 2784], [2783, 2805], [2785, 2786], [2785, 2788], [2798, 2799], [2798, 2805], [2807, 2808], [2807, 2810], [2810, 2811], [2810, 2836], [2840, 2841], [2840, 2858], [2853, 2854], [2853, 2860], [2888, 2889], [2888, 2895], [2895, 2896], [2895, 2898], [2923, 2925], [2923, 2928]], "functions": {"require_super_admin": {"executed_lines": [], "summary": {"covered_lines": 0, "num_statements": 3, "percent_covered": 0.0, "percent_covered_display": "0.00", "missing_lines": 3, "excluded_lines": 0, "num_branches": 2, "num_partial_branches": 0, "covered_branches": 0, "missing_branches": 2}, "missing_lines": [44, 45, 49], "excluded_lines": [], "executed_branches": [], "missing_branches": [[44, 45], [44, 49]]}, "get_all_applications": {"executed_lines": [64, 73, 74, 77, 79, 87, 88, 96], "summary": {"covered_lines": 8, "num_statements": 26, "percent_covered": 30.555555555555557, "percent_covered_display": "30.56", "missing_lines": 18, "excluded_lines": 0, "num_branches": 10, "num_partial_branches": 1, "covered_branches": 3, "missing_branches": 7}, "missing_lines": [80, 89, 92, 93, 97, 100, 101, 102, 105, 146, 147, 148, 150, 151, 153, 154, 156, 158], "excluded_lines": [], "executed_branches": [[73, 74], [73, 77], [79, 87]], "missing_branches": [[79, 80], [101, 102], [101, 158], [146, 147], [146, 156], [150, 151], [150, 153]]}, "get_historical_applications": {"executed_lines": [182, 196, 197, 198, 201, 211, 214, 217, 220, 226, 239, 240, 248], "summary": {"covered_lines": 13, "num_statements": 34, "percent_covered": 36.0, "percent_covered_display": "36.00", "missing_lines": 21, "excluded_lines": 0, "num_branches": 16, "num_partial_branches": 5, "covered_branches": 5, "missing_branches": 11}, "missing_lines": [212, 215, 218, 221, 222, 223, 224, 227, 228, 241, 244, 245, 249, 252, 253, 254, 257, 258, 260, 299, 301], "excluded_lines": [], "executed_branches": [[211, 214], [214, 217], [217, 220], [220, 226], [226, 239]], "missing_branches": [[211, 212], [214, 215], [217, 218], [220, 221], [221, 222], [221, 223], [223, 224], [223, 226], [226, 227], [253, 254], [253, 301]]}, "get_dashboard_stats": {"executed_lines": [318, 319, 321, 331, 332, 339, 349, 350, 364, 385], "summary": {"covered_lines": 10, "num_statements": 35, "percent_covered": 23.404255319148938, "percent_covered_display": "23.40", "missing_lines": 25, "excluded_lines": 0, "num_branches": 12, "num_partial_branches": 1, "covered_branches": 1, "missing_branches": 11}, "missing_lines": [322, 324, 327, 328, 333, 336, 337, 338, 340, 343, 347, 348, 353, 357, 358, 362, 363, 365, 368, 369, 383, 384, 386, 387, 389], "excluded_lines": [], "executed_branches": [[319, 321]], "missing_branches": [[319, 322], [322, 324], [322, 331], [337, 338], [337, 339], [347, 348], [347, 349], [362, 363], [362, 364], [383, 384], [383, 385]]}, "get_system_health": {"executed_lines": [407], "summary": {"covered_lines": 1, "num_statements": 1, "percent_covered": 100.0, "percent_covered_display": "100.00", "missing_lines": 0, "excluded_lines": 0, "num_branches": 0, "num_partial_branches": 0, "covered_branches": 0, "missing_branches": 0}, "missing_lines": [], "excluded_lines": [], "executed_branches": [], "missing_branches": []}, "get_system_setting": {"executed_lines": [], "summary": {"covered_lines": 0, "num_statements": 4, "percent_covered": 0.0, "percent_covered_display": "0.00", "missing_lines": 4, "excluded_lines": 0, "num_branches": 2, "num_partial_branches": 0, "covered_branches": 0, "missing_branches": 2}, "missing_lines": [427, 428, 429, 437], "excluded_lines": [], "executed_branches": [], "missing_branches": [[428, 429], [428, 437]]}, "set_system_setting": {"executed_lines": [], "summary": {"covered_lines": 0, "num_statements": 2, "percent_covered": 0.0, "percent_covered_display": "0.00", "missing_lines": 2, "excluded_lines": 0, "num_branches": 0, "num_partial_branches": 0, "covered_branches": 0, "missing_branches": 0}, "missing_lines": [451, 456], "excluded_lines": [], "executed_branches": [], "missing_branches": []}, "get_email_template": {"executed_lines": [], "summary": {"covered_lines": 0, "num_statements": 5, "percent_covered": 0.0, "percent_covered_display": "0.00", "missing_lines": 5, "excluded_lines": 0, "num_branches": 2, "num_partial_branches": 0, "covered_branches": 0, "missing_branches": 2}, "missing_lines": [470, 471, 472, 481, 483], "excluded_lines": [], "executed_branches": [], "missing_branches": [[471, 472], [471, 481]]}, "update_email_template": {"executed_lines": [], "summary": {"covered_lines": 0, "num_statements": 12, "percent_covered": 0.0, "percent_covered_display": "0.00", "missing_lines": 12, "excluded_lines": 0, "num_branches": 4, "num_partial_branches": 0, "covered_branches": 0, "missing_branches": 4}, "missing_lines": [497, 500, 501, 504, 505, 506, 509, 511, 523, 524, 527, 529], "excluded_lines": [], "executed_branches": [], "missing_branches": [[500, 501], [500, 504], [505, 506], [505, 509]]}, "get_email_templates": {"executed_lines": [], "summary": {"covered_lines": 0, "num_statements": 11, "percent_covered": 0.0, "percent_covered_display": "0.00", "missing_lines": 11, "excluded_lines": 0, "num_branches": 6, "num_partial_branches": 0, "covered_branches": 0, "missing_branches": 6}, "missing_lines": [543, 545, 547, 548, 549, 550, 551, 553, 554, 555, 557], "excluded_lines": [], "executed_branches": [], "missing_branches": [[547, 548], [547, 553], [548, 549], [548, 550], [550, 551], [550, 553]]}, "get_recent_applications": {"executed_lines": [569, 570, 572, 590, 601, 604, 606], "summary": {"covered_lines": 7, "num_statements": 29, "percent_covered": 20.930232558139537, "percent_covered_display": "20.93", "missing_lines": 22, "excluded_lines": 0, "num_branches": 14, "num_partial_branches": 2, "covered_branches": 2, "missing_branches": 12}, "missing_lines": [573, 575, 578, 579, 582, 583, 602, 607, 610, 617, 618, 619, 622, 666, 667, 668, 670, 671, 673, 674, 676, 678], "excluded_lines": [], "executed_branches": [[570, 572], [601, 604]], "missing_branches": [[570, 573], [573, 575], [573, 590], [582, 583], [582, 590], [601, 602], [618, 619], [618, 678], [666, 667], [666, 676], [670, 671], [670, 673]]}, "get_system_announcements": {"executed_lines": [], "summary": {"covered_lines": 0, "num_statements": 8, "percent_covered": 0.0, "percent_covered_display": "0.00", "missing_lines": 8, "excluded_lines": 0, "num_branches": 2, "num_partial_branches": 0, "covered_branches": 0, "missing_branches": 2}, "missing_lines": [695, 703, 704, 707, 708, 710, 729, 731], "excluded_lines": [], "executed_branches": [], "missing_branches": [[708, 710], [708, 731]]}, "get_all_announcements": {"executed_lines": [], "summary": {"covered_lines": 0, "num_statements": 18, "percent_covered": 0.0, "percent_covered_display": "0.00", "missing_lines": 18, "excluded_lines": 0, "num_branches": 6, "num_partial_branches": 0, "covered_branches": 0, "missing_branches": 6}, "missing_lines": [752, 758, 759, 760, 761, 764, 765, 766, 769, 770, 773, 774, 777, 778, 780, 799, 802, 804], "excluded_lines": [], "executed_branches": [], "missing_branches": [[758, 759], [758, 760], [760, 761], [760, 764], [778, 780], [778, 802]]}, "create_announcement": {"executed_lines": [], "summary": {"covered_lines": 0, "num_statements": 6, "percent_covered": 0.0, "percent_covered_display": "0.00", "missing_lines": 6, "excluded_lines": 0, "num_branches": 0, "num_partial_branches": 0, "covered_branches": 0, "missing_branches": 0}, "missing_lines": [826, 845, 846, 847, 850, 870], "excluded_lines": [], "executed_branches": [], "missing_branches": []}, "get_announcement": {"executed_lines": [], "summary": {"covered_lines": 0, "num_statements": 7, "percent_covered": 0.0, "percent_covered_display": "0.00", "missing_lines": 7, "excluded_lines": 0, "num_branches": 2, "num_partial_branches": 0, "covered_branches": 0, "missing_branches": 2}, "missing_lines": [885, 891, 892, 894, 895, 901, 921], "excluded_lines": [], "executed_branches": [], "missing_branches": [[894, 895], [894, 901]]}, "update_announcement": {"executed_lines": [], "summary": {"covered_lines": 0, "num_statements": 18, "percent_covered": 0.0, "percent_covered_display": "0.00", "missing_lines": 18, "excluded_lines": 0, "num_branches": 12, "num_partial_branches": 0, "covered_branches": 0, "missing_branches": 12}, "missing_lines": [938, 944, 945, 947, 948, 955, 957, 958, 959, 960, 961, 962, 963, 964, 966, 967, 970, 990], "excluded_lines": [], "executed_branches": [], "missing_branches": [[947, 948], [947, 955], [958, 959], [958, 966], [959, 960], [959, 966], [960, 959], [960, 961], [961, 962], [961, 963], [963, 959], [963, 964]]}, "delete_announcement": {"executed_lines": [], "summary": {"covered_lines": 0, "num_statements": 8, "percent_covered": 0.0, "percent_covered_display": "0.00", "missing_lines": 8, "excluded_lines": 0, "num_branches": 2, "num_partial_branches": 0, "covered_branches": 0, "missing_branches": 2}, "missing_lines": [1006, 1012, 1013, 1015, 1016, 1022, 1023, 1025], "excluded_lines": [], "executed_branches": [], "missing_branches": [[1015, 1016], [1015, 1022]]}, "get_scholarship_statistics": {"executed_lines": [], "summary": {"covered_lines": 0, "num_statements": 27, "percent_covered": 0.0, "percent_covered_display": "0.00", "missing_lines": 27, "excluded_lines": 0, "num_branches": 10, "num_partial_branches": 0, "covered_branches": 0, "missing_branches": 10}, "missing_lines": [1040, 1041, 1043, 1044, 1046, 1049, 1050, 1053, 1054, 1055, 1056, 1057, 1059, 1061, 1063, 1064, 1065, 1068, 1069, 1076, 1081, 1082, 1083, 1087, 1090, 1092, 1103], "excluded_lines": [], "executed_branches": [], "missing_branches": [[1041, 1043], [1041, 1044], [1044, 1046], [1044, 1053], [1054, 1055], [1054, 1056], [1061, 1063], [1061, 1103], [1082, 1083], [1082, 1090]]}, "get_applications_by_scholarship": {"executed_lines": [1121, 1122, 1148], "summary": {"covered_lines": 3, "num_statements": 40, "percent_covered": 5.0, "percent_covered_display": "5.00", "missing_lines": 37, "excluded_lines": 0, "num_branches": 20, "num_partial_branches": 0, "covered_branches": 0, "missing_branches": 20}, "missing_lines": [1123, 1125, 1126, 1129, 1138, 1139, 1141, 1143, 1145, 1147, 1149, 1152, 1153, 1154, 1157, 1158, 1160, 1161, 1163, 1164, 1167, 1168, 1169, 1171, 1172, 1174, 1175, 1188, 1244, 1245, 1246, 1248, 1249, 1251, 1252, 1254, 1256], "excluded_lines": [], "executed_branches": [], "missing_branches": [[1125, 1126], [1125, 1129], [1138, 1139], [1138, 1141], [1143, 1145], [1143, 1147], [1153, 1154], [1153, 1256], [1158, 1160], [1158, 1188], [1167, 1168], [1167, 1188], [1169, 1171], [1169, 1188], [1172, 1169], [1172, 1174], [1244, 1245], [1244, 1254], [1248, 1249], [1248, 1251]]}, "get_scholarship_sub_types": {"executed_lines": [], "summary": {"covered_lines": 0, "num_statements": 20, "percent_covered": 0.0, "percent_covered_display": "0.00", "missing_lines": 20, "excluded_lines": 0, "num_branches": 6, "num_partial_branches": 0, "covered_branches": 0, "missing_branches": 6}, "missing_lines": [1272, 1273, 1274, 1276, 1277, 1279, 1282, 1283, 1285, 1289, 1290, 1292, 1293, 1300, 1305, 1306, 1307, 1311, 1313, 1320], "excluded_lines": [], "executed_branches": [], "missing_branches": [[1276, 1277], [1276, 1279], [1283, 1285], [1283, 1320], [1306, 1307], [1306, 1313]]}, "get_sub_type_translations": {"executed_lines": [], "summary": {"covered_lines": 0, "num_statements": 9, "percent_covered": 0.0, "percent_covered_display": "0.00", "missing_lines": 9, "excluded_lines": 0, "num_branches": 4, "num_partial_branches": 0, "covered_branches": 0, "missing_branches": 4}, "missing_lines": [1335, 1338, 1339, 1342, 1344, 1346, 1349, 1350, 1352], "excluded_lines": [], "executed_branches": [], "missing_branches": [[1344, 1346], [1344, 1352], [1349, 1344], [1349, 1350]]}, "get_scholarship_sub_type_configs": {"executed_lines": [], "summary": {"covered_lines": 0, "num_statements": 16, "percent_covered": 0.0, "percent_covered_display": "0.00", "missing_lines": 16, "excluded_lines": 0, "num_branches": 8, "num_partial_branches": 0, "covered_branches": 0, "missing_branches": 8}, "missing_lines": [1370, 1373, 1374, 1376, 1377, 1380, 1383, 1384, 1400, 1403, 1404, 1405, 1407, 1409, 1425, 1427], "excluded_lines": [], "executed_branches": [], "missing_branches": [[1376, 1377], [1376, 1380], [1383, 1384], [1383, 1403], [1403, 1404], [1403, 1427], [1405, 1407], [1405, 1427]]}, "create_sub_type_config": {"executed_lines": [], "summary": {"covered_lines": 0, "num_statements": 18, "percent_covered": 0.0, "percent_covered_display": "0.00", "missing_lines": 18, "excluded_lines": 0, "num_branches": 8, "num_partial_branches": 0, "covered_branches": 0, "missing_branches": 8}, "missing_lines": [1444, 1447, 1448, 1450, 1451, 1454, 1455, 1458, 1459, 1462, 1468, 1469, 1472, 1479, 1480, 1481, 1483, 1500], "excluded_lines": [], "executed_branches": [], "missing_branches": [[1450, 1451], [1450, 1454], [1454, 1455], [1454, 1458], [1458, 1459], [1458, 1462], [1468, 1469], [1468, 1472]]}, "update_sub_type_config": {"executed_lines": [], "summary": {"covered_lines": 0, "num_statements": 15, "percent_covered": 0.0, "percent_covered_display": "0.00", "missing_lines": 15, "excluded_lines": 0, "num_branches": 6, "num_partial_branches": 0, "covered_branches": 0, "missing_branches": 6}, "missing_lines": [1517, 1518, 1519, 1521, 1522, 1526, 1528, 1529, 1530, 1531, 1533, 1534, 1535, 1537, 1554], "excluded_lines": [], "executed_branches": [], "missing_branches": [[1521, 1522], [1521, 1526], [1529, 1530], [1529, 1533], [1530, 1529], [1530, 1531]]}, "delete_sub_type_config": {"executed_lines": [], "summary": {"covered_lines": 0, "num_statements": 9, "percent_covered": 0.0, "percent_covered_display": "0.00", "missing_lines": 9, "excluded_lines": 0, "num_branches": 2, "num_partial_branches": 0, "covered_branches": 0, "missing_branches": 2}, "missing_lines": [1570, 1571, 1572, 1574, 1575, 1581, 1582, 1583, 1585], "excluded_lines": [], "executed_branches": [], "missing_branches": [[1574, 1575], [1574, 1581]]}, "get_scholarship_permissions": {"executed_lines": [], "summary": {"covered_lines": 0, "num_statements": 31, "percent_covered": 0.0, "percent_covered_display": "0.00", "missing_lines": 31, "excluded_lines": 0, "num_branches": 16, "num_partial_branches": 0, "covered_branches": 0, "missing_branches": 16}, "missing_lines": [1604, 1606, 1607, 1608, 1610, 1612, 1613, 1614, 1615, 1617, 1618, 1619, 1630, 1637, 1642, 1643, 1645, 1646, 1650, 1651, 1652, 1664, 1665, 1666, 1667, 1668, 1671, 1673, 1674, 1675, 1688], "excluded_lines": [], "executed_branches": [], "missing_branches": [[1604, 1606], [1604, 1637], [1610, 1612], [1610, 1637], [1618, 1619], [1618, 1630], [1642, 1643], [1642, 1645], [1651, 1652], [1651, 1664], [1664, 1665], [1664, 1688], [1673, 1674], [1673, 1688], [1674, 1673], [1674, 1675]]}, "get_current_user_scholarship_permissions": {"executed_lines": [], "summary": {"covered_lines": 0, "num_statements": 11, "percent_covered": 0.0, "percent_covered_display": "0.00", "missing_lines": 11, "excluded_lines": 0, "num_branches": 6, "num_partial_branches": 0, "covered_branches": 0, "missing_branches": 6}, "missing_lines": [1703, 1704, 1711, 1712, 1719, 1723, 1724, 1727, 1728, 1729, 1740], "excluded_lines": [], "executed_branches": [], "missing_branches": [[1703, 1704], [1703, 1711], [1711, 1712], [1711, 1719], [1728, 1729], [1728, 1740]]}, "create_scholarship_permission": {"executed_lines": [], "summary": {"covered_lines": 0, "num_statements": 28, "percent_covered": 0.0, "percent_covered_display": "0.00", "missing_lines": 28, "excluded_lines": 0, "num_branches": 10, "num_partial_branches": 0, "covered_branches": 0, "missing_branches": 10}, "missing_lines": [1756, 1757, 1758, 1761, 1762, 1765, 1766, 1772, 1773, 1774, 1776, 1777, 1780, 1781, 1782, 1784, 1785, 1788, 1791, 1795, 1796, 1798, 1799, 1803, 1808, 1809, 1810, 1813], "excluded_lines": [], "executed_branches": [], "missing_branches": [[1761, 1762], [1761, 1765], [1765, 1766], [1765, 1772], [1776, 1777], [1776, 1780], [1784, 1785], [1784, 1788], [1798, 1799], [1798, 1803]]}, "update_scholarship_permission": {"executed_lines": [], "summary": {"covered_lines": 0, "num_statements": 8, "percent_covered": 0.0, "percent_covered_display": "0.00", "missing_lines": 8, "excluded_lines": 0, "num_branches": 2, "num_partial_branches": 0, "covered_branches": 0, "missing_branches": 2}, "missing_lines": [1839, 1842, 1843, 1845, 1846, 1852, 1853, 1855], "excluded_lines": [], "executed_branches": [], "missing_branches": [[1845, 1846], [1845, 1852]]}, "delete_scholarship_permission": {"executed_lines": [], "summary": {"covered_lines": 0, "num_statements": 11, "percent_covered": 0.0, "percent_covered_display": "0.00", "missing_lines": 11, "excluded_lines": 0, "num_branches": 4, "num_partial_branches": 0, "covered_branches": 0, "missing_branches": 4}, "missing_lines": [1881, 1884, 1885, 1887, 1888, 1892, 1893, 1899, 1902, 1903, 1906], "excluded_lines": [], "executed_branches": [], "missing_branches": [[1887, 1888], [1887, 1892], [1892, 1893], [1892, 1899]]}, "get_all_scholarships_for_permissions": {"executed_lines": [], "summary": {"covered_lines": 0, "num_statements": 7, "percent_covered": 0.0, "percent_covered_display": "0.00", "missing_lines": 7, "excluded_lines": 0, "num_branches": 2, "num_partial_branches": 0, "covered_branches": 0, "missing_branches": 2}, "missing_lines": [1921, 1925, 1926, 1929, 1930, 1931, 1938], "excluded_lines": [], "executed_branches": [], "missing_branches": [[1930, 1931], [1930, 1938]]}, "get_my_scholarships": {"executed_lines": [], "summary": {"covered_lines": 0, "num_statements": 14, "percent_covered": 0.0, "percent_covered_display": "0.00", "missing_lines": 14, "excluded_lines": 0, "num_branches": 4, "num_partial_branches": 0, "covered_branches": 0, "missing_branches": 4}, "missing_lines": [1952, 1954, 1956, 1957, 1961, 1962, 1963, 1966, 1973, 1974, 1977, 1978, 1979, 1989], "excluded_lines": [], "executed_branches": [], "missing_branches": [[1954, 1956], [1954, 1966], [1978, 1979], [1978, 1989]]}, "get_scholarship_rules": {"executed_lines": [], "summary": {"covered_lines": 0, "num_statements": 36, "percent_covered": 0.0, "percent_covered_display": "0.00", "missing_lines": 36, "excluded_lines": 0, "num_branches": 26, "num_partial_branches": 0, "covered_branches": 0, "missing_branches": 26}, "missing_lines": [2016, 2017, 2020, 2027, 2028, 2029, 2032, 2034, 2035, 2038, 2040, 2041, 2043, 2044, 2045, 2046, 2048, 2049, 2051, 2052, 2054, 2055, 2057, 2058, 2060, 2061, 2064, 2066, 2067, 2070, 2071, 2073, 2075, 2076, 2077, 2079], "excluded_lines": [], "executed_branches": [], "missing_branches": [[2016, 2017], [2016, 2020], [2027, 2028], [2027, 2029], [2029, 2032], [2029, 2040], [2034, 2035], [2034, 2038], [2040, 2041], [2040, 2043], [2043, 2044], [2043, 2048], [2045, 2046], [2045, 2048], [2048, 2049], [2048, 2051], [2051, 2052], [2051, 2054], [2054, 2055], [2054, 2057], [2057, 2058], [2057, 2060], [2060, 2061], [2060, 2064], [2071, 2073], [2071, 2079]]}, "create_scholarship_rule": {"executed_lines": [], "summary": {"covered_lines": 0, "num_statements": 15, "percent_covered": 0.0, "percent_covered_display": "0.00", "missing_lines": 15, "excluded_lines": 0, "num_branches": 2, "num_partial_branches": 0, "covered_branches": 0, "missing_branches": 2}, "missing_lines": [2095, 2098, 2099, 2100, 2102, 2103, 2109, 2115, 2116, 2118, 2124, 2125, 2127, 2128, 2130], "excluded_lines": [], "executed_branches": [], "missing_branches": [[2102, 2103], [2102, 2109]]}, "get_scholarship_rule": {"executed_lines": [], "summary": {"covered_lines": 0, "num_statements": 10, "percent_covered": 0.0, "percent_covered_display": "0.00", "missing_lines": 10, "excluded_lines": 0, "num_branches": 2, "num_partial_branches": 0, "covered_branches": 0, "missing_branches": 2}, "missing_lines": [2145, 2151, 2152, 2154, 2155, 2161, 2164, 2166, 2167, 2169], "excluded_lines": [], "executed_branches": [], "missing_branches": [[2154, 2155], [2154, 2161]]}, "update_scholarship_rule": {"executed_lines": [], "summary": {"covered_lines": 0, "num_statements": 20, "percent_covered": 0.0, "percent_covered_display": "0.00", "missing_lines": 20, "excluded_lines": 0, "num_branches": 6, "num_partial_branches": 0, "covered_branches": 0, "missing_branches": 6}, "missing_lines": [2186, 2187, 2188, 2190, 2191, 2197, 2201, 2202, 2204, 2205, 2207, 2208, 2209, 2211, 2214, 2220, 2221, 2223, 2224, 2226], "excluded_lines": [], "executed_branches": [], "missing_branches": [[2190, 2191], [2190, 2197], [2207, 2208], [2207, 2211], [2208, 2207], [2208, 2209]]}, "delete_scholarship_rule": {"executed_lines": [], "summary": {"covered_lines": 0, "num_statements": 9, "percent_covered": 0.0, "percent_covered_display": "0.00", "missing_lines": 9, "excluded_lines": 0, "num_branches": 2, "num_partial_branches": 0, "covered_branches": 0, "missing_branches": 2}, "missing_lines": [2242, 2243, 2244, 2246, 2247, 2253, 2255, 2256, 2258], "excluded_lines": [], "executed_branches": [], "missing_branches": [[2246, 2247], [2246, 2253]]}, "_copy_rules_in_batches": {"executed_lines": [], "summary": {"covered_lines": 0, "num_statements": 48, "percent_covered": 0.0, "percent_covered_display": "0.00", "missing_lines": 48, "excluded_lines": 0, "num_branches": 20, "num_partial_branches": 0, "covered_branches": 0, "missing_branches": 20}, "missing_lines": [2276, 2277, 2278, 2281, 2297, 2299, 2301, 2302, 2303, 2305, 2306, 2309, 2310, 2311, 2314, 2315, 2317, 2319, 2320, 2321, 2322, 2323, 2326, 2330, 2331, 2332, 2335, 2336, 2337, 2338, 2340, 2341, 2342, 2345, 2346, 2347, 2353, 2354, 2356, 2357, 2358, 2359, 2360, 2362, 2365, 2366, 2368, 2370], "excluded_lines": [], "executed_branches": [], "missing_branches": [[2299, 2301], [2299, 2345], [2305, 2306], [2305, 2309], [2310, 2311], [2310, 2314], [2317, 2319], [2317, 2335], [2319, 2320], [2319, 2326], [2321, 2322], [2321, 2326], [2335, 2336], [2335, 2340], [2345, 2346], [2345, 2362], [2357, 2358], [2357, 2365], [2365, 2366], [2365, 2368]]}, "_copy_rules_in_batches.rule_exists_in_target": {"executed_lines": [], "summary": {"covered_lines": 0, "num_statements": 2, "percent_covered": 0.0, "percent_covered_display": "0.00", "missing_lines": 2, "excluded_lines": 0, "num_branches": 0, "num_partial_branches": 0, "covered_branches": 0, "missing_branches": 0}, "missing_lines": [2282, 2294], "excluded_lines": [], "executed_branches": [], "missing_branches": []}, "copy_rules_between_periods": {"executed_lines": [], "summary": {"covered_lines": 0, "num_statements": 62, "percent_covered": 0.0, "percent_covered_display": "0.00", "missing_lines": 62, "excluded_lines": 0, "num_branches": 30, "num_partial_branches": 0, "covered_branches": 0, "missing_branches": 30}, "missing_lines": [2386, 2389, 2390, 2392, 2394, 2397, 2398, 2401, 2402, 2405, 2408, 2409, 2410, 2412, 2416, 2417, 2419, 2420, 2421, 2423, 2424, 2431, 2432, 2434, 2436, 2441, 2442, 2445, 2446, 2447, 2450, 2453, 2454, 2457, 2474, 2476, 2477, 2478, 2480, 2482, 2483, 2486, 2490, 2491, 2492, 2495, 2496, 2499, 2500, 2501, 2507, 2508, 2511, 2512, 2513, 2514, 2515, 2517, 2520, 2521, 2523, 2525], "excluded_lines": [], "executed_branches": [], "missing_branches": [[2389, 2390], [2389, 2392], [2392, 2394], [2392, 2397], [2397, 2398], [2397, 2401], [2401, 2402], [2401, 2405], [2409, 2410], [2409, 2412], [2416, 2417], [2416, 2419], [2423, 2424], [2423, 2431], [2434, 2436], [2434, 2441], [2446, 2447], [2446, 2450], [2474, 2476], [2474, 2495], [2476, 2477], [2476, 2486], [2480, 2482], [2480, 2486], [2499, 2500], [2499, 2517], [2512, 2513], [2512, 2520], [2520, 2521], [2520, 2523]]}, "copy_rules_between_periods.rule_exists_in_target": {"executed_lines": [], "summary": {"covered_lines": 0, "num_statements": 2, "percent_covered": 0.0, "percent_covered_display": "0.00", "missing_lines": 2, "excluded_lines": 0, "num_branches": 0, "num_partial_branches": 0, "covered_branches": 0, "missing_branches": 0}, "missing_lines": [2459, 2472], "excluded_lines": [], "executed_branches": [], "missing_branches": []}, "bulk_rule_operation": {"executed_lines": [], "summary": {"covered_lines": 0, "num_statements": 30, "percent_covered": 0.0, "percent_covered_display": "0.00", "missing_lines": 30, "excluded_lines": 0, "num_branches": 18, "num_partial_branches": 0, "covered_branches": 0, "missing_branches": 18}, "missing_lines": [2540, 2541, 2547, 2548, 2549, 2551, 2552, 2558, 2559, 2560, 2562, 2568, 2569, 2570, 2571, 2572, 2573, 2575, 2576, 2577, 2578, 2579, 2580, 2582, 2583, 2584, 2585, 2586, 2589, 2594], "excluded_lines": [], "executed_branches": [], "missing_branches": [[2540, 2541], [2540, 2547], [2551, 2552], [2551, 2558], [2559, 2560], [2559, 2562], [2568, 2569], [2568, 2575], [2569, 2570], [2569, 2572], [2575, 2576], [2575, 2582], [2576, 2577], [2576, 2579], [2582, 2583], [2582, 2589], [2583, 2584], [2583, 2585]]}, "get_rule_templates": {"executed_lines": [], "summary": {"covered_lines": 0, "num_statements": 20, "percent_covered": 0.0, "percent_covered_display": "0.00", "missing_lines": 20, "excluded_lines": 0, "num_branches": 10, "num_partial_branches": 0, "covered_branches": 0, "missing_branches": 10}, "missing_lines": [2614, 2615, 2617, 2622, 2623, 2624, 2627, 2629, 2630, 2633, 2635, 2637, 2638, 2640, 2641, 2643, 2645, 2646, 2647, 2649], "excluded_lines": [], "executed_branches": [], "missing_branches": [[2614, 2615], [2614, 2617], [2622, 2623], [2622, 2624], [2624, 2627], [2624, 2635], [2629, 2630], [2629, 2633], [2641, 2643], [2641, 2649]]}, "create_rule_template": {"executed_lines": [], "summary": {"covered_lines": 0, "num_statements": 28, "percent_covered": 0.0, "percent_covered_display": "0.00", "missing_lines": 28, "excluded_lines": 0, "num_branches": 12, "num_partial_branches": 0, "covered_branches": 0, "missing_branches": 12}, "missing_lines": [2665, 2666, 2667, 2669, 2670, 2676, 2677, 2678, 2681, 2682, 2688, 2689, 2690, 2714, 2717, 2718, 2721, 2722, 2723, 2729, 2730, 2733, 2734, 2735, 2736, 2737, 2739, 2741], "excluded_lines": [], "executed_branches": [], "missing_branches": [[2669, 2670], [2669, 2676], [2677, 2678], [2677, 2681], [2681, 2682], [2681, 2688], [2689, 2690], [2689, 2717], [2721, 2722], [2721, 2739], [2734, 2735], [2734, 2741]]}, "apply_rule_template": {"executed_lines": [], "summary": {"covered_lines": 0, "num_statements": 39, "percent_covered": 0.0, "percent_covered_display": "0.00", "missing_lines": 39, "excluded_lines": 0, "num_branches": 16, "num_partial_branches": 0, "covered_branches": 0, "missing_branches": 16}, "missing_lines": [2757, 2761, 2762, 2764, 2765, 2771, 2774, 2779, 2780, 2783, 2784, 2785, 2786, 2788, 2795, 2796, 2798, 2799, 2805, 2806, 2807, 2808, 2810, 2811, 2833, 2836, 2837, 2840, 2841, 2842, 2848, 2849, 2852, 2853, 2854, 2855, 2856, 2858, 2860], "excluded_lines": [], "executed_branches": [], "missing_branches": [[2764, 2765], [2764, 2771], [2783, 2784], [2783, 2805], [2785, 2786], [2785, 2788], [2798, 2799], [2798, 2805], [2807, 2808], [2807, 2810], [2810, 2811], [2810, 2836], [2840, 2841], [2840, 2858], [2853, 2854], [2853, 2860]]}, "delete_rule_template": {"executed_lines": [], "summary": {"covered_lines": 0, "num_statements": 10, "percent_covered": 0.0, "percent_covered_display": "0.00", "missing_lines": 10, "excluded_lines": 0, "num_branches": 4, "num_partial_branches": 0, "covered_branches": 0, "missing_branches": 4}, "missing_lines": [2877, 2880, 2885, 2886, 2888, 2889, 2895, 2896, 2898, 2900], "excluded_lines": [], "executed_branches": [], "missing_branches": [[2888, 2889], [2888, 2895], [2895, 2896], [2895, 2898]]}, "get_available_years": {"executed_lines": [], "summary": {"covered_lines": 0, "num_statements": 7, "percent_covered": 0.0, "percent_covered_display": "0.00", "missing_lines": 7, "excluded_lines": 0, "num_branches": 2, "num_partial_branches": 0, "covered_branches": 0, "missing_branches": 2}, "missing_lines": [2915, 2919, 2920, 2923, 2925, 2926, 2928], "excluded_lines": [], "executed_branches": [], "missing_branches": [[2923, 2925], [2923, 2928]]}, "get_available_professors": {"executed_lines": [2946, 2947, 2948], "summary": {"covered_lines": 3, "num_statements": 4, "percent_covered": 75.0, "percent_covered_display": "75.00", "missing_lines": 1, "excluded_lines": 3, "num_branches": 0, "num_partial_branches": 0, "covered_branches": 0, "missing_branches": 0}, "missing_lines": [2950], "excluded_lines": [2956, 2957, 2958], "executed_branches": [], "missing_branches": []}, "assign_professor_to_application": {"executed_lines": [2972, 2973, 2974], "summary": {"covered_lines": 3, "num_statements": 7, "percent_covered": 42.857142857142854, "percent_covered_display": "42.86", "missing_lines": 4, "excluded_lines": 3, "num_branches": 0, "num_partial_branches": 0, "covered_branches": 0, "missing_branches": 0}, "missing_lines": [2982, 2983, 2987, 3018], "excluded_lines": [3024, 3025, 3026], "executed_branches": [], "missing_branches": []}, "": {"executed_lines": [1, 5, 6, 7, 8, 9, 10, 11, 12, 14, 15, 19, 20, 24, 25, 26, 27, 29, 30, 31, 32, 33, 34, 35, 37, 39, 42, 52, 53, 167, 168, 310, 311, 402, 403, 420, 421, 444, 445, 463, 464, 490, 491, 536, 537, 560, 561, 685, 686, 740, 741, 817, 818, 877, 878, 928, 929, 997, 998, 1032, 1033, 1110, 1111, 1263, 1264, 1327, 1328, 1361, 1362, 1434, 1435, 1507, 1508, 1561, 1562, 1594, 1595, 1695, 1696, 1747, 1748, 1829, 1830, 1871, 1872, 1913, 1914, 1945, 1946, 2000, 2001, 2086, 2087, 2137, 2138, 2176, 2177, 2233, 2234, 2265, 2377, 2378, 2532, 2533, 2605, 2606, 2656, 2657, 2748, 2749, 2867, 2868, 2907, 2908, 2935, 2936, 2964, 2965], "summary": {"covered_lines": 117, "num_statements": 117, "percent_covered": 100.0, "percent_covered_display": "100.00", "missing_lines": 0, "excluded_lines": 0, "num_branches": 0, "num_partial_branches": 0, "covered_branches": 0, "missing_branches": 0}, "missing_lines": [], "excluded_lines": [], "executed_branches": [], "missing_branches": []}}, "classes": {"": {"executed_lines": [1, 5, 6, 7, 8, 9, 10, 11, 12, 14, 15, 19, 20, 24, 25, 26, 27, 29, 30, 31, 32, 33, 34, 35, 37, 39, 42, 52, 53, 64, 73, 74, 77, 79, 87, 88, 96, 167, 168, 182, 196, 197, 198, 201, 211, 214, 217, 220, 226, 239, 240, 248, 310, 311, 318, 319, 321, 331, 332, 339, 349, 350, 364, 385, 402, 403, 407, 420, 421, 444, 445, 463, 464, 490, 491, 536, 537, 560, 561, 569, 570, 572, 590, 601, 604, 606, 685, 686, 740, 741, 817, 818, 877, 878, 928, 929, 997, 998, 1032, 1033, 1110, 1111, 1121, 1122, 1148, 1263, 1264, 1327, 1328, 1361, 1362, 1434, 1435, 1507, 1508, 1561, 1562, 1594, 1595, 1695, 1696, 1747, 1748, 1829, 1830, 1871, 1872, 1913, 1914, 1945, 1946, 2000, 2001, 2086, 2087, 2137, 2138, 2176, 2177, 2233, 2234, 2265, 2377, 2378, 2532, 2533, 2605, 2606, 2656, 2657, 2748, 2749, 2867, 2868, 2907, 2908, 2935, 2936, 2946, 2947, 2948, 2964, 2965, 2972, 2973, 2974], "summary": {"covered_lines": 165, "num_statements": 957, "percent_covered": 13.465952563121652, "percent_covered_display": "13.47", "missing_lines": 792, "excluded_lines": 6, "num_branches": 350, "num_partial_branches": 9, "covered_branches": 11, "missing_branches": 339}, "missing_lines": [44, 45, 49, 80, 89, 92, 93, 97, 100, 101, 102, 105, 146, 147, 148, 150, 151, 153, 154, 156, 158, 212, 215, 218, 221, 222, 223, 224, 227, 228, 241, 244, 245, 249, 252, 253, 254, 257, 258, 260, 299, 301, 322, 324, 327, 328, 333, 336, 337, 338, 340, 343, 347, 348, 353, 357, 358, 362, 363, 365, 368, 369, 383, 384, 386, 387, 389, 427, 428, 429, 437, 451, 456, 470, 471, 472, 481, 483, 497, 500, 501, 504, 505, 506, 509, 511, 523, 524, 527, 529, 543, 545, 547, 548, 549, 550, 551, 553, 554, 555, 557, 573, 575, 578, 579, 582, 583, 602, 607, 610, 617, 618, 619, 622, 666, 667, 668, 670, 671, 673, 674, 676, 678, 695, 703, 704, 707, 708, 710, 729, 731, 752, 758, 759, 760, 761, 764, 765, 766, 769, 770, 773, 774, 777, 778, 780, 799, 802, 804, 826, 845, 846, 847, 850, 870, 885, 891, 892, 894, 895, 901, 921, 938, 944, 945, 947, 948, 955, 957, 958, 959, 960, 961, 962, 963, 964, 966, 967, 970, 990, 1006, 1012, 1013, 1015, 1016, 1022, 1023, 1025, 1040, 1041, 1043, 1044, 1046, 1049, 1050, 1053, 1054, 1055, 1056, 1057, 1059, 1061, 1063, 1064, 1065, 1068, 1069, 1076, 1081, 1082, 1083, 1087, 1090, 1092, 1103, 1123, 1125, 1126, 1129, 1138, 1139, 1141, 1143, 1145, 1147, 1149, 1152, 1153, 1154, 1157, 1158, 1160, 1161, 1163, 1164, 1167, 1168, 1169, 1171, 1172, 1174, 1175, 1188, 1244, 1245, 1246, 1248, 1249, 1251, 1252, 1254, 1256, 1272, 1273, 1274, 1276, 1277, 1279, 1282, 1283, 1285, 1289, 1290, 1292, 1293, 1300, 1305, 1306, 1307, 1311, 1313, 1320, 1335, 1338, 1339, 1342, 1344, 1346, 1349, 1350, 1352, 1370, 1373, 1374, 1376, 1377, 1380, 1383, 1384, 1400, 1403, 1404, 1405, 1407, 1409, 1425, 1427, 1444, 1447, 1448, 1450, 1451, 1454, 1455, 1458, 1459, 1462, 1468, 1469, 1472, 1479, 1480, 1481, 1483, 1500, 1517, 1518, 1519, 1521, 1522, 1526, 1528, 1529, 1530, 1531, 1533, 1534, 1535, 1537, 1554, 1570, 1571, 1572, 1574, 1575, 1581, 1582, 1583, 1585, 1604, 1606, 1607, 1608, 1610, 1612, 1613, 1614, 1615, 1617, 1618, 1619, 1630, 1637, 1642, 1643, 1645, 1646, 1650, 1651, 1652, 1664, 1665, 1666, 1667, 1668, 1671, 1673, 1674, 1675, 1688, 1703, 1704, 1711, 1712, 1719, 1723, 1724, 1727, 1728, 1729, 1740, 1756, 1757, 1758, 1761, 1762, 1765, 1766, 1772, 1773, 1774, 1776, 1777, 1780, 1781, 1782, 1784, 1785, 1788, 1791, 1795, 1796, 1798, 1799, 1803, 1808, 1809, 1810, 1813, 1839, 1842, 1843, 1845, 1846, 1852, 1853, 1855, 1881, 1884, 1885, 1887, 1888, 1892, 1893, 1899, 1902, 1903, 1906, 1921, 1925, 1926, 1929, 1930, 1931, 1938, 1952, 1954, 1956, 1957, 1961, 1962, 1963, 1966, 1973, 1974, 1977, 1978, 1979, 1989, 2016, 2017, 2020, 2027, 2028, 2029, 2032, 2034, 2035, 2038, 2040, 2041, 2043, 2044, 2045, 2046, 2048, 2049, 2051, 2052, 2054, 2055, 2057, 2058, 2060, 2061, 2064, 2066, 2067, 2070, 2071, 2073, 2075, 2076, 2077, 2079, 2095, 2098, 2099, 2100, 2102, 2103, 2109, 2115, 2116, 2118, 2124, 2125, 2127, 2128, 2130, 2145, 2151, 2152, 2154, 2155, 2161, 2164, 2166, 2167, 2169, 2186, 2187, 2188, 2190, 2191, 2197, 2201, 2202, 2204, 2205, 2207, 2208, 2209, 2211, 2214, 2220, 2221, 2223, 2224, 2226, 2242, 2243, 2244, 2246, 2247, 2253, 2255, 2256, 2258, 2276, 2277, 2278, 2281, 2282, 2294, 2297, 2299, 2301, 2302, 2303, 2305, 2306, 2309, 2310, 2311, 2314, 2315, 2317, 2319, 2320, 2321, 2322, 2323, 2326, 2330, 2331, 2332, 2335, 2336, 2337, 2338, 2340, 2341, 2342, 2345, 2346, 2347, 2353, 2354, 2356, 2357, 2358, 2359, 2360, 2362, 2365, 2366, 2368, 2370, 2386, 2389, 2390, 2392, 2394, 2397, 2398, 2401, 2402, 2405, 2408, 2409, 2410, 2412, 2416, 2417, 2419, 2420, 2421, 2423, 2424, 2431, 2432, 2434, 2436, 2441, 2442, 2445, 2446, 2447, 2450, 2453, 2454, 2457, 2459, 2472, 2474, 2476, 2477, 2478, 2480, 2482, 2483, 2486, 2490, 2491, 2492, 2495, 2496, 2499, 2500, 2501, 2507, 2508, 2511, 2512, 2513, 2514, 2515, 2517, 2520, 2521, 2523, 2525, 2540, 2541, 2547, 2548, 2549, 2551, 2552, 2558, 2559, 2560, 2562, 2568, 2569, 2570, 2571, 2572, 2573, 2575, 2576, 2577, 2578, 2579, 2580, 2582, 2583, 2584, 2585, 2586, 2589, 2594, 2614, 2615, 2617, 2622, 2623, 2624, 2627, 2629, 2630, 2633, 2635, 2637, 2638, 2640, 2641, 2643, 2645, 2646, 2647, 2649, 2665, 2666, 2667, 2669, 2670, 2676, 2677, 2678, 2681, 2682, 2688, 2689, 2690, 2714, 2717, 2718, 2721, 2722, 2723, 2729, 2730, 2733, 2734, 2735, 2736, 2737, 2739, 2741, 2757, 2761, 2762, 2764, 2765, 2771, 2774, 2779, 2780, 2783, 2784, 2785, 2786, 2788, 2795, 2796, 2798, 2799, 2805, 2806, 2807, 2808, 2810, 2811, 2833, 2836, 2837, 2840, 2841, 2842, 2848, 2849, 2852, 2853, 2854, 2855, 2856, 2858, 2860, 2877, 2880, 2885, 2886, 2888, 2889, 2895, 2896, 2898, 2900, 2915, 2919, 2920, 2923, 2925, 2926, 2928, 2950, 2982, 2983, 2987, 3018], "excluded_lines": [2956, 2957, 2958, 3024, 3025, 3026], "executed_branches": [[73, 74], [73, 77], [79, 87], [211, 214], [214, 217], [217, 220], [220, 226], [226, 239], [319, 321], [570, 572], [601, 604]], "missing_branches": [[44, 45], [44, 49], [79, 80], [101, 102], [101, 158], [146, 147], [146, 156], [150, 151], [150, 153], [211, 212], [214, 215], [217, 218], [220, 221], [221, 222], [221, 223], [223, 224], [223, 226], [226, 227], [253, 254], [253, 301], [319, 322], [322, 324], [322, 331], [337, 338], [337, 339], [347, 348], [347, 349], [362, 363], [362, 364], [383, 384], [383, 385], [428, 429], [428, 437], [471, 472], [471, 481], [500, 501], [500, 504], [505, 506], [505, 509], [547, 548], [547, 553], [548, 549], [548, 550], [550, 551], [550, 553], [570, 573], [573, 575], [573, 590], [582, 583], [582, 590], [601, 602], [618, 619], [618, 678], [666, 667], [666, 676], [670, 671], [670, 673], [708, 710], [708, 731], [758, 759], [758, 760], [760, 761], [760, 764], [778, 780], [778, 802], [894, 895], [894, 901], [947, 948], [947, 955], [958, 959], [958, 966], [959, 960], [959, 966], [960, 959], [960, 961], [961, 962], [961, 963], [963, 959], [963, 964], [1015, 1016], [1015, 1022], [1041, 1043], [1041, 1044], [1044, 1046], [1044, 1053], [1054, 1055], [1054, 1056], [1061, 1063], [1061, 1103], [1082, 1083], [1082, 1090], [1125, 1126], [1125, 1129], [1138, 1139], [1138, 1141], [1143, 1145], [1143, 1147], [1153, 1154], [1153, 1256], [1158, 1160], [1158, 1188], [1167, 1168], [1167, 1188], [1169, 1171], [1169, 1188], [1172, 1169], [1172, 1174], [1244, 1245], [1244, 1254], [1248, 1249], [1248, 1251], [1276, 1277], [1276, 1279], [1283, 1285], [1283, 1320], [1306, 1307], [1306, 1313], [1344, 1346], [1344, 1352], [1349, 1344], [1349, 1350], [1376, 1377], [1376, 1380], [1383, 1384], [1383, 1403], [1403, 1404], [1403, 1427], [1405, 1407], [1405, 1427], [1450, 1451], [1450, 1454], [1454, 1455], [1454, 1458], [1458, 1459], [1458, 1462], [1468, 1469], [1468, 1472], [1521, 1522], [1521, 1526], [1529, 1530], [1529, 1533], [1530, 1529], [1530, 1531], [1574, 1575], [1574, 1581], [1604, 1606], [1604, 1637], [1610, 1612], [1610, 1637], [1618, 1619], [1618, 1630], [1642, 1643], [1642, 1645], [1651, 1652], [1651, 1664], [1664, 1665], [1664, 1688], [1673, 1674], [1673, 1688], [1674, 1673], [1674, 1675], [1703, 1704], [1703, 1711], [1711, 1712], [1711, 1719], [1728, 1729], [1728, 1740], [1761, 1762], [1761, 1765], [1765, 1766], [1765, 1772], [1776, 1777], [1776, 1780], [1784, 1785], [1784, 1788], [1798, 1799], [1798, 1803], [1845, 1846], [1845, 1852], [1887, 1888], [1887, 1892], [1892, 1893], [1892, 1899], [1930, 1931], [1930, 1938], [1954, 1956], [1954, 1966], [1978, 1979], [1978, 1989], [2016, 2017], [2016, 2020], [2027, 2028], [2027, 2029], [2029, 2032], [2029, 2040], [2034, 2035], [2034, 2038], [2040, 2041], [2040, 2043], [2043, 2044], [2043, 2048], [2045, 2046], [2045, 2048], [2048, 2049], [2048, 2051], [2051, 2052], [2051, 2054], [2054, 2055], [2054, 2057], [2057, 2058], [2057, 2060], [2060, 2061], [2060, 2064], [2071, 2073], [2071, 2079], [2102, 2103], [2102, 2109], [2154, 2155], [2154, 2161], [2190, 2191], [2190, 2197], [2207, 2208], [2207, 2211], [2208, 2207], [2208, 2209], [2246, 2247], [2246, 2253], [2299, 2301], [2299, 2345], [2305, 2306], [2305, 2309], [2310, 2311], [2310, 2314], [2317, 2319], [2317, 2335], [2319, 2320], [2319, 2326], [2321, 2322], [2321, 2326], [2335, 2336], [2335, 2340], [2345, 2346], [2345, 2362], [2357, 2358], [2357, 2365], [2365, 2366], [2365, 2368], [2389, 2390], [2389, 2392], [2392, 2394], [2392, 2397], [2397, 2398], [2397, 2401], [2401, 2402], [2401, 2405], [2409, 2410], [2409, 2412], [2416, 2417], [2416, 2419], [2423, 2424], [2423, 2431], [2434, 2436], [2434, 2441], [2446, 2447], [2446, 2450], [2474, 2476], [2474, 2495], [2476, 2477], [2476, 2486], [2480, 2482], [2480, 2486], [2499, 2500], [2499, 2517], [2512, 2513], [2512, 2520], [2520, 2521], [2520, 2523], [2540, 2541], [2540, 2547], [2551, 2552], [2551, 2558], [2559, 2560], [2559, 2562], [2568, 2569], [2568, 2575], [2569, 2570], [2569, 2572], [2575, 2576], [2575, 2582], [2576, 2577], [2576, 2579], [2582, 2583], [2582, 2589], [2583, 2584], [2583, 2585], [2614, 2615], [2614, 2617], [2622, 2623], [2622, 2624], [2624, 2627], [2624, 2635], [2629, 2630], [2629, 2633], [2641, 2643], [2641, 2649], [2669, 2670], [2669, 2676], [2677, 2678], [2677, 2681], [2681, 2682], [2681, 2688], [2689, 2690], [2689, 2717], [2721, 2722], [2721, 2739], [2734, 2735], [2734, 2741], [2764, 2765], [2764, 2771], [2783, 2784], [2783, 2805], [2785, 2786], [2785, 2788], [2798, 2799], [2798, 2805], [2807, 2808], [2807, 2810], [2810, 2811], [2810, 2836], [2840, 2841], [2840, 2858], [2853, 2854], [2853, 2860], [2888, 2889], [2888, 2895], [2895, 2896], [2895, 2898], [2923, 2925], [2923, 2928]]}}}, "app/api/v1/endpoints/application_fields.py": {"executed_lines": [1, 5, 6, 7, 8, 9, 11, 12, 13, 14, 15, 20, 22, 23, 27, 28, 44, 45, 61, 62, 85, 86, 109, 110, 126, 127, 143, 144, 167, 168, 191, 192, 234, 235, 236, 237, 240, 241], "summary": {"covered_lines": 36, "num_statements": 79, "percent_covered": 41.37931034482759, "percent_covered_display": "41.38", "missing_lines": 43, "excluded_lines": 4, "num_branches": 8, "num_partial_branches": 0, "covered_branches": 0, "missing_branches": 8}, "missing_lines": [34, 35, 37, 51, 52, 54, 69, 70, 72, 73, 78, 92, 93, 95, 96, 101, 116, 117, 119, 133, 134, 136, 151, 152, 154, 155, 160, 174, 175, 177, 178, 183, 199, 200, 201, 204, 205, 207, 213, 214, 248, 250, 257], "excluded_lines": [219, 220, 222, 227], "executed_branches": [], "missing_branches": [[72, 73], [72, 78], [95, 96], [95, 101], [154, 155], [154, 160], [177, 178], [177, 183]], "functions": {"get_fields_by_scholarship_type": {"executed_lines": [], "summary": {"covered_lines": 0, "num_statements": 3, "percent_covered": 0.0, "percent_covered_display": "0.00", "missing_lines": 3, "excluded_lines": 0, "num_branches": 0, "num_partial_branches": 0, "covered_branches": 0, "missing_branches": 0}, "missing_lines": [34, 35, 37], "excluded_lines": [], "executed_branches": [], "missing_branches": []}, "create_field": {"executed_lines": [], "summary": {"covered_lines": 0, "num_statements": 3, "percent_covered": 0.0, "percent_covered_display": "0.00", "missing_lines": 3, "excluded_lines": 0, "num_branches": 0, "num_partial_branches": 0, "covered_branches": 0, "missing_branches": 0}, "missing_lines": [51, 52, 54], "excluded_lines": [], "executed_branches": [], "missing_branches": []}, "update_field": {"executed_lines": [], "summary": {"covered_lines": 0, "num_statements": 5, "percent_covered": 0.0, "percent_covered_display": "0.00", "missing_lines": 5, "excluded_lines": 0, "num_branches": 2, "num_partial_branches": 0, "covered_branches": 0, "missing_branches": 2}, "missing_lines": [69, 70, 72, 73, 78], "excluded_lines": [], "executed_branches": [], "missing_branches": [[72, 73], [72, 78]]}, "delete_field": {"executed_lines": [], "summary": {"covered_lines": 0, "num_statements": 5, "percent_covered": 0.0, "percent_covered_display": "0.00", "missing_lines": 5, "excluded_lines": 0, "num_branches": 2, "num_partial_branches": 0, "covered_branches": 0, "missing_branches": 2}, "missing_lines": [92, 93, 95, 96, 101], "excluded_lines": [], "executed_branches": [], "missing_branches": [[95, 96], [95, 101]]}, "get_documents_by_scholarship_type": {"executed_lines": [], "summary": {"covered_lines": 0, "num_statements": 3, "percent_covered": 0.0, "percent_covered_display": "0.00", "missing_lines": 3, "excluded_lines": 0, "num_branches": 0, "num_partial_branches": 0, "covered_branches": 0, "missing_branches": 0}, "missing_lines": [116, 117, 119], "excluded_lines": [], "executed_branches": [], "missing_branches": []}, "create_document": {"executed_lines": [], "summary": {"covered_lines": 0, "num_statements": 3, "percent_covered": 0.0, "percent_covered_display": "0.00", "missing_lines": 3, "excluded_lines": 0, "num_branches": 0, "num_partial_branches": 0, "covered_branches": 0, "missing_branches": 0}, "missing_lines": [133, 134, 136], "excluded_lines": [], "executed_branches": [], "missing_branches": []}, "update_document": {"executed_lines": [], "summary": {"covered_lines": 0, "num_statements": 5, "percent_covered": 0.0, "percent_covered_display": "0.00", "missing_lines": 5, "excluded_lines": 0, "num_branches": 2, "num_partial_branches": 0, "covered_branches": 0, "missing_branches": 2}, "missing_lines": [151, 152, 154, 155, 160], "excluded_lines": [], "executed_branches": [], "missing_branches": [[154, 155], [154, 160]]}, "delete_document": {"executed_lines": [], "summary": {"covered_lines": 0, "num_statements": 5, "percent_covered": 0.0, "percent_covered_display": "0.00", "missing_lines": 5, "excluded_lines": 0, "num_branches": 2, "num_partial_branches": 0, "covered_branches": 0, "missing_branches": 2}, "missing_lines": [174, 175, 177, 178, 183], "excluded_lines": [], "executed_branches": [], "missing_branches": [[177, 178], [177, 183]]}, "get_scholarship_form_config": {"executed_lines": [], "summary": {"covered_lines": 0, "num_statements": 8, "percent_covered": 0.0, "percent_covered_display": "0.00", "missing_lines": 8, "excluded_lines": 4, "num_branches": 0, "num_partial_branches": 0, "covered_branches": 0, "missing_branches": 0}, "missing_lines": [199, 200, 201, 204, 205, 207, 213, 214], "excluded_lines": [219, 220, 222, 227], "executed_branches": [], "missing_branches": []}, "save_scholarship_form_config": {"executed_lines": [], "summary": {"covered_lines": 0, "num_statements": 3, "percent_covered": 0.0, "percent_covered_display": "0.00", "missing_lines": 3, "excluded_lines": 0, "num_branches": 0, "num_partial_branches": 0, "covered_branches": 0, "missing_branches": 0}, "missing_lines": [248, 250, 257], "excluded_lines": [], "executed_branches": [], "missing_branches": []}, "": {"executed_lines": [1, 5, 6, 7, 8, 9, 11, 12, 13, 14, 15, 20, 22, 23, 27, 28, 44, 45, 61, 62, 85, 86, 109, 110, 126, 127, 143, 144, 167, 168, 191, 192, 234, 235, 236, 237, 240, 241], "summary": {"covered_lines": 36, "num_statements": 36, "percent_covered": 100.0, "percent_covered_display": "100.00", "missing_lines": 0, "excluded_lines": 0, "num_branches": 0, "num_partial_branches": 0, "covered_branches": 0, "missing_branches": 0}, "missing_lines": [], "excluded_lines": [], "executed_branches": [], "missing_branches": []}}, "classes": {"FormConfigSaveRequest": {"executed_lines": [], "summary": {"covered_lines": 0, "num_statements": 0, "percent_covered": 100.0, "percent_covered_display": "100.00", "missing_lines": 0, "excluded_lines": 0, "num_branches": 0, "num_partial_branches": 0, "covered_branches": 0, "missing_branches": 0}, "missing_lines": [], "excluded_lines": [], "executed_branches": [], "missing_branches": []}, "": {"executed_lines": [1, 5, 6, 7, 8, 9, 11, 12, 13, 14, 15, 20, 22, 23, 27, 28, 44, 45, 61, 62, 85, 86, 109, 110, 126, 127, 143, 144, 167, 168, 191, 192, 234, 235, 236, 237, 240, 241], "summary": {"covered_lines": 36, "num_statements": 79, "percent_covered": 41.37931034482759, "percent_covered_display": "41.38", "missing_lines": 43, "excluded_lines": 4, "num_branches": 8, "num_partial_branches": 0, "covered_branches": 0, "missing_branches": 8}, "missing_lines": [34, 35, 37, 51, 52, 54, 69, 70, 72, 73, 78, 92, 93, 95, 96, 101, 116, 117, 119, 133, 134, 136, 151, 152, 154, 155, 160, 174, 175, 177, 178, 183, 199, 200, 201, 204, 205, 207, 213, 214, 248, 250, 257], "excluded_lines": [219, 220, 222, 227], "executed_branches": [], "missing_branches": [[72, 73], [72, 78], [95, 96], [95, 101], [154, 155], [154, 160], [177, 178], [177, 183]]}}}, "app/api/v1/endpoints/applications.py": {"executed_lines": [1, 5, 6, 7, 8, 9, 11, 12, 17, 18, 19, 20, 21, 23, 24, 27, 28, 145, 146, 156, 157, 166, 167, 177, 178, 189, 190, 200, 201, 222, 223, 295, 296, 311, 312, 323, 324, 335, 336, 350, 351, 378, 379, 406, 407], "summary": {"covered_lines": 44, "num_statements": 147, "percent_covered": 24.58100558659218, "percent_covered_display": "24.58", "missing_lines": 103, "excluded_lines": 9, "num_branches": 32, "num_partial_branches": 0, "covered_branches": 0, "missing_branches": 32}, "missing_lines": [35, 38, 39, 42, 43, 44, 46, 47, 49, 58, 61, 62, 63, 73, 74, 75, 76, 85, 87, 88, 89, 103, 104, 110, 111, 113, 114, 115, 116, 117, 152, 153, 162, 163, 173, 174, 185, 186, 196, 197, 207, 208, 210, 211, 216, 231, 232, 234, 235, 238, 239, 240, 241, 242, 254, 257, 259, 260, 262, 263, 265, 266, 278, 279, 280, 281, 283, 284, 286, 288, 304, 305, 319, 320, 331, 332, 343, 344, 345, 346, 347, 358, 361, 362, 367, 369, 387, 389, 390, 396, 397, 398, 413, 414, 417, 418, 419, 421, 422, 428, 429, 435, 436], "excluded_lines": [90, 91, 93, 126, 127, 128, 129, 130, 131], "executed_branches": [], "missing_branches": [[46, 47], [46, 58], [61, 62], [61, 73], [74, 75], [74, 85], [115, 116], [115, 117], [210, 211], [210, 216], [234, 235], [234, 238], [239, 240], [239, 257], [240, 241], [240, 257], [241, 240], [241, 242], [257, 259], [257, 288], [265, 266], [265, 288], [278, 279], [278, 283], [343, 344], [343, 346], [361, 362], [361, 367], [421, 422], [421, 428], [428, 429], [428, 435]], "functions": {"create_application": {"executed_lines": [], "summary": {"covered_lines": 0, "num_statements": 30, "percent_covered": 0.0, "percent_covered_display": "0.00", "missing_lines": 30, "excluded_lines": 9, "num_branches": 8, "num_partial_branches": 0, "covered_branches": 0, "missing_branches": 8}, "missing_lines": [35, 38, 39, 42, 43, 44, 46, 47, 49, 58, 61, 62, 63, 73, 74, 75, 76, 85, 87, 88, 89, 103, 104, 110, 111, 113, 114, 115, 116, 117], "excluded_lines": [90, 91, 93, 126, 127, 128, 129, 130, 131], "executed_branches": [], "missing_branches": [[46, 47], [46, 58], [61, 62], [61, 73], [74, 75], [74, 85], [115, 116], [115, 117]]}, "get_my_applications": {"executed_lines": [], "summary": {"covered_lines": 0, "num_statements": 2, "percent_covered": 0.0, "percent_covered_display": "0.00", "missing_lines": 2, "excluded_lines": 0, "num_branches": 0, "num_partial_branches": 0, "covered_branches": 0, "missing_branches": 0}, "missing_lines": [152, 153], "excluded_lines": [], "executed_branches": [], "missing_branches": []}, "get_dashboard_stats": {"executed_lines": [], "summary": {"covered_lines": 0, "num_statements": 2, "percent_covered": 0.0, "percent_covered_display": "0.00", "missing_lines": 2, "excluded_lines": 0, "num_branches": 0, "num_partial_branches": 0, "covered_branches": 0, "missing_branches": 0}, "missing_lines": [162, 163], "excluded_lines": [], "executed_branches": [], "missing_branches": []}, "get_application": {"executed_lines": [], "summary": {"covered_lines": 0, "num_statements": 2, "percent_covered": 0.0, "percent_covered_display": "0.00", "missing_lines": 2, "excluded_lines": 0, "num_branches": 0, "num_partial_branches": 0, "covered_branches": 0, "missing_branches": 0}, "missing_lines": [173, 174], "excluded_lines": [], "executed_branches": [], "missing_branches": []}, "update_application": {"executed_lines": [], "summary": {"covered_lines": 0, "num_statements": 2, "percent_covered": 0.0, "percent_covered_display": "0.00", "missing_lines": 2, "excluded_lines": 0, "num_branches": 0, "num_partial_branches": 0, "covered_branches": 0, "missing_branches": 0}, "missing_lines": [185, 186], "excluded_lines": [], "executed_branches": [], "missing_branches": []}, "submit_application": {"executed_lines": [], "summary": {"covered_lines": 0, "num_statements": 2, "percent_covered": 0.0, "percent_covered_display": "0.00", "missing_lines": 2, "excluded_lines": 0, "num_branches": 0, "num_partial_branches": 0, "covered_branches": 0, "missing_branches": 0}, "missing_lines": [196, 197], "excluded_lines": [], "executed_branches": [], "missing_branches": []}, "delete_application": {"executed_lines": [], "summary": {"covered_lines": 0, "num_statements": 5, "percent_covered": 0.0, "percent_covered_display": "0.00", "missing_lines": 5, "excluded_lines": 0, "num_branches": 2, "num_partial_branches": 0, "covered_branches": 0, "missing_branches": 2}, "missing_lines": [207, 208, 210, 211, 216], "excluded_lines": [], "executed_branches": [], "missing_branches": [[210, 211], [210, 216]]}, "get_application_files": {"executed_lines": [], "summary": {"covered_lines": 0, "num_statements": 25, "percent_covered": 0.0, "percent_covered_display": "0.00", "missing_lines": 25, "excluded_lines": 0, "num_branches": 14, "num_partial_branches": 0, "covered_branches": 0, "missing_branches": 14}, "missing_lines": [231, 232, 234, 235, 238, 239, 240, 241, 242, 254, 257, 259, 260, 262, 263, 265, 266, 278, 279, 280, 281, 283, 284, 286, 288], "excluded_lines": [], "executed_branches": [], "missing_branches": [[234, 235], [234, 238], [239, 240], [239, 257], [240, 241], [240, 257], [241, 240], [241, 242], [257, 259], [257, 288], [265, 266], [265, 288], [278, 279], [278, 283]]}, "upload_file": {"executed_lines": [], "summary": {"covered_lines": 0, "num_statements": 2, "percent_covered": 0.0, "percent_covered_display": "0.00", "missing_lines": 2, "excluded_lines": 0, "num_branches": 0, "num_partial_branches": 0, "covered_branches": 0, "missing_branches": 0}, "missing_lines": [304, 305], "excluded_lines": [], "executed_branches": [], "missing_branches": []}, "get_applications_for_review": {"executed_lines": [], "summary": {"covered_lines": 0, "num_statements": 2, "percent_covered": 0.0, "percent_covered_display": "0.00", "missing_lines": 2, "excluded_lines": 0, "num_branches": 0, "num_partial_branches": 0, "covered_branches": 0, "missing_branches": 0}, "missing_lines": [319, 320], "excluded_lines": [], "executed_branches": [], "missing_branches": []}, "update_application_status": {"executed_lines": [], "summary": {"covered_lines": 0, "num_statements": 2, "percent_covered": 0.0, "percent_covered_display": "0.00", "missing_lines": 2, "excluded_lines": 0, "num_branches": 0, "num_partial_branches": 0, "covered_branches": 0, "missing_branches": 0}, "missing_lines": [331, 332], "excluded_lines": [], "executed_branches": [], "missing_branches": []}, "submit_professor_review": {"executed_lines": [], "summary": {"covered_lines": 0, "num_statements": 5, "percent_covered": 0.0, "percent_covered_display": "0.00", "missing_lines": 5, "excluded_lines": 0, "num_branches": 2, "num_partial_branches": 0, "covered_branches": 0, "missing_branches": 2}, "missing_lines": [343, 344, 345, 346, 347], "excluded_lines": [], "executed_branches": [], "missing_branches": [[343, 344], [343, 346]]}, "get_college_applications_for_review": {"executed_lines": [], "summary": {"covered_lines": 0, "num_statements": 5, "percent_covered": 0.0, "percent_covered_display": "0.00", "missing_lines": 5, "excluded_lines": 0, "num_branches": 2, "num_partial_branches": 0, "covered_branches": 0, "missing_branches": 2}, "missing_lines": [358, 361, 362, 367, 369], "excluded_lines": [], "executed_branches": [], "missing_branches": [[361, 362], [361, 367]]}, "update_student_data": {"executed_lines": [], "summary": {"covered_lines": 0, "num_statements": 6, "percent_covered": 0.0, "percent_covered_display": "0.00", "missing_lines": 6, "excluded_lines": 0, "num_branches": 0, "num_partial_branches": 0, "covered_branches": 0, "missing_branches": 0}, "missing_lines": [387, 389, 390, 396, 397, 398], "excluded_lines": [], "executed_branches": [], "missing_branches": []}, "get_student_data": {"executed_lines": [], "summary": {"covered_lines": 0, "num_statements": 11, "percent_covered": 0.0, "percent_covered_display": "0.00", "missing_lines": 11, "excluded_lines": 0, "num_branches": 4, "num_partial_branches": 0, "covered_branches": 0, "missing_branches": 4}, "missing_lines": [413, 414, 417, 418, 419, 421, 422, 428, 429, 435, 436], "excluded_lines": [], "executed_branches": [], "missing_branches": [[421, 422], [421, 428], [428, 429], [428, 435]]}, "": {"executed_lines": [1, 5, 6, 7, 8, 9, 11, 12, 17, 18, 19, 20, 21, 23, 24, 27, 28, 145, 146, 156, 157, 166, 167, 177, 178, 189, 190, 200, 201, 222, 223, 295, 296, 311, 312, 323, 324, 335, 336, 350, 351, 378, 379, 406, 407], "summary": {"covered_lines": 44, "num_statements": 44, "percent_covered": 100.0, "percent_covered_display": "100.00", "missing_lines": 0, "excluded_lines": 0, "num_branches": 0, "num_partial_branches": 0, "covered_branches": 0, "missing_branches": 0}, "missing_lines": [], "excluded_lines": [], "executed_branches": [], "missing_branches": []}}, "classes": {"": {"executed_lines": [1, 5, 6, 7, 8, 9, 11, 12, 17, 18, 19, 20, 21, 23, 24, 27, 28, 145, 146, 156, 157, 166, 167, 177, 178, 189, 190, 200, 201, 222, 223, 295, 296, 311, 312, 323, 324, 335, 336, 350, 351, 378, 379, 406, 407], "summary": {"covered_lines": 44, "num_statements": 147, "percent_covered": 24.58100558659218, "percent_covered_display": "24.58", "missing_lines": 103, "excluded_lines": 9, "num_branches": 32, "num_partial_branches": 0, "covered_branches": 0, "missing_branches": 32}, "missing_lines": [35, 38, 39, 42, 43, 44, 46, 47, 49, 58, 61, 62, 63, 73, 74, 75, 76, 85, 87, 88, 89, 103, 104, 110, 111, 113, 114, 115, 116, 117, 152, 153, 162, 163, 173, 174, 185, 186, 196, 197, 207, 208, 210, 211, 216, 231, 232, 234, 235, 238, 239, 240, 241, 242, 254, 257, 259, 260, 262, 263, 265, 266, 278, 279, 280, 281, 283, 284, 286, 288, 304, 305, 319, 320, 331, 332, 343, 344, 345, 346, 347, 358, 361, 362, 367, 369, 387, 389, 390, 396, 397, 398, 413, 414, 417, 418, 419, 421, 422, 428, 429, 435, 436], "excluded_lines": [90, 91, 93, 126, 127, 128, 129, 130, 131], "executed_branches": [], "missing_branches": [[46, 47], [46, 58], [61, 62], [61, 73], [74, 75], [74, 85], [115, 116], [115, 117], [210, 211], [210, 216], [234, 235], [234, 238], [239, 240], [239, 257], [240, 241], [240, 257], [241, 240], [241, 242], [257, 259], [257, 288], [265, 266], [265, 288], [278, 279], [278, 283], [343, 344], [343, 346], [361, 362], [361, 367], [421, 422], [421, 428], [428, 429], [428, 435]]}}}, "app/api/v1/endpoints/auth.py": {"executed_lines": [1, 5, 6, 7, 9, 10, 11, 12, 13, 14, 15, 16, 17, 18, 20, 23, 24, 33, 34, 55, 56, 68, 69, 74, 75, 96, 97, 101, 102, 107, 108, 117, 118, 123, 124, 129, 130, 131, 136, 137, 138, 150, 157, 180, 181, 284, 285, 317, 318, 322, 328, 329, 338, 339, 378, 379, 384, 390, 391, 413, 414, 420, 426, 428, 438, 439, 451, 452, 458, 459, 464, 470, 471, 472, 495, 496, 501, 507, 508, 509, 531, 532, 556, 557], "summary": {"covered_lines": 83, "num_statements": 174, "percent_covered": 44.76190476190476, "percent_covered_display": "44.76", "missing_lines": 91, "excluded_lines": 3, "num_branches": 36, "num_partial_branches": 5, "covered_branches": 11, "missing_branches": 25}, "missing_lines": [29, 30, 39, 40, 43, 60, 61, 71, 80, 81, 84, 110, 140, 151, 167, 169, 171, 172, 174, 177, 204, 205, 211, 212, 214, 222, 223, 226, 227, 230, 231, 232, 233, 236, 241, 242, 248, 249, 254, 255, 258, 261, 263, 264, 266, 267, 268, 271, 290, 291, 296, 297, 298, 301, 306, 307, 323, 331, 344, 345, 350, 351, 353, 367, 385, 393, 402, 421, 441, 465, 474, 484, 502, 511, 520, 537, 538, 543, 544, 546, 563, 564, 569, 570, 571, 572, 574, 575, 581, 585, 586], "excluded_lines": [276, 277, 278], "executed_branches": [[101, 102], [101, 107], [123, 124], [123, 129], [130, 131], [130, 136], [322, 328], [384, 390], [420, 426], [464, 470], [501, 507]], "missing_branches": [[169, 171], [169, 172], [172, 174], [172, 177], [204, 205], [204, 211], [230, 231], [230, 248], [248, 249], [248, 254], [290, 291], [290, 296], [322, 323], [344, 345], [344, 350], [384, 385], [420, 421], [464, 465], [501, 502], [537, 538], [537, 543], [563, 564], [563, 569], [574, 575], [574, 581]], "functions": {"register": {"executed_lines": [], "summary": {"covered_lines": 0, "num_statements": 2, "percent_covered": 0.0, "percent_covered_display": "0.00", "missing_lines": 2, "excluded_lines": 0, "num_branches": 0, "num_partial_branches": 0, "covered_branches": 0, "missing_branches": 0}, "missing_lines": [29, 30], "excluded_lines": [], "executed_branches": [], "missing_branches": []}, "login": {"executed_lines": [], "summary": {"covered_lines": 0, "num_statements": 3, "percent_covered": 0.0, "percent_covered_display": "0.00", "missing_lines": 3, "excluded_lines": 0, "num_branches": 0, "num_partial_branches": 0, "covered_branches": 0, "missing_branches": 0}, "missing_lines": [39, 40, 43], "excluded_lines": [], "executed_branches": [], "missing_branches": []}, "get_current_user_info": {"executed_lines": [], "summary": {"covered_lines": 0, "num_statements": 2, "percent_covered": 0.0, "percent_covered_display": "0.00", "missing_lines": 2, "excluded_lines": 0, "num_branches": 0, "num_partial_branches": 0, "covered_branches": 0, "missing_branches": 0}, "missing_lines": [60, 61], "excluded_lines": [], "executed_branches": [], "missing_branches": []}, "logout": {"executed_lines": [], "summary": {"covered_lines": 0, "num_statements": 1, "percent_covered": 0.0, "percent_covered_display": "0.00", "missing_lines": 1, "excluded_lines": 0, "num_branches": 0, "num_partial_branches": 0, "covered_branches": 0, "missing_branches": 0}, "missing_lines": [71], "excluded_lines": [], "executed_branches": [], "missing_branches": []}, "refresh_token": {"executed_lines": [], "summary": {"covered_lines": 0, "num_statements": 3, "percent_covered": 0.0, "percent_covered_display": "0.00", "missing_lines": 3, "excluded_lines": 0, "num_branches": 0, "num_partial_branches": 0, "covered_branches": 0, "missing_branches": 0}, "missing_lines": [80, 81, 84], "excluded_lines": [], "executed_branches": [], "missing_branches": []}, "get_mock_users": {"executed_lines": [101, 102, 107, 108], "summary": {"covered_lines": 4, "num_statements": 5, "percent_covered": 85.71428571428571, "percent_covered_display": "85.71", "missing_lines": 1, "excluded_lines": 0, "num_branches": 2, "num_partial_branches": 0, "covered_branches": 2, "missing_branches": 0}, "missing_lines": [110], "excluded_lines": [], "executed_branches": [[101, 102], [101, 107]], "missing_branches": []}, "mock_sso_login": {"executed_lines": [123, 124, 129, 130, 131, 136, 137, 138, 150], "summary": {"covered_lines": 9, "num_statements": 11, "percent_covered": 86.66666666666667, "percent_covered_display": "86.67", "missing_lines": 2, "excluded_lines": 0, "num_branches": 4, "num_partial_branches": 0, "covered_branches": 4, "missing_branches": 0}, "missing_lines": [140, 151], "excluded_lines": [], "executed_branches": [[123, 124], [123, 129], [130, 131], [130, 136]], "missing_branches": []}, "get_portal_sso_data": {"executed_lines": [], "summary": {"covered_lines": 0, "num_statements": 6, "percent_covered": 0.0, "percent_covered_display": "0.00", "missing_lines": 6, "excluded_lines": 0, "num_branches": 4, "num_partial_branches": 0, "covered_branches": 0, "missing_branches": 4}, "missing_lines": [167, 169, 171, 172, 174, 177], "excluded_lines": [], "executed_branches": [], "missing_branches": [[169, 171], [169, 172], [172, 174], [172, 177]]}, "portal_sso_verify": {"executed_lines": [], "summary": {"covered_lines": 0, "num_statements": 28, "percent_covered": 0.0, "percent_covered_display": "0.00", "missing_lines": 28, "excluded_lines": 3, "num_branches": 6, "num_partial_branches": 0, "covered_branches": 0, "missing_branches": 6}, "missing_lines": [204, 205, 211, 212, 214, 222, 223, 226, 227, 230, 231, 232, 233, 236, 241, 242, 248, 249, 254, 255, 258, 261, 263, 264, 266, 267, 268, 271], "excluded_lines": [276, 277, 278], "executed_branches": [], "missing_branches": [[204, 205], [204, 211], [230, 231], [230, 248], [248, 249], [248, 254]]}, "portal_sso_verify_get": {"executed_lines": [], "summary": {"covered_lines": 0, "num_statements": 8, "percent_covered": 0.0, "percent_covered_display": "0.00", "missing_lines": 8, "excluded_lines": 0, "num_branches": 2, "num_partial_branches": 0, "covered_branches": 0, "missing_branches": 2}, "missing_lines": [290, 291, 296, 297, 298, 301, 306, 307], "excluded_lines": [], "executed_branches": [], "missing_branches": [[290, 291], [290, 296]]}, "get_all_developers": {"executed_lines": [322, 328, 329], "summary": {"covered_lines": 3, "num_statements": 5, "percent_covered": 57.142857142857146, "percent_covered_display": "57.14", "missing_lines": 2, "excluded_lines": 0, "num_branches": 2, "num_partial_branches": 1, "covered_branches": 1, "missing_branches": 1}, "missing_lines": [323, 331], "excluded_lines": [], "executed_branches": [[322, 328]], "missing_branches": [[322, 323]]}, "get_developer_profiles": {"executed_lines": [], "summary": {"covered_lines": 0, "num_statements": 6, "percent_covered": 0.0, "percent_covered_display": "0.00", "missing_lines": 6, "excluded_lines": 0, "num_branches": 2, "num_partial_branches": 0, "covered_branches": 0, "missing_branches": 2}, "missing_lines": [344, 345, 350, 351, 353, 367], "excluded_lines": [], "executed_branches": [], "missing_branches": [[344, 345], [344, 350]]}, "quick_setup_developer": {"executed_lines": [384, 390, 391], "summary": {"covered_lines": 3, "num_statements": 6, "percent_covered": 50.0, "percent_covered_display": "50.00", "missing_lines": 3, "excluded_lines": 0, "num_branches": 2, "num_partial_branches": 1, "covered_branches": 1, "missing_branches": 1}, "missing_lines": [385, 393, 402], "excluded_lines": [], "executed_branches": [[384, 390]], "missing_branches": [[384, 385]]}, "create_custom_profile": {"executed_lines": [420, 426, 428, 438, 439, 451, 452], "summary": {"covered_lines": 7, "num_statements": 9, "percent_covered": 72.72727272727273, "percent_covered_display": "72.73", "missing_lines": 2, "excluded_lines": 0, "num_branches": 2, "num_partial_branches": 1, "covered_branches": 1, "missing_branches": 1}, "missing_lines": [421, 441], "excluded_lines": [], "executed_branches": [[420, 426]], "missing_branches": [[420, 421]]}, "create_student_suite": {"executed_lines": [464, 470, 471, 472], "summary": {"covered_lines": 4, "num_statements": 7, "percent_covered": 55.55555555555556, "percent_covered_display": "55.56", "missing_lines": 3, "excluded_lines": 0, "num_branches": 2, "num_partial_branches": 1, "covered_branches": 1, "missing_branches": 1}, "missing_lines": [465, 474, 484], "excluded_lines": [], "executed_branches": [[464, 470]], "missing_branches": [[464, 465]]}, "create_staff_suite": {"executed_lines": [501, 507, 508, 509], "summary": {"covered_lines": 4, "num_statements": 7, "percent_covered": 55.55555555555556, "percent_covered_display": "55.56", "missing_lines": 3, "excluded_lines": 0, "num_branches": 2, "num_partial_branches": 1, "covered_branches": 1, "missing_branches": 1}, "missing_lines": [502, 511, 520], "excluded_lines": [], "executed_branches": [[501, 507]], "missing_branches": [[501, 502]]}, "delete_developer_profiles": {"executed_lines": [], "summary": {"covered_lines": 0, "num_statements": 5, "percent_covered": 0.0, "percent_covered_display": "0.00", "missing_lines": 5, "excluded_lines": 0, "num_branches": 2, "num_partial_branches": 0, "covered_branches": 0, "missing_branches": 2}, "missing_lines": [537, 538, 543, 544, 546], "excluded_lines": [], "executed_branches": [], "missing_branches": [[537, 538], [537, 543]]}, "delete_specific_profile": {"executed_lines": [], "summary": {"covered_lines": 0, "num_statements": 11, "percent_covered": 0.0, "percent_covered_display": "0.00", "missing_lines": 11, "excluded_lines": 0, "num_branches": 4, "num_partial_branches": 0, "covered_branches": 0, "missing_branches": 4}, "missing_lines": [563, 564, 569, 570, 571, 572, 574, 575, 581, 585, 586], "excluded_lines": [], "executed_branches": [], "missing_branches": [[563, 564], [563, 569], [574, 575], [574, 581]]}, "": {"executed_lines": [1, 5, 6, 7, 9, 10, 11, 12, 13, 14, 15, 16, 17, 18, 20, 23, 24, 33, 34, 55, 56, 68, 69, 74, 75, 96, 97, 117, 118, 157, 180, 181, 284, 285, 317, 318, 338, 339, 378, 379, 413, 414, 458, 459, 495, 496, 531, 532, 556, 557], "summary": {"covered_lines": 49, "num_statements": 49, "percent_covered": 100.0, "percent_covered_display": "100.00", "missing_lines": 0, "excluded_lines": 0, "num_branches": 0, "num_partial_branches": 0, "covered_branches": 0, "missing_branches": 0}, "missing_lines": [], "excluded_lines": [], "executed_branches": [], "missing_branches": []}}, "classes": {"": {"executed_lines": [1, 5, 6, 7, 9, 10, 11, 12, 13, 14, 15, 16, 17, 18, 20, 23, 24, 33, 34, 55, 56, 68, 69, 74, 75, 96, 97, 101, 102, 107, 108, 117, 118, 123, 124, 129, 130, 131, 136, 137, 138, 150, 157, 180, 181, 284, 285, 317, 318, 322, 328, 329, 338, 339, 378, 379, 384, 390, 391, 413, 414, 420, 426, 428, 438, 439, 451, 452, 458, 459, 4
[...]
5, 86], [85, 88], [96, 97], [96, 107], [98, 99], [98, 100], [100, 101], [100, 104], [132, 133], [132, 136], [153, 154], [153, 156], [164, 165], [164, 175], [166, 167], [166, 168], [168, 169], [168, 172], [202, 203], [202, 205], [207, 208], [207, 211], [262, 263], [262, 264], [264, 265], [264, 267], [306, 307], [306, 312], [307, 308], [307, 310], [324, 325], [324, 328]]}, "": {"executed_lines": [1, 6, 7, 8, 9, 10, 11, 12, 13, 14, 16, 18, 19, 21, 44, 56, 120, 188, 250, 269, 287, 314, 335], "summary": {"covered_lines": 21, "num_statements": 21, "percent_covered": 100.0, "percent_covered_display": "100.00", "missing_lines": 0, "excluded_lines": 0, "num_branches": 0, "num_partial_branches": 0, "covered_branches": 0, "missing_branches": 0}, "missing_lines": [], "excluded_lines": [], "executed_branches": [], "missing_branches": []}}}, "app/services/system_setting_service.py": {"executed_lines": [1, 2, 3, 4, 5, 7, 8, 9, 14, 15, 31, 32, 38, 39, 40, 45, 46, 68, 69], "summary": {"covered_lines": 19, "num_statements": 54, "percent_covered": 30.64516129032258, "percent_covered_display": "30.65", "missing_lines": 35, "excluded_lines": 0, "num_branches": 8, "num_partial_branches": 0, "covered_branches": 0, "missing_branches": 8}, "missing_lines": [10, 11, 12, 16, 17, 18, 19, 21, 26, 27, 28, 29, 33, 34, 35, 36, 41, 42, 43, 47, 48, 49, 50, 51, 52, 53, 55, 63, 64, 65, 66, 70, 71, 72, 73], "excluded_lines": [], "executed_branches": [], "missing_branches": [[17, 18], [17, 21], [34, 35], [34, 36], [48, 49], [48, 55], [71, 72], [71, 73]], "functions": {"SystemSettingService.get_setting": {"executed_lines": [], "summary": {"covered_lines": 0, "num_statements": 3, "percent_covered": 0.0, "percent_covered_display": "0.00", "missing_lines": 3, "excluded_lines": 0, "num_branches": 0, "num_partial_branches": 0, "covered_branches": 0, "missing_branches": 0}, "missing_lines": [10, 11, 12], "excluded_lines": [], "executed_branches": [], "missing_branches": []}, "SystemSettingService.set_setting": {"executed_lines": [], "summary": {"covered_lines": 0, "num_statements": 9, "percent_covered": 0.0, "percent_covered_display": "0.00", "missing_lines": 9, "excluded_lines": 0, "num_branches": 2, "num_partial_branches": 0, "covered_branches": 0, "missing_branches": 2}, "missing_lines": [16, 17, 18, 19, 21, 26, 27, 28, 29], "excluded_lines": [], "executed_branches": [], "missing_branches": [[17, 18], [17, 21]]}, "SystemSettingService.get_or_create_setting": {"executed_lines": [], "summary": {"covered_lines": 0, "num_statements": 4, "percent_covered": 0.0, "percent_covered_display": "0.00", "missing_lines": 4, "excluded_lines": 0, "num_branches": 2, "num_partial_branches": 0, "covered_branches": 0, "missing_branches": 2}, "missing_lines": [33, 34, 35, 36], "excluded_lines": [], "executed_branches": [], "missing_branches": [[34, 35], [34, 36]]}, "EmailTemplateService.get_template": {"executed_lines": [], "summary": {"covered_lines": 0, "num_statements": 3, "percent_covered": 0.0, "percent_covered_display": "0.00", "missing_lines": 3, "excluded_lines": 0, "num_branches": 0, "num_partial_branches": 0, "covered_branches": 0, "missing_branches": 0}, "missing_lines": [41, 42, 43], "excluded_lines": [], "executed_branches": [], "missing_branches": []}, "EmailTemplateService.set_template": {"executed_lines": [], "summary": {"covered_lines": 0, "num_statements": 12, "percent_covered": 0.0, "percent_covered_display": "0.00", "missing_lines": 12, "excluded_lines": 0, "num_branches": 2, "num_partial_branches": 0, "covered_branches": 0, "missing_branches": 2}, "missing_lines": [47, 48, 49, 50, 51, 52, 53, 55, 63, 64, 65, 66], "excluded_lines": [], "executed_branches": [], "missing_branches": [[48, 49], [48, 55]]}, "EmailTemplateService.get_or_create_template": {"executed_lines": [], "summary": {"covered_lines": 0, "num_statements": 4, "percent_covered": 0.0, "percent_covered_display": "0.00", "missing_lines": 4, "excluded_lines": 0, "num_branches": 2, "num_partial_branches": 0, "covered_branches": 0, "missing_branches": 2}, "missing_lines": [70, 71, 72, 73], "excluded_lines": [], "executed_branches": [], "missing_branches": [[71, 72], [71, 73]]}, "": {"executed_lines": [1, 2, 3, 4, 5, 7, 8, 9, 14, 15, 31, 32, 38, 39, 40, 45, 46, 68, 69], "summary": {"covered_lines": 19, "num_statements": 19, "percent_covered": 100.0, "percent_covered_display": "100.00", "missing_lines": 0, "excluded_lines": 0, "num_branches": 0, "num_partial_branches": 0, "covered_branches": 0, "missing_branches": 0}, "missing_lines": [], "excluded_lines": [], "executed_branches": [], "missing_branches": []}}, "classes": {"SystemSettingService": {"executed_lines": [], "summary": {"covered_lines": 0, "num_statements": 16, "percent_covered": 0.0, "percent_covered_display": "0.00", "missing_lines": 16, "excluded_lines": 0, "num_branches": 4, "num_partial_branches": 0, "covered_branches": 0, "missing_branches": 4}, "missing_lines": [10, 11, 12, 16, 17, 18, 19, 21, 26, 27, 28, 29, 33, 34, 35, 36], "excluded_lines": [], "executed_branches": [], "missing_branches": [[17, 18], [17, 21], [34, 35], [34, 36]]}, "EmailTemplateService": {"executed_lines": [], "summary": {"covered_lines": 0, "num_statements": 19, "percent_covered": 0.0, "percent_covered_display": "0.00", "missing_lines": 19, "excluded_lines": 0, "num_branches": 4, "num_partial_branches": 0, "covered_branches": 0, "missing_branches": 4}, "missing_lines": [41, 42, 43, 47, 48, 49, 50, 51, 52, 53, 55, 63, 64, 65, 66, 70, 71, 72, 73], "excluded_lines": [], "executed_branches": [], "missing_branches": [[48, 49], [48, 55], [71, 72], [71, 73]]}, "": {"executed_lines": [1, 2, 3, 4, 5, 7, 8, 9, 14, 15, 31, 32, 38, 39, 40, 45, 46, 68, 69], "summary": {"covered_lines": 19, "num_statements": 19, "percent_covered": 100.0, "percent_covered_display": "100.00", "missing_lines": 0, "excluded_lines": 0, "num_branches": 0, "num_partial_branches": 0, "covered_branches": 0, "missing_branches": 0}, "missing_lines": [], "excluded_lines": [], "executed_branches": [], "missing_branches": []}}}, "app/services/user_profile_service.py": {"executed_lines": [1, 5, 6, 7, 8, 9, 10, 11, 12, 13, 15, 16, 17, 21, 22, 25, 26, 29, 30, 31, 32, 33, 39, 43, 49, 90, 126, 179, 279, 395, 426, 489, 504, 523, 547, 589], "summary": {"covered_lines": 34, "num_statements": 240, "percent_covered": 10.828025477707007, "percent_covered_display": "10.83", "missing_lines": 206, "excluded_lines": 22, "num_branches": 74, "num_partial_branches": 0, "covered_branches": 0, "missing_branches": 74}, "missing_lines": [40, 41, 45, 46, 47, 52, 55, 56, 57, 58, 59, 60, 61, 64, 80, 81, 82, 84, 99, 100, 101, 104, 109, 110, 111, 114, 124, 136, 137, 139, 140, 149, 151, 153, 154, 155, 158, 159, 169, 172, 174, 175, 177, 185, 187, 188, 191, 192, 195, 196, 201, 202, 205, 206, 207, 208, 209, 211, 212, 215, 216, 217, 220, 221, 223, 224, 225, 228, 229, 232, 234, 237, 246, 252, 253, 254, 255, 258, 259, 260, 261, 263, 266, 274, 286, 288, 289, 292, 297, 298, 301, 302, 305, 306, 311, 312, 315, 316, 317, 327, 328, 331, 332, 333, 334, 337, 340, 341, 342, 343, 344, 347, 348, 351, 352, 354, 355, 358, 361, 362, 364, 365, 368, 369, 370, 372, 375, 376, 377, 378, 379, 382, 390, 397, 398, 399, 402, 403, 404, 405, 406, 409, 410, 411, 413, 416, 424, 443, 445, 446, 447, 448, 450, 453, 455, 456, 461, 463, 469, 470, 471, 477, 478, 479, 480, 495, 501, 502, 507, 510, 515, 519, 521, 534, 544, 549, 555, 556, 558, 559, 560, 561, 562, 564, 565, 567, 568, 569, 570, 571, 572, 573, 574, 576, 577, 587, 595, 596, 598, 599, 601, 602, 604, 605, 608, 616], "excluded_lines": [197, 198, 248, 249, 276, 277, 307, 308, 318, 320, 321, 322, 323, 324, 325, 392, 393, 482, 484, 485, 486, 487], "executed_branches": [], "missing_branches": [[56, 57], [56, 64], [81, 82], [81, 84], [100, 101], [100, 104], [137, 139], [137, 149], [153, 154], [153, 172], [154, 153], [154, 155], [158, 159], [158, 169], [191, 192], [191, 195], [201, 202], [201, 205], [216, 217], [216, 220], [220, 221], [220, 228], [253, 254], [253, 258], [288, 289], [288, 292], [301, 302], [301, 305], [311, 312], [311, 315], [327, 328], [327, 331], [331, 332], [331, 337], [333, 334], [333, 337], [341, 342], [341, 347], [343, 344], [343, 347], [347, 348], [347, 351], [362, 364], [362, 368], [375, 376], [375, 382], [378, 379], [378, 382], [398, 399], [398, 402], [402, 403], [402, 409], [405, 406], [405, 409], [443, 445], [443, 450], [469, 470], [469, 477], [559, 560], [559, 587], [560, 561], [560, 564], [567, 568], [567, 569], [569, 570], [569, 571], [571, 572], [571, 573], [573, 574], [573, 576], [576, 559], [576, 577], [596, 598], [596, 601]], "functions": {"UserProfileService.__init__": {"executed_lines": [], "summary": {"covered_lines": 0, "num_statements": 2, "percent_covered": 0.0, "percent_covered_display": "0.00", "missing_lines": 2, "excluded_lines": 0, "num_branches": 0, "num_partial_branches": 0, "covered_branches": 0, "missing_branches": 0}, "missing_lines": [40, 41], "excluded_lines": [], "executed_branches": [], "missing_branches": []}, "UserProfileService.get_user_profile": {"executed_lines": [], "summary": {"covered_lines": 0, "num_statements": 3, "percent_covered": 0.0, "percent_covered_display": "0.00", "missing_lines": 3, "excluded_lines": 0, "num_branches": 0, "num_partial_branches": 0, "covered_branches": 0, "missing_branches": 0}, "missing_lines": [45, 46, 47], "excluded_lines": [], "executed_branches": [], "missing_branches": []}, "UserProfileService.get_complete_user_profile": {"executed_lines": [], "summary": {"covered_lines": 0, "num_statements": 13, "percent_covered": 0.0, "percent_covered_display": "0.00", "missing_lines": 13, "excluded_lines": 0, "num_branches": 4, "num_partial_branches": 0, "covered_branches": 0, "missing_branches": 4}, "missing_lines": [52, 55, 56, 57, 58, 59, 60, 61, 64, 80, 81, 82, 84], "excluded_lines": [], "executed_branches": [], "missing_branches": [[56, 57], [56, 64], [81, 82], [81, 84]]}, "UserProfileService.create_user_profile": {"executed_lines": [], "summary": {"covered_lines": 0, "num_statements": 9, "percent_covered": 0.0, "percent_covered_display": "0.00", "missing_lines": 9, "excluded_lines": 0, "num_branches": 2, "num_partial_branches": 0, "covered_branches": 0, "missing_branches": 2}, "missing_lines": [99, 100, 101, 104, 109, 110, 111, 114, 124], "excluded_lines": [], "executed_branches": [], "missing_branches": [[100, 101], [100, 104]]}, "UserProfileService.update_user_profile": {"executed_lines": [], "summary": {"covered_lines": 0, "num_statements": 16, "percent_covered": 0.0, "percent_covered_display": "0.00", "missing_lines": 16, "excluded_lines": 0, "num_branches": 8, "num_partial_branches": 0, "covered_branches": 0, "missing_branches": 8}, "missing_lines": [136, 137, 139, 140, 149, 151, 153, 154, 155, 158, 159, 169, 172, 174, 175, 177], "excluded_lines": [], "executed_branches": [], "missing_branches": [[137, 139], [137, 149], [153, 154], [153, 172], [154, 153], [154, 155], [158, 159], [158, 169]]}, "UserProfileService.upload_bank_document_to_minio": {"executed_lines": [], "summary": {"covered_lines": 0, "num_statements": 41, "percent_covered": 0.0, "percent_covered_display": "0.00", "missing_lines": 41, "excluded_lines": 6, "num_branches": 10, "num_partial_branches": 0, "covered_branches": 0, "missing_branches": 10}, "missing_lines": [185, 187, 188, 191, 192, 195, 196, 201, 202, 205, 206, 207, 208, 209, 211, 212, 215, 216, 217, 220, 221, 223, 224, 225, 228, 229, 232, 234, 237, 246, 252, 253, 254, 255, 258, 259, 260, 261, 263, 266, 274], "excluded_lines": [197, 198, 248, 249, 276, 277], "executed_branches": [], "missing_branches": [[191, 192], [191, 195], [201, 202], [201, 205], [216, 217], [216, 220], [220, 221], [220, 228], [253, 254], [253, 258]]}, "UserProfileService.upload_bank_document": {"executed_lines": [], "summary": {"covered_lines": 0, "num_statements": 49, "percent_covered": 0.0, "percent_covered_display": "0.00", "missing_lines": 49, "excluded_lines": 11, "num_branches": 24, "num_partial_branches": 0, "covered_branches": 0, "missing_branches": 24}, "missing_lines": [286, 288, 289, 292, 297, 298, 301, 302, 305, 306, 311, 312, 315, 316, 317, 327, 328, 331, 332, 333, 334, 337, 340, 341, 342, 343, 344, 347, 348, 351, 352, 354, 355, 358, 361, 362, 364, 365, 368, 369, 370, 372, 375, 376, 377, 378, 379, 382, 390], "excluded_lines": [307, 308, 318, 320, 321, 322, 323, 324, 325, 392, 393], "executed_branches": [], "missing_branches": [[288, 289], [288, 292], [301, 302], [301, 305], [311, 312], [311, 315], [327, 328], [327, 331], [331, 332], [331, 337], [333, 334], [333, 337], [341, 342], [341, 347], [343, 344], [343, 347], [347, 348], [347, 351], [362, 364], [362, 368], [375, 376], [375, 382], [378, 379], [378, 382]]}, "UserProfileService.delete_bank_document": {"executed_lines": [], "summary": {"covered_lines": 0, "num_statements": 14, "percent_covered": 0.0, "percent_covered_display": "0.00", "missing_lines": 14, "excluded_lines": 0, "num_branches": 6, "num_partial_branches": 0, "covered_branches": 0, "missing_branches": 6}, "missing_lines": [397, 398, 399, 402, 403, 404, 405, 406, 409, 410, 411, 413, 416, 424], "excluded_lines": [], "executed_branches": [], "missing_branches": [[398, 399], [398, 402], [402, 403], [402, 409], [405, 406], [405, 409]]}, "UserProfileService._scan_for_virus": {"executed_lines": [], "summary": {"covered_lines": 0, "num_statements": 18, "percent_covered": 0.0, "percent_covered_display": "0.00", "missing_lines": 18, "excluded_lines": 5, "num_branches": 4, "num_partial_branches": 0, "covered_branches": 0, "missing_branches": 4}, "missing_lines": [443, 445, 446, 447, 448, 450, 453, 455, 456, 461, 463, 469, 470, 471, 477, 478, 479, 480], "excluded_lines": [482, 484, 485, 486, 487], "executed_branches": [], "missing_branches": [[443, 445], [443, 450], [469, 470], [469, 477]]}, "UserProfileService.get_profile_history": {"executed_lines": [], "summary": {"covered_lines": 0, "num_statements": 3, "percent_covered": 0.0, "percent_covered_display": "0.00", "missing_lines": 3, "excluded_lines": 0, "num_branches": 0, "num_partial_branches": 0, "covered_branches": 0, "missing_branches": 0}, "missing_lines": [495, 501, 502], "excluded_lines": [], "executed_branches": [], "missing_branches": []}, "UserProfileService.delete_user_profile": {"executed_lines": [], "summary": {"covered_lines": 0, "num_statements": 5, "percent_covered": 0.0, "percent_covered_display": "0.00", "missing_lines": 5, "excluded_lines": 0, "num_branches": 0, "num_partial_branches": 0, "covered_branches": 0, "missing_branches": 0}, "missing_lines": [507, 510, 515, 519, 521], "excluded_lines": [], "executed_branches": [], "missing_branches": []}, "UserProfileService._log_profile_change": {"executed_lines": [], "summary": {"covered_lines": 0, "num_statements": 2, "percent_covered": 0.0, "percent_covered_display": "0.00", "missing_lines": 2, "excluded_lines": 0, "num_branches": 0, "num_partial_branches": 0, "covered_branches": 0, "missing_branches": 0}, "missing_lines": [534, 544], "excluded_lines": [], "executed_branches": [], "missing_branches": []}, "UserProfileService.get_users_with_incomplete_profiles": {"executed_lines": [], "summary": {"covered_lines": 0, "num_statements": 21, "percent_covered": 0.0, "percent_covered_display": "0.00", "missing_lines": 21, "excluded_lines": 0, "num_branches": 14, "num_partial_branches": 0, "covered_branches": 0, "missing_branches": 14}, "missing_lines": [549, 555, 556, 558, 559, 560, 561, 562, 564, 565, 567, 568, 569, 570, 571, 572, 573, 574, 576, 577, 587], "excluded_lines": [], "executed_branches": [], "missing_branches": [[559, 560], [559, 587], [560, 561], [560, 564], [567, 568], [567, 569], [569, 570], [569, 571], [571, 572], [571, 573], [573, 574], [573, 576], [576, 559], [576, 577]]}, "UserProfileService.bulk_update_privacy_settings": {"executed_lines": [], "summary": {"covered_lines": 0, "num_statements": 10, "percent_covered": 0.0, "percent_covered_display": "0.00", "missing_lines": 10, "excluded_lines": 0, "num_branches": 2, "num_partial_branches": 0, "covered_branches": 0, "missing_branches": 2}, "missing_lines": [595, 596, 598, 599, 601, 602, 604, 605, 608, 616], "excluded_lines": [], "executed_branches": [], "missing_branches": [[596, 598], [596, 601]]}, "": {"executed_lines": [1, 5, 6, 7, 8, 9, 10, 11, 12, 13, 15, 16, 17, 21, 22, 25, 26, 29, 30, 31, 32, 33, 39, 43, 49, 90, 126, 179, 279, 395, 426, 489, 504, 523, 547, 589], "summary": {"covered_lines": 34, "num_statements": 34, "percent_covered": 100.0, "percent_covered_display": "100.00", "missing_lines": 0, "excluded_lines": 0, "num_branches": 0, "num_partial_branches": 0, "covered_branches": 0, "missing_branches": 0}, "missing_lines": [], "excluded_lines": [], "executed_branches": [], "missing_branches": []}}, "classes": {"UserProfileService": {"executed_lines": [], "summary": {"covered_lines": 0, "num_statements": 206, "percent_covered": 0.0, "percent_covered_display": "0.00", "missing_lines": 206, "excluded_lines": 22, "num_branches": 74, "num_partial_branches": 0, "covered_branches": 0, "missing_branches": 74}, "missing_lines": [40, 41, 45, 46, 47, 52, 55, 56, 57, 58, 59, 60, 61, 64, 80, 81, 82, 84, 99, 100, 101, 104, 109, 110, 111, 114, 124, 136, 137, 139, 140, 149, 151, 153, 154, 155, 158, 159, 169, 172, 174, 175, 177, 185, 187, 188, 191, 192, 195, 196, 201, 202, 205, 206, 207, 208, 209, 211, 212, 215, 216, 217, 220, 221, 223, 224, 225, 228, 229, 232, 234, 237, 246, 252, 253, 254, 255, 258, 259, 260, 261, 263, 266, 274, 286, 288, 289, 292, 297, 298, 301, 302, 305, 306, 311, 312, 315, 316, 317, 327, 328, 331, 332, 333, 334, 337, 340, 341, 342, 343, 344, 347, 348, 351, 352, 354, 355, 358, 361, 362, 364, 365, 368, 369, 370, 372, 375, 376, 377, 378, 379, 382, 390, 397, 398, 399, 402, 403, 404, 405, 406, 409, 410, 411, 413, 416, 424, 443, 445, 446, 447, 448, 450, 453, 455, 456, 461, 463, 469, 470, 471, 477, 478, 479, 480, 495, 501, 502, 507, 510, 515, 519, 521, 534, 544, 549, 555, 556, 558, 559, 560, 561, 562, 564, 565, 567, 568, 569, 570, 571, 572, 573, 574, 576, 577, 587, 595, 596, 598, 599, 601, 602, 604, 605, 608, 616], "excluded_lines": [197, 198, 248, 249, 276, 277, 307, 308, 318, 320, 321, 322, 323, 324, 325, 392, 393, 482, 484, 485, 486, 487], "executed_branches": [], "missing_branches": [[56, 57], [56, 64], [81, 82], [81, 84], [100, 101], [100, 104], [137, 139], [137, 149], [153, 154], [153, 172], [154, 153], [154, 155], [158, 159], [158, 169], [191, 192], [191, 195], [201, 202], [201, 205], [216, 217], [216, 220], [220, 221], [220, 228], [253, 254], [253, 258], [288, 289], [288, 292], [301, 302], [301, 305], [311, 312], [311, 315], [327, 328], [327, 331], [331, 332], [331, 337], [333, 334], [333, 337], [341, 342], [341, 347], [343, 344], [343, 347], [347, 348], [347, 351], [362, 364], [362, 368], [375, 376], [375, 382], [378, 379], [378, 382], [398, 399], [398, 402], [402, 403], [402, 409], [405, 406], [405, 409], [443, 445], [443, 450], [469, 470], [469, 477], [559, 560], [559, 587], [560, 561], [560, 564], [567, 568], [567, 569], [569, 570], [569, 571], [571, 572], [571, 573], [573, 574], [573, 576], [576, 559], [576, 577], [596, 598], [596, 601]]}, "": {"executed_lines": [1, 5, 6, 7, 8, 9, 10, 11, 12, 13, 15, 16, 17, 21, 22, 25, 26, 29, 30, 31, 32, 33, 39, 43, 49, 90, 126, 179, 279, 395, 426, 489, 504, 523, 547, 589], "summary": {"covered_lines": 34, "num_statements": 34, "percent_covered": 100.0, "percent_covered_display": "100.00", "missing_lines": 0, "excluded_lines": 0, "num_branches": 0, "num_partial_branches": 0, "covered_branches": 0, "missing_branches": 0}, "missing_lines": [], "excluded_lines": [], "executed_branches": [], "missing_branches": []}}}}, "totals": {"covered_lines": 4207, "num_statements": 13255, "percent_covered": 25.776598880047157, "percent_covered_display": "25.78", "missing_lines": 9048, "excluded_lines": 575, "num_branches": 3710, "num_partial_branches": 72, "covered_branches": 166, "missing_branches": 3544}}